              :-) GROMACS - gmx mdrun, 2020.1-Ubuntu-2020.1-1 (-:

                            GROMACS is written by:
     Emile Apol      Rossen Apostolov      Paul Bauer     Herman J.C. Berendsen
    Par Bjelkmar      Christian Blau   Viacheslav Bolnykh     Kevin Boyd    
 Aldert van Buuren   Rudi van Drunen     Anton Feenstra       Alan Gray     
  Gerrit Groenhof     Anca Hamuraru    Vincent Hindriksen  M. Eric Irrgang  
  Aleksei Iupinov   Christoph Junghans     Joe Jordan     Dimitrios Karkoulis
    Peter Kasson        Jiri Kraus      Carsten Kutzner      Per Larsson    
  Justin A. Lemkul    Viveca Lindahl    Magnus Lundborg     Erik Marklund   
    Pascal Merz     Pieter Meulenhoff    Teemu Murtola       Szilard Pall   
    Sander Pronk      Roland Schulz      Michael Shirts    Alexey Shvetsov  
   Alfons Sijbers     Peter Tieleman      Jon Vincent      Teemu Virolainen 
 Christian Wennberg    Maarten Wolf      Artem Zhmurov   
                           and the project leaders:
        Mark Abraham, Berk Hess, Erik Lindahl, and David van der Spoel

Copyright (c) 1991-2000, University of Groningen, The Netherlands.
Copyright (c) 2001-2019, The GROMACS development team at
Uppsala University, Stockholm University and
the Royal Institute of Technology, Sweden.
check out http://www.gromacs.org for more information.

GROMACS is free software; you can redistribute it and/or modify it
under the terms of the GNU Lesser General Public License
as published by the Free Software Foundation; either version 2.1
of the License, or (at your option) any later version.

GROMACS:      gmx mdrun, version 2020.1-Ubuntu-2020.1-1
Executable:   /usr/bin/gmx
Data prefix:  /usr
Working dir:  /content
Process ID:   53055
Command line:
  gmx mdrun -s /content/sandrozzona-multiscala/tat_4_acqua/MD/tau05/md05.tpr -deffnm /content/sandrozzona-multiscala/tat_4_acqua/MD/tau05/md05 -v -nt 12

GROMACS version:    2020.1-Ubuntu-2020.1-1
Precision:          single
Memory model:       64 bit
MPI library:        thread_mpi
OpenMP support:     enabled (GMX_OPENMP_MAX_THREADS = 64)
GPU support:        disabled
SIMD instructions:  SSE2
FFT library:        fftw-3.3.8-sse2-avx
RDTSCP usage:       disabled
TNG support:        enabled
Hwloc support:      hwloc-2.1.0
Tracing support:    disabled
C compiler:         /usr/bin/cc GNU 9.3.0
C compiler flags:   -msse2 -fexcess-precision=fast -funroll-all-loops
C++ compiler:       /usr/bin/c++ GNU 9.3.0
C++ compiler flags: -msse2 -fexcess-precision=fast -funroll-all-loops -fopenmp


Running on 1 node with total 1 cores, 2 logical cores
Hardware detected:
  CPU info:
    Vendor: Intel
    Brand:  Intel(R) Xeon(R) CPU @ 2.20GHz
    Family: 6   Model: 79   Stepping: 0
    Features: aes apic avx avx2 clfsh cmov cx8 cx16 f16c fma hle htt intel lahf mmx msr nonstop_tsc pcid pclmuldq pdpe1gb popcnt pse rdrnd rdtscp rtm sse2 sse3 sse4.1 sse4.2 ssse3 x2apic
  Hardware topology: Full, with devices
    Sockets, cores, and logical processors:
      Socket  0: [   0   1]
    Numa nodes:
      Node  0 (13616324608 bytes mem):   0   1
      Latency:
               0
         0  1.00
    Caches:
      L1: 32768 bytes, linesize 64 bytes, assoc. 8, shared 2 ways
      L2: 262144 bytes, linesize 64 bytes, assoc. 8, shared 2 ways
      L3: 57671680 bytes, linesize 64 bytes, assoc. 20, shared 2 ways
    PCI devices:
      0000:00:04.0  Id: 1af4:1000  Class: 0x0200  Numa: 0

Highest SIMD level requested by all nodes in run: AVX2_256
SIMD instructions selected at compile time:       SSE2
This program was compiled for different hardware than you are running on,
which could influence performance.
The current CPU can measure timings more accurately than the code in
gmx mdrun was configured to use. This might affect your simulation
speed as accurate timings are needed for load-balancing.
Please consider rebuilding gmx mdrun with the GMX_USE_RDTSCP=ON CMake option.

++++ PLEASE READ AND CITE THE FOLLOWING REFERENCE ++++
M. J. Abraham, T. Murtola, R. Schulz, S. Páll, J. C. Smith, B. Hess, E.
Lindahl
GROMACS: High performance molecular simulations through multi-level
parallelism from laptops to supercomputers
SoftwareX 1 (2015) pp. 19-25
-------- -------- --- Thank You --- -------- --------


++++ PLEASE READ AND CITE THE FOLLOWING REFERENCE ++++
S. Páll, M. J. Abraham, C. Kutzner, B. Hess, E. Lindahl
Tackling Exascale Software Challenges in Molecular Dynamics Simulations with
GROMACS
In S. Markidis & E. Laure (Eds.), Solving Software Challenges for Exascale 8759 (2015) pp. 3-27
-------- -------- --- Thank You --- -------- --------


++++ PLEASE READ AND CITE THE FOLLOWING REFERENCE ++++
S. Pronk, S. Páll, R. Schulz, P. Larsson, P. Bjelkmar, R. Apostolov, M. R.
Shirts, J. C. Smith, P. M. Kasson, D. van der Spoel, B. Hess, and E. Lindahl
GROMACS 4.5: a high-throughput and highly parallel open source molecular
simulation toolkit
Bioinformatics 29 (2013) pp. 845-54
-------- -------- --- Thank You --- -------- --------


++++ PLEASE READ AND CITE THE FOLLOWING REFERENCE ++++
B. Hess and C. Kutzner and D. van der Spoel and E. Lindahl
GROMACS 4: Algorithms for highly efficient, load-balanced, and scalable
molecular simulation
J. Chem. Theory Comput. 4 (2008) pp. 435-447
-------- -------- --- Thank You --- -------- --------


++++ PLEASE READ AND CITE THE FOLLOWING REFERENCE ++++
D. van der Spoel, E. Lindahl, B. Hess, G. Groenhof, A. E. Mark and H. J. C.
Berendsen
GROMACS: Fast, Flexible and Free
J. Comp. Chem. 26 (2005) pp. 1701-1719
-------- -------- --- Thank You --- -------- --------


++++ PLEASE READ AND CITE THE FOLLOWING REFERENCE ++++
E. Lindahl and B. Hess and D. van der Spoel
GROMACS 3.0: A package for molecular simulation and trajectory analysis
J. Mol. Mod. 7 (2001) pp. 306-317
-------- -------- --- Thank You --- -------- --------


++++ PLEASE READ AND CITE THE FOLLOWING REFERENCE ++++
H. J. C. Berendsen, D. van der Spoel and R. van Drunen
GROMACS: A message-passing parallel molecular dynamics implementation
Comp. Phys. Comm. 91 (1995) pp. 43-56
-------- -------- --- Thank You --- -------- --------

Input Parameters:
   integrator                     = md
   tinit                          = 0
   dt                             = 0.004
   nsteps                         = 5000
   init-step                      = 0
   simulation-part                = 1
   comm-mode                      = Angular
   nstcomm                        = 100
   bd-fric                        = 0
   ld-seed                        = 871043103
   emtol                          = 10
   emstep                         = 0.01
   niter                          = 20
   fcstep                         = 0
   nstcgsteep                     = 1000
   nbfgscorr                      = 10
   rtpi                           = 0.05
   nstxout                        = 5
   nstvout                        = 5
   nstfout                        = 0
   nstlog                         = 50
   nstcalcenergy                  = 5
   nstenergy                      = 5
   nstxout-compressed             = 0
   compressed-x-precision         = 1000
   cutoff-scheme                  = Verlet
   nstlist                        = 10
   pbc                            = xyz
   periodic-molecules             = false
   verlet-buffer-tolerance        = 0.005
   rlist                          = 1.214
   coulombtype                    = Cut-off
   coulomb-modifier               = Potential-shift
   rcoulomb-switch                = 0
   rcoulomb                       = 1
   epsilon-r                      = 1
   epsilon-rf                     = inf
   vdw-type                       = Cut-off
   vdw-modifier                   = Potential-shift
   rvdw-switch                    = 0
   rvdw                           = 1
   DispCorr                       = No
   table-extension                = 1
   fourierspacing                 = 0.12
   fourier-nx                     = 0
   fourier-ny                     = 0
   fourier-nz                     = 0
   pme-order                      = 4
   ewald-rtol                     = 1e-05
   ewald-rtol-lj                  = 0.001
   lj-pme-comb-rule               = Geometric
   ewald-geometry                 = 0
   epsilon-surface                = 0
   tcoupl                         = V-rescale
   nsttcouple                     = 10
   nh-chain-length                = 0
   print-nose-hoover-chain-variables = false
   pcoupl                         = No
   pcoupltype                     = Isotropic
   nstpcouple                     = -1
   tau-p                          = 1
   compressibility (3x3):
      compressibility[    0]={ 0.00000e+00,  0.00000e+00,  0.00000e+00}
      compressibility[    1]={ 0.00000e+00,  0.00000e+00,  0.00000e+00}
      compressibility[    2]={ 0.00000e+00,  0.00000e+00,  0.00000e+00}
   ref-p (3x3):
      ref-p[    0]={ 0.00000e+00,  0.00000e+00,  0.00000e+00}
      ref-p[    1]={ 0.00000e+00,  0.00000e+00,  0.00000e+00}
      ref-p[    2]={ 0.00000e+00,  0.00000e+00,  0.00000e+00}
   refcoord-scaling               = No
   posres-com (3):
      posres-com[0]= 0.00000e+00
      posres-com[1]= 0.00000e+00
      posres-com[2]= 0.00000e+00
   posres-comB (3):
      posres-comB[0]= 0.00000e+00
      posres-comB[1]= 0.00000e+00
      posres-comB[2]= 0.00000e+00
   QMMM                           = false
   QMconstraints                  = 0
   QMMMscheme                     = 0
   MMChargeScaleFactor            = 1
qm-opts:
   ngQM                           = 0
   constraint-algorithm           = Lincs
   continuation                   = false
   Shake-SOR                      = false
   shake-tol                      = 0.0001
   lincs-order                    = 4
   lincs-iter                     = 1
   lincs-warnangle                = 30
   nwall                          = 0
   wall-type                      = 9-3
   wall-r-linpot                  = -1
   wall-atomtype[0]               = -1
   wall-atomtype[1]               = -1
   wall-density[0]                = 0
   wall-density[1]                = 0
   wall-ewald-zfac                = 3
   pull                           = false
   awh                            = false
   rotation                       = false
   interactiveMD                  = false
   disre                          = No
   disre-weighting                = Conservative
   disre-mixed                    = false
   dr-fc                          = 1000
   dr-tau                         = 0
   nstdisreout                    = 100
   orire-fc                       = 0
   orire-tau                      = 0
   nstorireout                    = 100
   free-energy                    = no
   cos-acceleration               = 0
   deform (3x3):
      deform[    0]={ 0.00000e+00,  0.00000e+00,  0.00000e+00}
      deform[    1]={ 0.00000e+00,  0.00000e+00,  0.00000e+00}
      deform[    2]={ 0.00000e+00,  0.00000e+00,  0.00000e+00}
   simulated-tempering            = false
   swapcoords                     = no
   userint1                       = 0
   userint2                       = 0
   userint3                       = 0
   userint4                       = 0
   userreal1                      = 0
   userreal2                      = 0
   userreal3                      = 0
   userreal4                      = 0
   applied-forces:
     electric-field:
       x:
         E0                       = 0
         omega                    = 0
         t0                       = 0
         sigma                    = 0
       y:
         E0                       = 0
         omega                    = 0
         t0                       = 0
         sigma                    = 0
       z:
         E0                       = 0
         omega                    = 0
         t0                       = 0
         sigma                    = 0
     density-guided-simulation:
       active                     = false
       group                      = protein
       similarity-measure         = inner-product
       atom-spreading-weight      = unity
       force-constant             = 1e+09
       gaussian-transform-spreading-width = 0.2
       gaussian-transform-spreading-range-in-multiples-of-width = 4
       reference-density-filename = reference.mrc
       nst                        = 1
       normalize-densities        = true
       adaptive-force-scaling     = false
       adaptive-force-scaling-time-constant = 4
grpopts:
   nrdf:     9048.33     525.671
   ref-t:         300         300
   tau-t:         0.5         0.5
annealing:          No          No
annealing-npoints:           0           0
   acc:	           0           0           0
   nfreeze:           N           N           N
   energygrp-flags[  0]: 0


Using 1 MPI thread

Non-default thread affinity set, disabling internal thread affinity

Using 12 OpenMP threads 


WARNING: Oversubscribing the available 2 logical CPU cores with 12 threads.
         This will cause considerable performance loss.
System total charge: 0.000
Potential shift: LJ r^-12: -1.000e+00 r^-6: -1.000e+00, Coulomb -1e+00
Generated table with 1107 data points for 1-4 COUL.
Tabscale = 500 points/nm
Generated table with 1107 data points for 1-4 LJ6.
Tabscale = 500 points/nm
Generated table with 1107 data points for 1-4 LJ12.
Tabscale = 500 points/nm

Using SIMD 4x4 nonbonded short-range kernels

Using a dual 4x4 pair-list setup updated with dynamic pruning:
  outer list: updated every 10 steps, buffer 0.214 nm, rlist 1.214 nm
  inner list: updated every  4 steps, buffer 0.065 nm, rlist 1.065 nm
At tolerance 0.005 kJ/mol/ps per atom, equivalent classical 1x1 list would be:
  outer list: updated every 10 steps, buffer 0.258 nm, rlist 1.258 nm
  inner list: updated every  4 steps, buffer 0.081 nm, rlist 1.081 nm

Using Lorentz-Berthelot Lennard-Jones combination rule

Removing pbc first time

Initializing LINear Constraint Solver

++++ PLEASE READ AND CITE THE FOLLOWING REFERENCE ++++
B. Hess and H. Bekker and H. J. C. Berendsen and J. G. E. M. Fraaije
LINCS: A Linear Constraint Solver for molecular simulations
J. Comp. Chem. 18 (1997) pp. 1463-1472
-------- -------- --- Thank You --- -------- --------

The number of constraints is 236

++++ PLEASE READ AND CITE THE FOLLOWING REFERENCE ++++
S. Miyamoto and P. A. Kollman
SETTLE: An Analytical Version of the SHAKE and RATTLE Algorithms for Rigid
Water Models
J. Comp. Chem. 13 (1992) pp. 952-962
-------- -------- --- Thank You --- -------- --------


++++ PLEASE READ AND CITE THE FOLLOWING REFERENCE ++++
G. Bussi, D. Donadio and M. Parrinello
Canonical sampling through velocity rescaling
J. Chem. Phys. 126 (2007) pp. 014101
-------- -------- --- Thank You --- -------- --------

There are: 4781 Atoms

Constraining the starting coordinates (step 0)

Constraining the coordinates at t0-dt (step 0)
Center of mass motion removal mode is Angular
We have the following groups for center of mass motion removal:
  0:  rest
RMS relative constraint deviation after constraining: 1.36e-06
Initial temperature: 1.09319e-05 K

Started mdrun on rank 0 Mon May  8 15:48:09 2023

           Step           Time
              0        0.00000

   Energies (kJ/mol)
          Angle    Proper Dih.  Improper Dih.          LJ-14     Coulomb-14
    1.46034e+02    4.51145e+02    2.08405e+01    1.79874e+02   -3.76060e+03
        LJ (SR)   Coulomb (SR)      Potential    Kinetic En.   Total Energy
    1.00950e+04   -9.91159e+04   -9.19836e+04    1.40945e+01   -9.19695e+04
  Conserved En.    Temperature Pressure (bar)   Constr. rmsd
   -9.19695e+04    3.54120e-01   -3.84569e+03    8.15578e-05

           Step           Time
             50        0.20000

   Energies (kJ/mol)
          Angle    Proper Dih.  Improper Dih.          LJ-14     Coulomb-14
    2.09250e+02    4.74504e+02    2.41145e+01    1.78025e+02   -3.78239e+03
        LJ (SR)   Coulomb (SR)      Potential    Kinetic En.   Total Energy
    1.04158e+04   -9.91116e+04   -9.15923e+04    3.97895e+03   -8.76134e+04
  Conserved En.    Temperature Pressure (bar)   Constr. rmsd
   -9.15070e+04    9.99703e+01   -3.71303e+03    1.15819e-04

           Step           Time
            100        0.40000

Group rest with mass  2.93300e+04, Ekrot  1.63178e+00 Det(I) =  3.47382e+13
  COM:      2.02639       2.06065       1.45918
  P:       13.03228      -7.75530      -7.40200
  V:        0.00044      -0.00026      -0.00025
  J:      213.15526     112.98596    -435.10220
  w:        0.00352       0.00188      -0.00529
Inertia tensor (3x3):
   Inertia tensor[    0]={ 4.10855e+04,  1.05459e+03, -4.08156e+02}
   Inertia tensor[    1]={ 1.05459e+03,  4.13291e+04,  2.38008e+02}
   Inertia tensor[    2]={-4.08156e+02,  2.38008e+02,  2.04769e+04}
   Energies (kJ/mol)
          Angle    Proper Dih.  Improper Dih.          LJ-14     Coulomb-14
    2.51251e+02    4.40549e+02    2.06812e+01    1.88194e+02   -3.77726e+03
        LJ (SR)   Coulomb (SR)      Potential    Kinetic En.   Total Energy
    9.94229e+03   -9.79312e+04   -9.08655e+04    6.28493e+03   -8.45806e+04
  Conserved En.    Temperature Pressure (bar)   Constr. rmsd
   -9.10622e+04    1.57907e+02   -2.75911e+03    1.27116e-04

           Step           Time
            150        0.60000

   Energies (kJ/mol)
          Angle    Proper Dih.  Improper Dih.          LJ-14     Coulomb-14
    2.69460e+02    4.66512e+02    3.67703e+01    1.88575e+02   -3.78339e+03
        LJ (SR)   Coulomb (SR)      Potential    Kinetic En.   Total Energy
    9.96749e+03   -9.70474e+04   -8.99020e+04    7.94837e+03   -8.19536e+04
  Conserved En.    Temperature Pressure (bar)   Constr. rmsd
   -9.04825e+04    1.99701e+02   -2.27108e+03    1.28767e-04

           Step           Time
            200        0.80000

Group rest with mass  2.93300e+04, Ekrot  4.32004e+00 Det(I) =  3.45386e+13
  COM:      2.02415       2.06108       1.45675
  P:       -3.60497       7.07569       7.92643
  V:       -0.00012       0.00024       0.00027
  J:      710.25720     151.48933      41.52701
  w:        0.01157       0.00266       0.00046
Inertia tensor (3x3):
   Inertia tensor[    0]={ 4.10258e+04,  1.03256e+03, -3.31344e+02}
   Inertia tensor[    1]={ 1.03256e+03,  4.11151e+04,  1.04586e+02}
   Inertia tensor[    2]={-3.31344e+02,  1.04586e+02,  2.04920e+04}
   Energies (kJ/mol)
          Angle    Proper Dih.  Improper Dih.          LJ-14     Coulomb-14
    3.34192e+02    4.59525e+02    2.46687e+01    1.92295e+02   -3.79409e+03
        LJ (SR)   Coulomb (SR)      Potential    Kinetic En.   Total Energy
    9.80780e+03   -9.61896e+04   -8.91652e+04    9.01179e+03   -8.01534e+04
  Conserved En.    Temperature Pressure (bar)   Constr. rmsd
   -8.98499e+04    2.26419e+02   -2.34253e+03    1.56865e-04

           Step           Time
            250        1.00000

   Energies (kJ/mol)
          Angle    Proper Dih.  Improper Dih.          LJ-14     Coulomb-14
    3.69836e+02    4.92287e+02    3.14955e+01    1.88849e+02   -3.83067e+03
        LJ (SR)   Coulomb (SR)      Potential    Kinetic En.   Total Energy
    9.60362e+03   -9.51974e+04   -8.83420e+04    9.97280e+03   -7.83692e+04
  Conserved En.    Temperature Pressure (bar)   Constr. rmsd
   -8.91989e+04    2.50565e+02    1.26890e+02    1.56914e-04

           Step           Time
            300        1.20000

Group rest with mass  2.93300e+04, Ekrot  1.47993e+01 Det(I) =  3.45545e+13
  COM:      2.02409       2.05895       1.46280
  P:        8.26318       0.99865       6.30178
  V:        0.00028       0.00003       0.00021
  J:      389.40854     -70.80432    1492.66467
  w:        0.00626      -0.00101       0.01815
Inertia tensor (3x3):
   Inertia tensor[    0]={ 4.10166e+04,  7.57641e+02, -1.62734e+02}
   Inertia tensor[    1]={ 7.57641e+02,  4.11597e+04,  2.25133e+02}
   Inertia tensor[    2]={-1.62734e+02,  2.25133e+02,  2.04767e+04}
   Energies (kJ/mol)
          Angle    Proper Dih.  Improper Dih.          LJ-14     Coulomb-14
    3.57886e+02    4.54794e+02    2.25535e+01    1.78734e+02   -3.82565e+03
        LJ (SR)   Coulomb (SR)      Potential    Kinetic En.   Total Energy
    9.37068e+03   -9.45459e+04   -8.79869e+04    1.08112e+04   -7.71757e+04
  Conserved En.    Temperature Pressure (bar)   Constr. rmsd
   -8.85623e+04    2.71629e+02   -1.86113e+03    1.54486e-04

           Step           Time
            350        1.40000

   Energies (kJ/mol)
          Angle    Proper Dih.  Improper Dih.          LJ-14     Coulomb-14
    4.11396e+02    4.87591e+02    2.67030e+01    2.04669e+02   -3.81066e+03
        LJ (SR)   Coulomb (SR)      Potential    Kinetic En.   Total Energy
    8.96125e+03   -9.36729e+04   -8.73919e+04    1.14230e+04   -7.59690e+04
  Conserved En.    Temperature Pressure (bar)   Constr. rmsd
   -8.79580e+04    2.86999e+02   -3.37711e+02    1.51453e-04

           Step           Time
            400        1.60000

Group rest with mass  2.93300e+04, Ekrot  3.65040e+00 Det(I) =  3.48918e+13
  COM:      2.04211       2.06696       1.46266
  P:       -1.54544       1.19160      -3.04442
  V:       -0.00005       0.00004      -0.00010
  J:       49.05112    -541.06146     459.49371
  w:        0.00058      -0.00874       0.00553
Inertia tensor (3x3):
   Inertia tensor[    0]={ 4.12340e+04,  1.24731e+03, -3.68961e+02}
   Inertia tensor[    1]={ 1.24731e+03,  4.14585e+04,  2.12781e+02}
   Inertia tensor[    2]={-3.68961e+02,  2.12781e+02,  2.04336e+04}
   Energies (kJ/mol)
          Angle    Proper Dih.  Improper Dih.          LJ-14     Coulomb-14
    3.71950e+02    4.98787e+02    2.48128e+01    1.99336e+02   -3.75086e+03
        LJ (SR)   Coulomb (SR)      Potential    Kinetic En.   Total Energy
    9.34557e+03   -9.38975e+04   -8.72079e+04    1.19490e+04   -7.52589e+04
  Conserved En.    Temperature Pressure (bar)   Constr. rmsd
   -8.72863e+04    3.00215e+02   -1.18154e+03    1.52608e-04

           Step           Time
            450        1.80000

   Energies (kJ/mol)
          Angle    Proper Dih.  Improper Dih.          LJ-14     Coulomb-14
    3.51587e+02    4.63887e+02    3.55850e+01    2.01168e+02   -3.76725e+03
        LJ (SR)   Coulomb (SR)      Potential    Kinetic En.   Total Energy
    9.12782e+03   -9.30388e+04   -8.66260e+04    1.22497e+04   -7.43763e+04
  Conserved En.    Temperature Pressure (bar)   Constr. rmsd
   -8.64391e+04    3.07771e+02   -1.68595e+03    1.54163e-04

           Step           Time
            500        2.00000

Group rest with mass  2.93300e+04, Ekrot  1.20781e+00 Det(I) =  3.45799e+13
  COM:      2.03385       2.06279       1.45739
  P:        0.24165       3.33641       6.35099
  V:        0.00001       0.00011       0.00022
  J:     -287.72351     -60.91964    -288.83295
  w:       -0.00466      -0.00106      -0.00349
Inertia tensor (3x3):
   Inertia tensor[    0]={ 4.11202e+04,  7.17430e+02, -2.61391e+02}
   Inertia tensor[    1]={ 7.17430e+02,  4.12861e+04,  2.91016e+02}
   Inertia tensor[    2]={-2.61391e+02,  2.91016e+02,  2.03787e+04}
   Energies (kJ/mol)
          Angle    Proper Dih.  Improper Dih.          LJ-14     Coulomb-14
    4.15289e+02    4.80863e+02    2.58897e+01    1.98778e+02   -3.74903e+03
        LJ (SR)   Coulomb (SR)      Potential    Kinetic En.   Total Energy
    8.97523e+03   -9.27615e+04   -8.64145e+04    1.28292e+04   -7.35852e+04
  Conserved En.    Temperature Pressure (bar)   Constr. rmsd
   -8.55633e+04    3.22331e+02   -2.27298e+03    1.41360e-04

           Step           Time
            550        2.20000

   Energies (kJ/mol)
          Angle    Proper Dih.  Improper Dih.          LJ-14     Coulomb-14
    4.51914e+02    4.51676e+02    3.68784e+01    1.82967e+02   -3.77394e+03
        LJ (SR)   Coulomb (SR)      Potential    Kinetic En.   Total Energy
    8.75617e+03   -9.23675e+04   -8.62618e+04    1.27468e+04   -7.35150e+04
  Conserved En.    Temperature Pressure (bar)   Constr. rmsd
   -8.48365e+04    3.20261e+02   -2.41734e+03    2.15440e-04

           Step           Time
            600        2.40000

Group rest with mass  2.93300e+04, Ekrot  3.33799e+00 Det(I) =  3.46744e+13
  COM:      2.03964       2.06391       1.44878
  P:       -2.52187      -1.75809      -0.44216
  V:       -0.00009      -0.00006      -0.00002
  J:      479.59137    -421.16870     -94.56594
  w:        0.00774      -0.00677      -0.00121
Inertia tensor (3x3):
   Inertia tensor[    0]={ 4.11420e+04,  5.11648e+02, -4.83812e+02}
   Inertia tensor[    1]={ 5.11648e+02,  4.11145e+04,  1.66578e+02}
   Inertia tensor[    2]={-4.83812e+02,  1.66578e+02,  2.05084e+04}
   Energies (kJ/mol)
          Angle    Proper Dih.  Improper Dih.          LJ-14     Coulomb-14
    4.23618e+02    4.66132e+02    2.19805e+01    2.00039e+02   -3.75410e+03
        LJ (SR)   Coulomb (SR)      Potential    Kinetic En.   Total Energy
    8.41348e+03   -9.16593e+04   -8.58881e+04    1.28302e+04   -7.30579e+04
  Conserved En.    Temperature Pressure (bar)   Constr. rmsd
   -8.39461e+04    3.22357e+02   -1.79540e+03    1.54788e-04

           Step           Time
            650        2.60000

   Energies (kJ/mol)
          Angle    Proper Dih.  Improper Dih.          LJ-14     Coulomb-14
    4.03280e+02    4.88096e+02    3.66813e+01    1.91776e+02   -3.76297e+03
        LJ (SR)   Coulomb (SR)      Potential    Kinetic En.   Total Energy
    8.51171e+03   -9.18279e+04   -8.59593e+04    1.33853e+04   -7.25740e+04
  Conserved En.    Temperature Pressure (bar)   Constr. rmsd
   -8.31842e+04    3.36304e+02   -2.03152e+03    1.75235e-04

           Step           Time
            700        2.80000

Group rest with mass  2.93300e+04, Ekrot  2.43041e+00 Det(I) =  3.45451e+13
  COM:      2.04543       2.05388       1.44899
  P:        1.45155       2.84945       2.97198
  V:        0.00005       0.00010       0.00010
  J:      191.57373    -502.69763     130.32912
  w:        0.00300      -0.00813       0.00154
Inertia tensor (3x3):
   Inertia tensor[    0]={ 4.10680e+04,  7.42758e+02, -5.07977e+02}
   Inertia tensor[    1]={ 7.42758e+02,  4.11848e+04,  3.12273e+02}
   Inertia tensor[    2]={-5.07977e+02,  3.12273e+02,  2.04397e+04}
   Energies (kJ/mol)
          Angle    Proper Dih.  Improper Dih.          LJ-14     Coulomb-14
    4.33041e+02    4.78932e+02    3.10908e+01    1.95589e+02   -3.73815e+03
        LJ (SR)   Coulomb (SR)      Potential    Kinetic En.   Total Energy
    8.08918e+03   -9.08164e+04   -8.53267e+04    1.30032e+04   -7.23235e+04
  Conserved En.    Temperature Pressure (bar)   Constr. rmsd
   -8.23648e+04    3.26702e+02   -2.65612e+03    1.49854e-04

           Step           Time
            750        3.00000

   Energies (kJ/mol)
          Angle    Proper Dih.  Improper Dih.          LJ-14     Coulomb-14
    4.30954e+02    5.05647e+02    4.09473e+01    1.88688e+02   -3.78971e+03
        LJ (SR)   Coulomb (SR)      Potential    Kinetic En.   Total Energy
    8.08888e+03   -9.07339e+04   -8.52685e+04    1.31554e+04   -7.21132e+04
  Conserved En.    Temperature Pressure (bar)   Constr. rmsd
   -8.15334e+04    3.30526e+02   -1.91441e+03    1.96157e-04

           Step           Time
            800        3.20000

   Energies (kJ/mol)
          Angle    Proper Dih.  Improper Dih.          LJ-14     Coulomb-14
    4.81649e+02    4.79383e+02    4.71079e+01    1.89098e+02   -3.77328e+03
        LJ (SR)   Coulomb (SR)      Potential    Kinetic En.   Total Energy
    8.15072e+03   -9.09800e+04   -8.54053e+04    1.34868e+04   -7.19185e+04
  Conserved En.    Temperature Pressure (bar)   Constr. rmsd
   -8.06730e+04    3.38853e+02   -3.21587e+03    1.86747e-04

           Step           Time
            850        3.40000

   Energies (kJ/mol)
          Angle    Proper Dih.  Improper Dih.          LJ-14     Coulomb-14
    4.50330e+02    4.88854e+02    4.99587e+01    1.86548e+02   -3.75200e+03
        LJ (SR)   Coulomb (SR)      Potential    Kinetic En.   Total Energy
    8.19925e+03   -9.07533e+04   -8.51304e+04    1.33847e+04   -7.17457e+04
  Conserved En.    Temperature Pressure (bar)   Constr. rmsd
   -7.98229e+04    3.36289e+02   -1.88459e+03    1.92558e-04

           Step           Time
            900        3.60000

Group rest with mass  2.93300e+04, Ekrot  5.05463e+00 Det(I) =  3.48457e+13
  COM:      2.05640       2.06346       1.44828
  P:       -3.67690       2.69418       0.91701
  V:       -0.00013       0.00009       0.00003
  J:     -364.24664     110.73315    -803.01416
  w:       -0.00583       0.00174      -0.00971
Inertia tensor (3x3):
   Inertia tensor[    0]={ 4.12360e+04,  4.76625e+02, -3.74234e+02}
   Inertia tensor[    1]={ 4.76625e+02,  4.12535e+04,  8.20000e+01}
   Inertia tensor[    2]={-3.74234e+02,  8.20000e+01,  2.04902e+04}
   Energies (kJ/mol)
          Angle    Proper Dih.  Improper Dih.          LJ-14     Coulomb-14
    4.91699e+02    4.71604e+02    3.11402e+01    1.98668e+02   -3.74476e+03
        LJ (SR)   Coulomb (SR)      Potential    Kinetic En.   Total Energy
    7.99514e+03   -9.04478e+04   -8.50043e+04    1.36418e+04   -7.13625e+04
  Conserved En.    Temperature Pressure (bar)   Constr. rmsd
   -7.90687e+04    3.42747e+02   -1.47486e+03    1.88726e-04

           Step           Time
            950        3.80000

   Energies (kJ/mol)
          Angle    Proper Dih.  Improper Dih.          LJ-14     Coulomb-14
    4.63895e+02    4.76127e+02    3.02374e+01    1.83345e+02   -3.77764e+03
        LJ (SR)   Coulomb (SR)      Potential    Kinetic En.   Total Energy
    7.81943e+03   -9.02273e+04   -8.50319e+04    1.41743e+04   -7.08576e+04
  Conserved En.    Temperature Pressure (bar)   Constr. rmsd
   -7.82098e+04    3.56126e+02   -2.38746e+03    1.75492e-04

           Step           Time
           1000        4.00000

Group rest with mass  2.93300e+04, Ekrot  1.18742e+01 Det(I) =  3.50825e+13
  COM:      2.04549       2.06133       1.44485
  P:        0.69901      -3.13211      -1.83720
  V:        0.00002      -0.00011      -0.00006
  J:      948.62933    -759.07959     -49.63518
  w:        0.01528      -0.01216      -0.00053
Inertia tensor (3x3):
   Inertia tensor[    0]={ 4.14573e+04,  3.72000e+02,  3.38844e+02}
   Inertia tensor[    1]={ 3.72000e+02,  4.12918e+04, -2.41328e+01}
   Inertia tensor[    2]={ 3.38844e+02, -2.41328e+01,  2.04984e+04}
   Energies (kJ/mol)
          Angle    Proper Dih.  Improper Dih.          LJ-14     Coulomb-14
    4.94851e+02    4.73646e+02    3.66641e+01    1.98681e+02   -3.72922e+03
        LJ (SR)   Coulomb (SR)      Potential    Kinetic En.   Total Energy
    7.68769e+03   -8.98814e+04   -8.47191e+04    1.38624e+04   -7.08568e+04
  Conserved En.    Temperature Pressure (bar)   Constr. rmsd
   -7.73738e+04    3.48289e+02   -2.61170e+03    1.77003e-04

           Step           Time
           1050        4.20000

   Energies (kJ/mol)
          Angle    Proper Dih.  Improper Dih.          LJ-14     Coulomb-14
    4.83589e+02    4.84793e+02    3.70266e+01    1.97298e+02   -3.75337e+03
        LJ (SR)   Coulomb (SR)      Potential    Kinetic En.   Total Energy
    8.02707e+03   -9.04612e+04   -8.49848e+04    1.40650e+04   -7.09198e+04
  Conserved En.    Temperature Pressure (bar)   Constr. rmsd
   -7.64414e+04    3.53379e+02   -3.07336e+03    2.06436e-04

           Step           Time
           1100        4.40000

Group rest with mass  2.93300e+04, Ekrot  1.68767e+00 Det(I) =  3.46755e+13
  COM:      2.05263       2.06083       1.44417
  P:       -1.18087      -0.54371       1.42386
  V:       -0.00004      -0.00002       0.00005
  J:     -219.88623    -275.89340     331.38828
  w:       -0.00362      -0.00452       0.00402
Inertia tensor (3x3):
   Inertia tensor[    0]={ 4.11498e+04,  8.12117e+02,  2.72891e+01}
   Inertia tensor[    1]={ 8.12117e+02,  4.11607e+04,  1.04102e+02}
   Inertia tensor[    2]={ 2.72891e+01,  1.04102e+02,  2.04808e+04}
   Energies (kJ/mol)
          Angle    Proper Dih.  Improper Dih.          LJ-14     Coulomb-14
    4.61199e+02    4.83573e+02    4.49663e+01    2.02579e+02   -3.72060e+03
        LJ (SR)   Coulomb (SR)      Potential    Kinetic En.   Total Energy
    7.45484e+03   -8.97393e+04   -8.48128e+04    1.38657e+04   -7.09471e+04
  Conserved En.    Temperature Pressure (bar)   Constr. rmsd
   -7.55132e+04    3.48372e+02   -3.27753e+03    1.58564e-04

           Step           Time
           1150        4.60000

   Energies (kJ/mol)
          Angle    Proper Dih.  Improper Dih.          LJ-14     Coulomb-14
    4.57872e+02    4.97363e+02    4.67673e+01    1.95895e+02   -3.70602e+03
        LJ (SR)   Coulomb (SR)      Potential    Kinetic En.   Total Energy
    7.75964e+03   -9.05837e+04   -8.53321e+04    1.41618e+04   -7.11704e+04
  Conserved En.    Temperature Pressure (bar)   Constr. rmsd
   -7.46143e+04    3.55811e+02   -3.01650e+03    1.66353e-04

           Step           Time
           1200        4.80000

Group rest with mass  2.93300e+04, Ekrot  6.44119e+00 Det(I) =  3.47530e+13
  COM:      2.04344       2.07071       1.45315
  P:        0.11365      -4.01877      -1.19042
  V:        0.00000      -0.00014      -0.00004
  J:     -490.94269    -650.52716    -399.69757
  w:       -0.00815      -0.01067      -0.00486
Inertia tensor (3x3):
   Inertia tensor[    0]={ 4.11856e+04,  1.00600e+03,  9.84141e+01}
   Inertia tensor[    1]={ 1.00600e+03,  4.10996e+04, -4.08516e+01}
   Inertia tensor[    2]={ 9.84141e+01, -4.08516e+01,  2.05435e+04}
   Energies (kJ/mol)
          Angle    Proper Dih.  Improper Dih.          LJ-14     Coulomb-14
    4.84178e+02    4.72347e+02    3.85949e+01    1.93125e+02   -3.76031e+03
        LJ (SR)   Coulomb (SR)      Potential    Kinetic En.   Total Energy
    7.67010e+03   -9.03862e+04   -8.52882e+04    1.40147e+04   -7.12734e+04
  Conserved En.    Temperature Pressure (bar)   Constr. rmsd
   -7.37960e+04    3.52117e+02   -3.53735e+03    1.68878e-04

           Step           Time
           1250        5.00000

   Energies (kJ/mol)
          Angle    Proper Dih.  Improper Dih.          LJ-14     Coulomb-14
    4.68353e+02    4.64701e+02    2.98826e+01    1.90213e+02   -3.72501e+03
        LJ (SR)   Coulomb (SR)      Potential    Kinetic En.   Total Energy
    7.64605e+03   -9.01300e+04   -8.50558e+04    1.34589e+04   -7.15969e+04
  Conserved En.    Temperature Pressure (bar)   Constr. rmsd
   -7.29066e+04    3.38152e+02   -2.28081e+03    1.81867e-04

           Step           Time
           1300        5.20000

Group rest with mass  2.93300e+04, Ekrot  1.09754e+01 Det(I) =  3.49214e+13
  COM:      2.05801       2.07452       1.45816
  P:       -0.65256      -1.24678       1.48070
  V:       -0.00002      -0.00004       0.00005
  J:    -1122.43604    -290.12170     -61.31758
  w:       -0.01823      -0.00498      -0.00075
Inertia tensor (3x3):
   Inertia tensor[    0]={ 4.12401e+04,  9.46852e+02,  7.70547e+01}
   Inertia tensor[    1]={ 9.46852e+02,  4.13459e+04, -9.58672e+01}
   Inertia tensor[    2]={ 7.70547e+01, -9.58672e+01,  2.04916e+04}
   Energies (kJ/mol)
          Angle    Proper Dih.  Improper Dih.          LJ-14     Coulomb-14
    4.49002e+02    4.60760e+02    2.82120e+01    2.02510e+02   -3.77046e+03
        LJ (SR)   Coulomb (SR)      Potential    Kinetic En.   Total Energy
    7.39995e+03   -9.03001e+04   -8.55302e+04    1.37635e+04   -7.17666e+04
  Conserved En.    Temperature Pressure (bar)   Constr. rmsd
   -7.20752e+04    3.45805e+02   -3.25110e+03    1.55318e-04

           Step           Time
           1350        5.40000

   Energies (kJ/mol)
          Angle    Proper Dih.  Improper Dih.          LJ-14     Coulomb-14
    4.62720e+02    5.13259e+02    4.40985e+01    1.86756e+02   -3.71541e+03
        LJ (SR)   Coulomb (SR)      Potential    Kinetic En.   Total Energy
    7.46223e+03   -9.05985e+04   -8.56448e+04    1.40560e+04   -7.15888e+04
  Conserved En.    Temperature Pressure (bar)   Constr. rmsd
   -7.11803e+04    3.53155e+02   -1.61304e+03    1.71204e-04

           Step           Time
           1400        5.60000

   Energies (kJ/mol)
          Angle    Proper Dih.  Improper Dih.          LJ-14     Coulomb-14
    4.76563e+02    5.11718e+02    3.21728e+01    1.78143e+02   -3.83700e+03
        LJ (SR)   Coulomb (SR)      Potential    Kinetic En.   Total Energy
    7.97146e+03   -9.08063e+04   -8.54732e+04    1.40124e+04   -7.14608e+04
  Conserved En.    Temperature Pressure (bar)   Constr. rmsd
   -7.02951e+04    3.52059e+02   -1.72471e+03    2.19153e-04

           Step           Time
           1450        5.80000

   Energies (kJ/mol)
          Angle    Proper Dih.  Improper Dih.          LJ-14     Coulomb-14
    4.37322e+02    4.70262e+02    3.75290e+01    1.94047e+02   -3.70370e+03
        LJ (SR)   Coulomb (SR)      Potential    Kinetic En.   Total Energy
    7.92076e+03   -9.06518e+04   -8.52956e+04    1.43096e+04   -7.09860e+04
  Conserved En.    Temperature Pressure (bar)   Constr. rmsd
   -6.95108e+04    3.59525e+02   -1.62842e+03    1.99484e-04

           Step           Time
           1500        6.00000

Group rest with mass  2.93300e+04, Ekrot  1.12078e+00 Det(I) =  3.53751e+13
  COM:      2.06014       2.07290       1.46062
  P:        6.73178      -1.67760      -2.34009
  V:        0.00023      -0.00006      -0.00008
  J:      334.90204     130.25575     108.85250
  w:        0.00543       0.00215       0.00130
Inertia tensor (3x3):
   Inertia tensor[    0]={ 4.17126e+04,  6.55383e+02, -1.11039e+02}
   Inertia tensor[    1]={ 6.55383e+02,  4.13518e+04, -3.54141e+01}
   Inertia tensor[    2]={-1.11039e+02, -3.54141e+01,  2.05140e+04}
   Energies (kJ/mol)
          Angle    Proper Dih.  Improper Dih.          LJ-14     Coulomb-14
    5.63053e+02    4.74718e+02    2.46433e+01    1.77837e+02   -3.76474e+03
        LJ (SR)   Coulomb (SR)      Potential    Kinetic En.   Total Energy
    7.67082e+03   -9.03684e+04   -8.52221e+04    1.44225e+04   -7.07996e+04
  Conserved En.    Temperature Pressure (bar)   Constr. rmsd
   -6.86199e+04    3.62361e+02   -2.70879e+03    2.21853e-04

           Step           Time
           1550        6.20000

   Energies (kJ/mol)
          Angle    Proper Dih.  Improper Dih.          LJ-14     Coulomb-14
    5.20689e+02    4.83575e+02    2.58819e+01    1.94045e+02   -3.80592e+03
        LJ (SR)   Coulomb (SR)      Potential    Kinetic En.   Total Energy
    7.53676e+03   -8.98611e+04   -8.49061e+04    1.41053e+04   -7.08008e+04
  Conserved En.    Temperature Pressure (bar)   Constr. rmsd
   -6.77417e+04    3.54392e+02   -2.25204e+03    1.90613e-04

           Step           Time
           1600        6.40000

Group rest with mass  2.93300e+04, Ekrot  4.00607e+00 Det(I) =  3.51938e+13
  COM:      2.07073       2.08790       1.46964
  P:       -1.41415       0.97941       0.70827
  V:       -0.00005       0.00003       0.00002
  J:     -567.98486     344.31805    -274.90796
  w:       -0.00915       0.00552      -0.00333
Inertia tensor (3x3):
   Inertia tensor[    0]={ 4.14274e+04,  2.73781e+02,  4.44922e+01}
   Inertia tensor[    1]={ 2.73781e+02,  4.13951e+04, -2.33750e+01}
   Inertia tensor[    2]={ 4.44922e+01, -2.33750e+01,  2.05234e+04}
   Energies (kJ/mol)
          Angle    Proper Dih.  Improper Dih.          LJ-14     Coulomb-14
    5.33481e+02    4.84279e+02    2.41505e+01    1.76923e+02   -3.77587e+03
        LJ (SR)   Coulomb (SR)      Potential    Kinetic En.   Total Energy
    7.66072e+03   -8.99917e+04   -8.48880e+04    1.39530e+04   -7.09350e+04
  Conserved En.    Temperature Pressure (bar)   Constr. rmsd
   -6.67382e+04    3.50567e+02   -2.58634e+03    1.90437e-04

           Step           Time
           1650        6.60000

   Energies (kJ/mol)
          Angle    Proper Dih.  Improper Dih.          LJ-14     Coulomb-14
    5.38661e+02    4.66196e+02    3.24435e+01    1.82610e+02   -3.76353e+03
        LJ (SR)   Coulomb (SR)      Potential    Kinetic En.   Total Energy
    7.55921e+03   -9.03157e+04   -8.53001e+04    1.40364e+04   -7.12637e+04
  Conserved En.    Temperature Pressure (bar)   Constr. rmsd
   -6.60299e+04    3.52662e+02   -2.98188e+03    1.89323e-04

           Step           Time
           1700        6.80000

Group rest with mass  2.93300e+04, Ekrot  7.97170e+00 Det(I) =  3.51825e+13
  COM:      2.06649       2.07178       1.46264
  P:        0.07449       0.62368      -0.09349
  V:        0.00000       0.00002      -0.00000
  J:     -638.30499    -572.69244     583.50085
  w:       -0.01030      -0.00920       0.00702
Inertia tensor (3x3):
   Inertia tensor[    0]={ 4.16572e+04, -1.59875e+02,  1.07453e+02}
   Inertia tensor[    1]={-1.59875e+02,  4.13382e+04, -6.67656e+01}
   Inertia tensor[    2]={ 1.07453e+02, -6.67656e+01,  2.04315e+04}
   Energies (kJ/mol)
          Angle    Proper Dih.  Improper Dih.          LJ-14     Coulomb-14
    5.35221e+02    4.81255e+02    2.87233e+01    1.77572e+02   -3.77415e+03
        LJ (SR)   Coulomb (SR)      Potential    Kinetic En.   Total Energy
    7.98449e+03   -9.09755e+04   -8.55424e+04    1.42994e+04   -7.12430e+04
  Conserved En.    Temperature Pressure (bar)   Constr. rmsd
   -6.51034e+04    3.59269e+02   -7.56386e+02    1.99044e-04

           Step           Time
           1750        7.00000

   Energies (kJ/mol)
          Angle    Proper Dih.  Improper Dih.          LJ-14     Coulomb-14
    4.63618e+02    4.59954e+02    4.50139e+01    2.01652e+02   -3.77542e+03
        LJ (SR)   Coulomb (SR)      Potential    Kinetic En.   Total Energy
    7.96131e+03   -9.04772e+04   -8.51211e+04    1.37482e+04   -7.13730e+04
  Conserved En.    Temperature Pressure (bar)   Constr. rmsd
   -6.42323e+04    3.45419e+02   -1.15985e+03    1.59773e-04

           Step           Time
           1800        7.20000

Group rest with mass  2.93300e+04, Ekrot  1.48918e+01 Det(I) =  3.53254e+13
  COM:      2.06939       2.06930       1.45655
  P:        1.30273      -1.97657       2.94170
  V:        0.00004      -0.00007       0.00010
  J:     -169.20248      67.29327   -1559.59216
  w:       -0.00265       0.00110      -0.01876
Inertia tensor (3x3):
   Inertia tensor[    0]={ 4.16613e+04,  6.48945e+02, -2.27461e+02}
   Inertia tensor[    1]={ 6.48945e+02,  4.14426e+04, -1.61906e+02}
   Inertia tensor[    2]={-2.27461e+02, -1.61906e+02,  2.04669e+04}
   Energies (kJ/mol)
          Angle    Proper Dih.  Improper Dih.          LJ-14     Coulomb-14
    5.66260e+02    4.64795e+02    2.66748e+01    1.81279e+02   -3.80825e+03
        LJ (SR)   Coulomb (SR)      Potential    Kinetic En.   Total Energy
    7.48798e+03   -8.99491e+04   -8.50303e+04    1.39158e+04   -7.11145e+04
  Conserved En.    Temperature Pressure (bar)   Constr. rmsd
   -6.33463e+04    3.49631e+02   -4.74631e+03    2.14365e-04

           Step           Time
           1850        7.40000

   Energies (kJ/mol)
          Angle    Proper Dih.  Improper Dih.          LJ-14     Coulomb-14
    4.86172e+02    4.74932e+02    4.91654e+01    1.91016e+02   -3.80718e+03
        LJ (SR)   Coulomb (SR)      Potential    Kinetic En.   Total Energy
    8.00370e+03   -9.06124e+04   -8.52146e+04    1.36564e+04   -7.15582e+04
  Conserved En.    Temperature Pressure (bar)   Constr. rmsd
   -6.25666e+04    3.43114e+02   -9.58248e+02    1.93918e-04

           Step           Time
           1900        7.60000

Group rest with mass  2.93300e+04, Ekrot  1.08174e+00 Det(I) =  3.53584e+13
  COM:      2.07024       2.06604       1.46113
  P:       -0.37820       1.10776      -2.25746
  V:       -0.00001       0.00004      -0.00008
  J:     -327.95172    -137.41017      97.46960
  w:       -0.00531      -0.00223       0.00120
Inertia tensor (3x3):
   Inertia tensor[    0]={ 4.15770e+04,  1.67133e+02, -2.85797e+02}
   Inertia tensor[    1]={ 1.67133e+02,  4.13775e+04, -1.82555e+02}
   Inertia tensor[    2]={-2.85797e+02, -1.82555e+02,  2.05561e+04}
   Energies (kJ/mol)
          Angle    Proper Dih.  Improper Dih.          LJ-14     Coulomb-14
    5.40416e+02    4.95748e+02    4.81770e+01    1.91480e+02   -3.81315e+03
        LJ (SR)   Coulomb (SR)      Potential    Kinetic En.   Total Energy
    8.08614e+03   -9.10417e+04   -8.54929e+04    1.40899e+04   -7.14030e+04
  Conserved En.    Temperature Pressure (bar)   Constr. rmsd
   -6.18226e+04    3.54005e+02   -1.77596e+03    1.85695e-04

           Step           Time
           1950        7.80000

   Energies (kJ/mol)
          Angle    Proper Dih.  Improper Dih.          LJ-14     Coulomb-14
    4.43050e+02    4.91605e+02    3.49112e+01    1.85399e+02   -3.75949e+03
        LJ (SR)   Coulomb (SR)      Potential    Kinetic En.   Total Energy
    7.78854e+03   -9.06344e+04   -8.54504e+04    1.40422e+04   -7.14082e+04
  Conserved En.    Temperature Pressure (bar)   Constr. rmsd
   -6.09292e+04    3.52808e+02   -2.46012e+02    2.04814e-04

           Step           Time
           2000        8.00000

Group rest with mass  2.93300e+04, Ekrot  6.24002e+00 Det(I) =  3.51976e+13
  COM:      2.07286       2.06582       1.47062
  P:        0.43807      -0.56342      -1.56592
  V:        0.00001      -0.00002      -0.00005
  J:       15.12832    -826.27991    -356.18915
  w:        0.00020      -0.01328      -0.00423
Inertia tensor (3x3):
   Inertia tensor[    0]={ 4.16133e+04,  3.68867e+02, -4.34391e+02}
   Inertia tensor[    1]={ 3.68867e+02,  4.13011e+04, -4.07164e+02}
   Inertia tensor[    2]={-4.34391e+02, -4.07164e+02,  2.04896e+04}
   Energies (kJ/mol)
          Angle    Proper Dih.  Improper Dih.          LJ-14     Coulomb-14
    4.44729e+02    4.74666e+02    3.71907e+01    2.00148e+02   -3.79828e+03
        LJ (SR)   Coulomb (SR)      Potential    Kinetic En.   Total Energy
    7.73174e+03   -9.07486e+04   -8.56585e+04    1.40442e+04   -7.16143e+04
  Conserved En.    Temperature Pressure (bar)   Constr. rmsd
   -6.01149e+04    3.52858e+02   -2.54386e+02    1.75618e-04

           Step           Time
           2050        8.20000

   Energies (kJ/mol)
          Angle    Proper Dih.  Improper Dih.          LJ-14     Coulomb-14
    4.98094e+02    4.72484e+02    3.88779e+01    1.92672e+02   -3.77323e+03
        LJ (SR)   Coulomb (SR)      Potential    Kinetic En.   Total Energy
    7.62690e+03   -9.06303e+04   -8.55745e+04    1.37259e+04   -7.18486e+04
  Conserved En.    Temperature Pressure (bar)   Constr. rmsd
   -5.92510e+04    3.44860e+02    3.05702e+01    2.11637e-04

           Step           Time
           2100        8.40000

Group rest with mass  2.93300e+04, Ekrot  7.47955e+00 Det(I) =  3.52106e+13
  COM:      2.06437       2.06791       1.48201
  P:       -1.28341      -3.56571      -1.37895
  V:       -0.00004      -0.00012      -0.00005
  J:     -186.20686     590.97913    -850.33270
  w:       -0.00293       0.00956      -0.01031
Inertia tensor (3x3):
   Inertia tensor[    0]={ 4.15090e+04,  5.05539e+02, -4.07422e+01}
   Inertia tensor[    1]={ 5.05539e+02,  4.13197e+04, -3.61070e+02}
   Inertia tensor[    2]={-4.07422e+01, -3.61070e+02,  2.05355e+04}
   Energies (kJ/mol)
          Angle    Proper Dih.  Improper Dih.          LJ-14     Coulomb-14
    4.54691e+02    4.73771e+02    2.08784e+01    1.95837e+02   -3.73146e+03
        LJ (SR)   Coulomb (SR)      Potential    Kinetic En.   Total Energy
    7.48616e+03   -9.05485e+04   -8.56487e+04    1.37299e+04   -7.19188e+04
  Conserved En.    Temperature Pressure (bar)   Constr. rmsd
   -5.85898e+04    3.44961e+02   -2.20939e+03    1.72406e-04

           Step           Time
           2150        8.60000

   Energies (kJ/mol)
          Angle    Proper Dih.  Improper Dih.          LJ-14     Coulomb-14
    4.18465e+02    4.79886e+02    3.27991e+01    1.81356e+02   -3.74187e+03
        LJ (SR)   Coulomb (SR)      Potential    Kinetic En.   Total Energy
    7.37757e+03   -9.05447e+04   -8.57965e+04    1.38715e+04   -7.19250e+04
  Conserved En.    Temperature Pressure (bar)   Constr. rmsd
   -5.77746e+04    3.48519e+02   -1.77976e+03    1.71466e-04

           Step           Time
           2200        8.80000

Group rest with mass  2.93300e+04, Ekrot  3.96074e+00 Det(I) =  3.50580e+13
  COM:      2.07654       2.06381       1.46583
  P:       -0.27441       0.74057       3.27736
  V:       -0.00001       0.00003       0.00011
  J:     -502.45627    -482.88342      51.40257
  w:       -0.00816      -0.00784       0.00069
Inertia tensor (3x3):
   Inertia tensor[    0]={ 4.13931e+04,  2.50906e+02, -2.45484e+02}
   Inertia tensor[    1]={ 2.50906e+02,  4.13354e+04, -4.18328e+02}
   Inertia tensor[    2]={-2.45484e+02, -4.18328e+02,  2.04962e+04}
   Energies (kJ/mol)
          Angle    Proper Dih.  Improper Dih.          LJ-14     Coulomb-14
    4.30351e+02    4.90536e+02    2.95107e+01    1.93752e+02   -3.78492e+03
        LJ (SR)   Coulomb (SR)      Potential    Kinetic En.   Total Energy
    7.79747e+03   -9.06308e+04   -8.54740e+04    1.37867e+04   -7.16873e+04
  Conserved En.    Temperature Pressure (bar)   Constr. rmsd
   -5.69599e+04    3.46388e+02   -2.93116e+03    1.91095e-04

           Step           Time
           2250        9.00000

   Energies (kJ/mol)
          Angle    Proper Dih.  Improper Dih.          LJ-14     Coulomb-14
    4.77932e+02    4.67718e+02    3.36939e+01    1.77282e+02   -3.76844e+03
        LJ (SR)   Coulomb (SR)      Potential    Kinetic En.   Total Energy
    7.59861e+03   -9.00262e+04   -8.50394e+04    1.39296e+04   -7.11098e+04
  Conserved En.    Temperature Pressure (bar)   Constr. rmsd
   -5.60479e+04    3.49979e+02   -3.87715e+03    2.08817e-04

           Step           Time
           2300        9.20000

Group rest with mass  2.93300e+04, Ekrot  2.68494e+00 Det(I) =  3.50892e+13
  COM:      2.06526       2.06854       1.45685
  P:       -4.09249      -3.19952      -7.80107
  V:       -0.00014      -0.00011      -0.00027
  J:      -90.88860     569.25317       1.89318
  w:       -0.00143       0.00920       0.00002
Inertia tensor (3x3):
   Inertia tensor[    0]={ 4.12916e+04,  2.29820e+02, -2.41781e+02}
   Inertia tensor[    1]={ 2.29820e+02,  4.14193e+04, -6.72031e+01}
   Inertia tensor[    2]={-2.41781e+02, -6.72031e+01,  2.05189e+04}
   Energies (kJ/mol)
          Angle    Proper Dih.  Improper Dih.          LJ-14     Coulomb-14
    4.80839e+02    4.54061e+02    4.60824e+01    2.00701e+02   -3.74687e+03
        LJ (SR)   Coulomb (SR)      Potential    Kinetic En.   Total Energy
    7.60144e+03   -9.02070e+04   -8.51707e+04    1.42892e+04   -7.08815e+04
  Conserved En.    Temperature Pressure (bar)   Constr. rmsd
   -5.51919e+04    3.59013e+02   -3.28720e+03    1.74280e-04

           Step           Time
           2350        9.40000

   Energies (kJ/mol)
          Angle    Proper Dih.  Improper Dih.          LJ-14     Coulomb-14
    4.61285e+02    4.82989e+02    4.11304e+01    1.97110e+02   -3.75088e+03
        LJ (SR)   Coulomb (SR)      Potential    Kinetic En.   Total Energy
    7.81186e+03   -9.03922e+04   -8.51487e+04    1.43641e+04   -7.07846e+04
  Conserved En.    Temperature Pressure (bar)   Constr. rmsd
   -5.43734e+04    3.60895e+02   -3.33457e+03    1.92166e-04

           Step           Time
           2400        9.60000

Group rest with mass  2.93300e+04, Ekrot  1.55958e+00 Det(I) =  3.51669e+13
  COM:      2.07177       2.07816       1.46968
  P:       -0.31011      -0.03031       4.02029
  V:       -0.00001      -0.00000       0.00014
  J:      395.68228     127.36353     165.67751
  w:        0.00639       0.00206       0.00198
Inertia tensor (3x3):
   Inertia tensor[    0]={ 4.14116e+04,  1.13562e+02, -1.60938e+02}
   Inertia tensor[    1]={ 1.13562e+02,  4.13612e+04, -3.28406e+02}
   Inertia tensor[    2]={-1.60938e+02, -3.28406e+02,  2.05348e+04}
   Energies (kJ/mol)
          Angle    Proper Dih.  Improper Dih.          LJ-14     Coulomb-14
    4.62793e+02    4.98247e+02    3.95421e+01    2.10752e+02   -3.73975e+03
        LJ (SR)   Coulomb (SR)      Potential    Kinetic En.   Total Energy
    7.54337e+03   -8.99667e+04   -8.49518e+04    1.45181e+04   -7.04336e+04
  Conserved En.    Temperature Pressure (bar)   Constr. rmsd
   -5.33484e+04    3.64765e+02   -4.01695e+03    1.65645e-04

           Step           Time
           2450        9.80000

   Energies (kJ/mol)
          Angle    Proper Dih.  Improper Dih.          LJ-14     Coulomb-14
    4.99699e+02    4.83191e+02    3.31468e+01    1.86755e+02   -3.69727e+03
        LJ (SR)   Coulomb (SR)      Potential    Kinetic En.   Total Energy
    8.15025e+03   -9.02411e+04   -8.45853e+04    1.42628e+04   -7.03225e+04
  Conserved En.    Temperature Pressure (bar)   Constr. rmsd
   -5.23861e+04    3.58350e+02   -2.03315e+03    1.88285e-04

           Step           Time
           2500       10.00000

Group rest with mass  2.93300e+04, Ekrot  4.72813e+00 Det(I) =  3.50973e+13
  COM:      2.06945       2.07697       1.46616
  P:        1.78522       1.69180      -2.79712
  V:        0.00006       0.00006      -0.00010
  J:       84.50818    -637.23914     476.78958
  w:        0.00123      -0.01033       0.00580
Inertia tensor (3x3):
   Inertia tensor[    0]={ 4.11639e+04,  6.59430e+02, -1.96023e+02}
   Inertia tensor[    1]={ 6.59430e+02,  4.14569e+04, -2.75812e+02}
   Inertia tensor[    2]={-1.96023e+02, -2.75812e+02,  2.05745e+04}
   Energies (kJ/mol)
          Angle    Proper Dih.  Improper Dih.          LJ-14     Coulomb-14
    4.97955e+02    4.58984e+02    4.01525e+01    2.00883e+02   -3.73376e+03
        LJ (SR)   Coulomb (SR)      Potential    Kinetic En.   Total Energy
    7.52024e+03   -8.97545e+04   -8.47701e+04    1.43795e+04   -7.03905e+04
  Conserved En.    Temperature Pressure (bar)   Constr. rmsd
   -5.15423e+04    3.61283e+02   -5.21662e+03    1.49930e-04

           Step           Time
           2550       10.20000

   Energies (kJ/mol)
          Angle    Proper Dih.  Improper Dih.          LJ-14     Coulomb-14
    4.69466e+02    4.53855e+02    2.41573e+01    2.04821e+02   -3.70729e+03
        LJ (SR)   Coulomb (SR)      Potential    Kinetic En.   Total Energy
    7.53977e+03   -9.00477e+04   -8.50629e+04    1.44713e+04   -7.05916e+04
  Conserved En.    Temperature Pressure (bar)   Constr. rmsd
   -5.07762e+04    3.63588e+02   -3.24795e+03    1.51142e-04

           Step           Time
           2600       10.40000

   Energies (kJ/mol)
          Angle    Proper Dih.  Improper Dih.          LJ-14     Coulomb-14
    4.92345e+02    4.99554e+02    3.90669e+01    1.75877e+02   -3.77140e+03
        LJ (SR)   Coulomb (SR)      Potential    Kinetic En.   Total Energy
    7.73468e+03   -9.07600e+04   -8.55898e+04    1.47550e+04   -7.08349e+04
  Conserved En.    Temperature Pressure (bar)   Constr. rmsd
   -4.99580e+04    3.70715e+02   -3.24505e+03    2.02651e-04

           Step           Time
           2650       10.60000

   Energies (kJ/mol)
          Angle    Proper Dih.  Improper Dih.          LJ-14     Coulomb-14
    4.56986e+02    4.58796e+02    2.32445e+01    2.08935e+02   -3.71352e+03
        LJ (SR)   Coulomb (SR)      Potential    Kinetic En.   Total Energy
    7.67202e+03   -9.01491e+04   -8.50426e+04    1.40457e+04   -7.09969e+04
  Conserved En.    Temperature Pressure (bar)   Constr. rmsd
   -4.91579e+04    3.52896e+02   -1.32323e+03    1.58015e-04

           Step           Time
           2700       10.80000

Group rest with mass  2.93300e+04, Ekrot  2.01556e+00 Det(I) =  3.50563e+13
  COM:      2.06212       2.08078       1.46520
  P:        3.43402       0.20856       3.09171
  V:        0.00012       0.00001       0.00011
  J:     -305.88049    -180.19327    -407.25534
  w:       -0.00493      -0.00292      -0.00491
Inertia tensor (3x3):
   Inertia tensor[    0]={ 4.11279e+04,  2.27258e+02, -1.71586e+02}
   Inertia tensor[    1]={ 2.27258e+02,  4.15086e+04, -3.01047e+02}
   Inertia tensor[    2]={-1.71586e+02, -3.01047e+02,  2.05383e+04}
   Energies (kJ/mol)
          Angle    Proper Dih.  Improper Dih.          LJ-14     Coulomb-14
    4.98605e+02    4.81693e+02    3.91341e+01    1.89264e+02   -3.76313e+03
        LJ (SR)   Coulomb (SR)      Potential    Kinetic En.   Total Energy
    7.41947e+03   -9.00815e+04   -8.52165e+04    1.44224e+04   -7.07940e+04
  Conserved En.    Temperature Pressure (bar)   Constr. rmsd
   -4.83848e+04    3.62361e+02   -4.00965e+03    2.13789e-04

           Step           Time
           2750       11.00000

   Energies (kJ/mol)
          Angle    Proper Dih.  Improper Dih.          LJ-14     Coulomb-14
    5.69765e+02    4.63412e+02    2.98699e+01    1.81636e+02   -3.79002e+03
        LJ (SR)   Coulomb (SR)      Potential    Kinetic En.   Total Energy
    7.73636e+03   -9.04593e+04   -8.52683e+04    1.44970e+04   -7.07713e+04
  Conserved En.    Temperature Pressure (bar)   Constr. rmsd
   -4.74378e+04    3.64234e+02   -1.77006e+03    1.99383e-04

           Step           Time
           2800       11.20000

Group rest with mass  2.93300e+04, Ekrot  7.93262e+00 Det(I) =  3.52047e+13
  COM:      2.06842       2.08709       1.46449
  P:        1.16011       1.03669      -1.54803
  V:        0.00004       0.00004      -0.00005
  J:     -488.80615     515.81744    -800.12225
  w:       -0.00777       0.00838      -0.00968
Inertia tensor (3x3):
   Inertia tensor[    0]={ 4.12015e+04,  4.65359e+02, -1.41094e+02}
   Inertia tensor[    1]={ 4.65359e+02,  4.17678e+04, -4.79117e+02}
   Inertia tensor[    2]={-1.41094e+02, -4.79117e+02,  2.04657e+04}
   Energies (kJ/mol)
          Angle    Proper Dih.  Improper Dih.          LJ-14     Coulomb-14
    5.20531e+02    4.88538e+02    2.34337e+01    1.86781e+02   -3.74033e+03
        LJ (SR)   Coulomb (SR)      Potential    Kinetic En.   Total Energy
    7.57718e+03   -9.02715e+04   -8.52154e+04    1.46909e+04   -7.05244e+04
  Conserved En.    Temperature Pressure (bar)   Constr. rmsd
   -4.65398e+04    3.69106e+02   -2.36066e+03    1.71179e-04

           Step           Time
           2850       11.40000

   Energies (kJ/mol)
          Angle    Proper Dih.  Improper Dih.          LJ-14     Coulomb-14
    4.86646e+02    4.67729e+02    2.53628e+01    2.08648e+02   -3.78647e+03
        LJ (SR)   Coulomb (SR)      Potential    Kinetic En.   Total Energy
    7.37409e+03   -8.98455e+04   -8.50695e+04    1.45722e+04   -7.04973e+04
  Conserved En.    Temperature Pressure (bar)   Constr. rmsd
   -4.56802e+04    3.66123e+02   -2.07035e+03    2.23884e-04

           Step           Time
           2900       11.60000

Group rest with mass  2.93300e+04, Ekrot  6.15343e+00 Det(I) =  3.52995e+13
  COM:      2.06392       2.08901       1.46677
  P:       -3.93955      -0.35596      -3.57338
  V:       -0.00013      -0.00001      -0.00012
  J:      746.20026      76.67165     521.44983
  w:        0.01199       0.00145       0.00624
Inertia tensor (3x3):
   Inertia tensor[    0]={ 4.12834e+04,  1.26094e+03, -2.34805e+02}
   Inertia tensor[    1]={ 1.26094e+03,  4.18042e+04, -3.90484e+02}
   Inertia tensor[    2]={-2.34805e+02, -3.90484e+02,  2.04775e+04}
   Energies (kJ/mol)
          Angle    Proper Dih.  Improper Dih.          LJ-14     Coulomb-14
    4.99603e+02    4.79764e+02    4.63211e+01    1.63980e+02   -3.84851e+03
        LJ (SR)   Coulomb (SR)      Potential    Kinetic En.   Total Energy
    7.68551e+03   -8.99960e+04   -8.49693e+04    1.44026e+04   -7.05667e+04
  Conserved En.    Temperature Pressure (bar)   Constr. rmsd
   -4.47855e+04    3.61862e+02   -1.90889e+03    2.20254e-04

           Step           Time
           2950       11.80000

   Energies (kJ/mol)
          Angle    Proper Dih.  Improper Dih.          LJ-14     Coulomb-14
    4.79051e+02    4.61032e+02    4.15068e+01    1.77464e+02   -3.77842e+03
        LJ (SR)   Coulomb (SR)      Potential    Kinetic En.   Total Energy
    7.89566e+03   -9.03312e+04   -8.50549e+04    1.46252e+04   -7.04298e+04
  Conserved En.    Temperature Pressure (bar)   Constr. rmsd
   -4.38639e+04    3.67454e+02   -2.11548e+03    2.03990e-04

           Step           Time
           3000       12.00000

Group rest with mass  2.93300e+04, Ekrot  5.29489e+00 Det(I) =  3.53003e+13
  COM:      2.06636       2.08353       1.45948
  P:       -3.36694      -2.57970       2.06870
  V:       -0.00011      -0.00009       0.00007
  J:      663.19904     416.85965     231.99037
  w:        0.01070       0.00683       0.00278
Inertia tensor (3x3):
   Inertia tensor[    0]={ 4.12422e+04,  4.93016e+02,  3.05234e+01}
   Inertia tensor[    1]={ 4.93016e+02,  4.18238e+04, -2.12961e+02}
   Inertia tensor[    2]={ 3.05234e+01, -2.12961e+02,  2.04691e+04}
   Energies (kJ/mol)
          Angle    Proper Dih.  Improper Dih.          LJ-14     Coulomb-14
    4.79687e+02    4.99112e+02    3.85039e+01    2.01095e+02   -3.74334e+03
        LJ (SR)   Coulomb (SR)      Potential    Kinetic En.   Total Energy
    7.36672e+03   -9.00447e+04   -8.52029e+04    1.48242e+04   -7.03787e+04
  Conserved En.    Temperature Pressure (bar)   Constr. rmsd
   -4.30149e+04    3.72454e+02   -3.07357e+03    1.83783e-04

           Step           Time
           3050       12.20000

   Energies (kJ/mol)
          Angle    Proper Dih.  Improper Dih.          LJ-14     Coulomb-14
    5.10445e+02    4.84976e+02    2.63788e+01    1.95273e+02   -3.76788e+03
        LJ (SR)   Coulomb (SR)      Potential    Kinetic En.   Total Energy
    7.39902e+03   -9.02194e+04   -8.53712e+04    1.43426e+04   -7.10286e+04
  Conserved En.    Temperature Pressure (bar)   Constr. rmsd
   -4.22850e+04    3.60355e+02   -1.67197e+03    1.53560e-04

           Step           Time
           3100       12.40000

   Energies (kJ/mol)
          Angle    Proper Dih.  Improper Dih.          LJ-14     Coulomb-14
    4.87626e+02    4.96054e+02    4.75431e+01    2.03697e+02   -3.75167e+03
        LJ (SR)   Coulomb (SR)      Potential    Kinetic En.   Total Energy
    7.76011e+03   -9.05033e+04   -8.52599e+04    1.43417e+04   -7.09182e+04
  Conserved En.    Temperature Pressure (bar)   Constr. rmsd
   -4.13732e+04    3.60333e+02   -2.51569e+03    1.79780e-04

           Step           Time
           3150       12.60000

   Energies (kJ/mol)
          Angle    Proper Dih.  Improper Dih.          LJ-14     Coulomb-14
    4.36703e+02    4.72075e+02    2.96828e+01    1.93933e+02   -3.70144e+03
        LJ (SR)   Coulomb (SR)      Potential    Kinetic En.   Total Energy
    7.58392e+03   -8.97497e+04   -8.47348e+04    1.41635e+04   -7.05713e+04
  Conserved En.    Temperature Pressure (bar)   Constr. rmsd
   -4.05231e+04    3.55855e+02   -4.09131e+03    2.19020e-04

           Step           Time
           3200       12.80000

Group rest with mass  2.93300e+04, Ekrot  8.19279e+00 Det(I) =  3.52242e+13
  COM:      2.07437       2.09569       1.45019
  P:        0.47424      -4.41943      -3.48209
  V:        0.00002      -0.00015      -0.00012
  J:     -753.58136    -427.45816     583.05713
  w:       -0.01224      -0.00711       0.00707
Inertia tensor (3x3):
   Inertia tensor[    0]={ 4.12432e+04,  8.98797e+02, -1.16977e+02}
   Inertia tensor[    1]={ 8.98797e+02,  4.16094e+04, -1.32234e+02}
   Inertia tensor[    2]={-1.16977e+02, -1.32234e+02,  2.05360e+04}
   Energies (kJ/mol)
          Angle    Proper Dih.  Improper Dih.          LJ-14     Coulomb-14
    5.05613e+02    4.83407e+02    3.12877e+01    1.85737e+02   -3.78270e+03
        LJ (SR)   Coulomb (SR)      Potential    Kinetic En.   Total Energy
    7.55593e+03   -8.97746e+04   -8.47954e+04    1.44917e+04   -7.03037e+04
  Conserved En.    Temperature Pressure (bar)   Constr. rmsd
   -3.97148e+04    3.64101e+02   -4.31220e+03    2.06346e-04

           Step           Time
           3250       13.00000

   Energies (kJ/mol)
          Angle    Proper Dih.  Improper Dih.          LJ-14     Coulomb-14
    5.77463e+02    4.88702e+02    4.22112e+01    1.81803e+02   -3.84913e+03
        LJ (SR)   Coulomb (SR)      Potential    Kinetic En.   Total Energy
    7.32514e+03   -8.94756e+04   -8.47094e+04    1.43627e+04   -7.03467e+04
  Conserved En.    Temperature Pressure (bar)   Constr. rmsd
   -3.87364e+04    3.60860e+02   -4.78461e+03    2.18736e-04

           Step           Time
           3300       13.20000

Group rest with mass  2.93300e+04, Ekrot  1.08421e+00 Det(I) =  3.54393e+13
  COM:      2.07317       2.09462       1.45088
  P:       -1.18925      -0.96383      -0.33549
  V:       -0.00004      -0.00003      -0.00001
  J:     -292.07663     115.70792     221.86818
  w:       -0.00468       0.00180       0.00268
Inertia tensor (3x3):
   Inertia tensor[    0]={ 4.12017e+04,  6.05062e+02, -1.86102e+02}
   Inertia tensor[    1]={ 6.05062e+02,  4.16957e+04, -4.75992e+02}
   Inertia tensor[    2]={-1.86102e+02, -4.75992e+02,  2.06397e+04}
   Energies (kJ/mol)
          Angle    Proper Dih.  Improper Dih.          LJ-14     Coulomb-14
    5.37153e+02    4.45766e+02    3.47474e+01    1.91714e+02   -3.77373e+03
        LJ (SR)   Coulomb (SR)      Potential    Kinetic En.   Total Energy
    7.45228e+03   -8.98885e+04   -8.50006e+04    1.45041e+04   -7.04965e+04
  Conserved En.    Temperature Pressure (bar)   Constr. rmsd
   -3.79710e+04    3.64412e+02   -3.61217e+03    2.20761e-04

           Step           Time
           3350       13.40000

   Energies (kJ/mol)
          Angle    Proper Dih.  Improper Dih.          LJ-14     Coulomb-14
    5.34045e+02    4.69892e+02    3.79418e+01    1.96215e+02   -3.79598e+03
        LJ (SR)   Coulomb (SR)      Potential    Kinetic En.   Total Energy
    7.22917e+03   -8.95406e+04   -8.48693e+04    1.46103e+04   -7.02591e+04
  Conserved En.    Temperature Pressure (bar)   Constr. rmsd
   -3.69877e+04    3.67080e+02   -1.47892e+03    2.03869e-04

           Step           Time
           3400       13.60000

Group rest with mass  2.93300e+04, Ekrot  9.22584e+00 Det(I) =  3.56256e+13
  COM:      2.07159       2.08614       1.45309
  P:       -2.16200       0.66435       1.16086
  V:       -0.00007       0.00002       0.00004
  J:    -1015.53833    -126.97241     370.01392
  w:       -0.01626      -0.00233       0.00445
Inertia tensor (3x3):
   Inertia tensor[    0]={ 4.11446e+04,  9.95047e+02,  5.99922e+01}
   Inertia tensor[    1]={ 9.95047e+02,  4.19336e+04, -2.39609e+02}
   Inertia tensor[    2]={ 5.99922e+01, -2.39609e+02,  2.06618e+04}
   Energies (kJ/mol)
          Angle    Proper Dih.  Improper Dih.          LJ-14     Coulomb-14
    4.39628e+02    5.01695e+02    5.18082e+01    2.05392e+02   -3.71987e+03
        LJ (SR)   Coulomb (SR)      Potential    Kinetic En.   Total Energy
    7.30328e+03   -8.98486e+04   -8.50666e+04    1.43844e+04   -7.06823e+04
  Conserved En.    Temperature Pressure (bar)   Constr. rmsd
   -3.61082e+04    3.61404e+02   -1.48379e+03    1.72803e-04

           Step           Time
           3450       13.80000

   Energies (kJ/mol)
          Angle    Proper Dih.  Improper Dih.          LJ-14     Coulomb-14
    4.88653e+02    4.94104e+02    2.50035e+01    1.90984e+02   -3.67525e+03
        LJ (SR)   Coulomb (SR)      Potential    Kinetic En.   Total Energy
    7.53924e+03   -8.98865e+04   -8.48237e+04    1.41401e+04   -7.06837e+04
  Conserved En.    Temperature Pressure (bar)   Constr. rmsd
   -3.53046e+04    3.55266e+02   -2.81209e+03    1.99651e-04

           Step           Time
           3500       14.00000

Group rest with mass  2.93300e+04, Ekrot  3.36098e+00 Det(I) =  3.57346e+13
  COM:      2.08271       2.09442       1.45119
  P:        1.29143       0.83636       0.05567
  V:        0.00004       0.00003       0.00000
  J:      586.15918    -236.49806    -194.22617
  w:        0.00925      -0.00357      -0.00235
Inertia tensor (3x3):
   Inertia tensor[    0]={ 4.09912e+04,  1.62388e+03, -1.47320e+02}
   Inertia tensor[    1]={ 1.62388e+03,  4.19974e+04, -2.68617e+02}
   Inertia tensor[    2]={-1.47320e+02, -2.68617e+02,  2.07916e+04}
   Energies (kJ/mol)
          Angle    Proper Dih.  Improper Dih.          LJ-14     Coulomb-14
    4.87813e+02    4.87234e+02    3.50881e+01    1.91134e+02   -3.83726e+03
        LJ (SR)   Coulomb (SR)      Potential    Kinetic En.   Total Energy
    7.74631e+03   -9.03812e+04   -8.52709e+04    1.43918e+04   -7.08790e+04
  Conserved En.    Temperature Pressure (bar)   Constr. rmsd
   -3.45145e+04    3.61592e+02   -1.63066e+03    2.30505e-04

           Step           Time
           3550       14.20000

   Energies (kJ/mol)
          Angle    Proper Dih.  Improper Dih.          LJ-14     Coulomb-14
    4.82209e+02    4.86261e+02    4.75105e+01    1.83679e+02   -3.74564e+03
        LJ (SR)   Coulomb (SR)      Potential    Kinetic En.   Total Energy
    7.46787e+03   -9.00274e+04   -8.51055e+04    1.42379e+04   -7.08676e+04
  Conserved En.    Temperature Pressure (bar)   Constr. rmsd
   -3.35715e+04    3.57725e+02   -8.99482e+02    1.85502e-04

           Step           Time
           3600       14.40000

Group rest with mass  2.93300e+04, Ekrot  6.99485e+00 Det(I) =  3.53795e+13
  COM:      2.09222       2.09400       1.45260
  P:        0.94190      -1.24855       3.60587
  V:        0.00003      -0.00004       0.00012
  J:      596.46344    -718.16980    -126.55116
  w:        0.00936      -0.01143      -0.00154
Inertia tensor (3x3):
   Inertia tensor[    0]={ 4.11201e+04,  1.19057e+03, -2.93031e+02}
   Inertia tensor[    1]={ 1.19057e+03,  4.16282e+04, -1.75914e+02}
   Inertia tensor[    2]={-2.93031e+02, -1.75914e+02,  2.06884e+04}
   Energies (kJ/mol)
          Angle    Proper Dih.  Improper Dih.          LJ-14     Coulomb-14
    4.55181e+02    5.07935e+02    3.25512e+01    1.97971e+02   -3.68264e+03
        LJ (SR)   Coulomb (SR)      Potential    Kinetic En.   Total Energy
    6.98470e+03   -8.96109e+04   -8.51152e+04    1.43265e+04   -7.07887e+04
  Conserved En.    Temperature Pressure (bar)   Constr. rmsd
   -3.28490e+04    3.59950e+02   -4.68362e+03    2.20373e-04

           Step           Time
           3650       14.60000

   Energies (kJ/mol)
          Angle    Proper Dih.  Improper Dih.          LJ-14     Coulomb-14
    5.50122e+02    4.75322e+02    2.00624e+01    1.94987e+02   -3.78188e+03
        LJ (SR)   Coulomb (SR)      Potential    Kinetic En.   Total Energy
    7.68206e+03   -9.00447e+04   -8.49040e+04    1.40909e+04   -7.08131e+04
  Conserved En.    Temperature Pressure (bar)   Constr. rmsd
   -3.19781e+04    3.54031e+02   -3.22430e+03    1.82037e-04

           Step           Time
           3700       14.80000

Group rest with mass  2.93300e+04, Ekrot  1.06196e+00 Det(I) =  3.56453e+13
  COM:      2.07925       2.09589       1.45971
  P:       -0.85725      -1.96610      -0.50178
  V:       -0.00003      -0.00007      -0.00002
  J:     -294.26581     216.63771     -29.80999
  w:       -0.00465       0.00343      -0.00037
Inertia tensor (3x3):
   Inertia tensor[    0]={ 4.11915e+04,  9.29719e+02, -2.86781e+02}
   Inertia tensor[    1]={ 9.29719e+02,  4.18216e+04, -5.86672e+02}
   Inertia tensor[    2]={-2.86781e+02, -5.86672e+02,  2.07120e+04}
   Energies (kJ/mol)
          Angle    Proper Dih.  Improper Dih.          LJ-14     Coulomb-14
    5.23827e+02    4.91203e+02    2.97643e+01    1.82001e+02   -3.80552e+03
        LJ (SR)   Coulomb (SR)      Potential    Kinetic En.   Total Energy
    7.75858e+03   -8.99296e+04   -8.47498e+04    1.40599e+04   -7.06899e+04
  Conserved En.    Temperature Pressure (bar)   Constr. rmsd
   -3.11940e+04    3.53251e+02   -3.88634e+03    1.77989e-04

           Step           Time
           3750       15.00000

   Energies (kJ/mol)
          Angle    Proper Dih.  Improper Dih.          LJ-14     Coulomb-14
    4.86240e+02    4.66438e+02    3.51317e+01    2.08949e+02   -3.76745e+03
        LJ (SR)   Coulomb (SR)      Potential    Kinetic En.   Total Energy
    7.58367e+03   -8.98349e+04   -8.48219e+04    1.39041e+04   -7.09178e+04
  Conserved En.    Temperature Pressure (bar)   Constr. rmsd
   -3.03092e+04    3.49338e+02   -2.76220e+03    1.45950e-04

           Step           Time
           3800       15.20000

Group rest with mass  2.93300e+04, Ekrot  1.86974e+00 Det(I) =  3.55287e+13
  COM:      2.08830       2.10508       1.45631
  P:       -0.37601      -0.13673       0.46129
  V:       -0.00001      -0.00000       0.00002
  J:     -273.54181    -384.39981      90.43299
  w:       -0.00448      -0.00627       0.00114
Inertia tensor (3x3):
   Inertia tensor[    0]={ 4.13561e+04,  8.68320e+02, -2.39156e+02}
   Inertia tensor[    1]={ 8.68320e+02,  4.16351e+04, -4.37609e+02}
   Inertia tensor[    2]={-2.39156e+02, -4.37609e+02,  2.06488e+04}
   Energies (kJ/mol)
          Angle    Proper Dih.  Improper Dih.          LJ-14     Coulomb-14
    5.48803e+02    4.87074e+02    3.99152e+01    1.96420e+02   -3.76546e+03
        LJ (SR)   Coulomb (SR)      Potential    Kinetic En.   Total Energy
    7.85776e+03   -9.04094e+04   -8.50449e+04    1.40880e+04   -7.09569e+04
  Conserved En.    Temperature Pressure (bar)   Constr. rmsd
   -2.95496e+04    3.53958e+02   -3.06427e+03    2.42165e-04

           Step           Time
           3850       15.40000

   Energies (kJ/mol)
          Angle    Proper Dih.  Improper Dih.          LJ-14     Coulomb-14
    5.18543e+02    5.13654e+02    3.24414e+01    1.78278e+02   -3.77323e+03
        LJ (SR)   Coulomb (SR)      Potential    Kinetic En.   Total Energy
    7.68005e+03   -9.02913e+04   -8.51416e+04    1.37962e+04   -7.13454e+04
  Conserved En.    Temperature Pressure (bar)   Constr. rmsd
   -2.87212e+04    3.46627e+02   -1.78595e+03    2.25995e-04

           Step           Time
           3900       15.60000

Group rest with mass  2.93300e+04, Ekrot  3.85696e+00 Det(I) =  3.51118e+13
  COM:      2.09437       2.09605       1.45249
  P:       -1.56327       2.02171      -1.71362
  V:       -0.00005       0.00007      -0.00006
  J:     -102.00161    -650.12366    -239.95168
  w:       -0.00170      -0.01055      -0.00284
Inertia tensor (3x3):
   Inertia tensor[    0]={ 4.09242e+04,  3.72320e+02, -5.54062e+01}
   Inertia tensor[    1]={ 3.72320e+02,  4.16237e+04, -5.08680e+02}
   Inertia tensor[    2]={-5.54062e+01, -5.08680e+02,  2.06205e+04}
   Energies (kJ/mol)
          Angle    Proper Dih.  Improper Dih.          LJ-14     Coulomb-14
    4.94772e+02    4.54685e+02    2.20514e+01    1.89559e+02   -3.71524e+03
        LJ (SR)   Coulomb (SR)      Potential    Kinetic En.   Total Energy
    7.49410e+03   -8.99271e+04   -8.49871e+04    1.38481e+04   -7.11391e+04
  Conserved En.    Temperature Pressure (bar)   Constr. rmsd
   -2.78073e+04    3.47930e+02   -2.21860e+03    2.09233e-04

           Step           Time
           3950       15.80000

   Energies (kJ/mol)
          Angle    Proper Dih.  Improper Dih.          LJ-14     Coulomb-14
    5.08801e+02    4.71455e+02    2.53880e+01    2.00700e+02   -3.79007e+03
        LJ (SR)   Coulomb (SR)      Potential    Kinetic En.   Total Energy
    7.59534e+03   -9.01174e+04   -8.51058e+04    1.41484e+04   -7.09573e+04
  Conserved En.    Temperature Pressure (bar)   Constr. rmsd
   -2.69374e+04    3.55476e+02   -3.21013e+03    1.90235e-04

           Step           Time
           4000       16.00000

Group rest with mass  2.93300e+04, Ekrot  3.10420e+00 Det(I) =  3.53603e+13
  COM:      2.08468       2.10448       1.45059
  P:        1.03149      -0.40841      -1.70370
  V:        0.00004      -0.00001      -0.00006
  J:     -606.98676     -73.33549    -125.34690
  w:       -0.00978      -0.00118      -0.00148
Inertia tensor (3x3):
   Inertia tensor[    0]={ 4.14354e+04,  8.80859e+01, -1.91984e+02}
   Inertia tensor[    1]={ 8.80859e+01,  4.14491e+04, -6.12469e+02}
   Inertia tensor[    2]={-1.91984e+02, -6.12469e+02,  2.05987e+04}
   Energies (kJ/mol)
          Angle    Proper Dih.  Improper Dih.          LJ-14     Coulomb-14
    5.02758e+02    4.87049e+02    3.80644e+01    2.06623e+02   -3.77503e+03
        LJ (SR)   Coulomb (SR)      Potential    Kinetic En.   Total Energy
    7.41597e+03   -8.96648e+04   -8.47894e+04    1.42033e+04   -7.05861e+04
  Conserved En.    Temperature Pressure (bar)   Constr. rmsd
   -2.60054e+04    3.56854e+02   -3.75941e+03    2.46208e-04

           Step           Time
           4050       16.20000

   Energies (kJ/mol)
          Angle    Proper Dih.  Improper Dih.          LJ-14     Coulomb-14
    5.02662e+02    4.80800e+02    4.39838e+01    1.88187e+02   -3.83238e+03
        LJ (SR)   Coulomb (SR)      Potential    Kinetic En.   Total Energy
    7.74751e+03   -9.00608e+04   -8.49300e+04    1.43514e+04   -7.05786e+04
  Conserved En.    Temperature Pressure (bar)   Constr. rmsd
   -2.51443e+04    3.60577e+02   -3.19812e+02    1.96765e-04

           Step           Time
           4100       16.40000

Group rest with mass  2.93300e+04, Ekrot  5.41173e+00 Det(I) =  3.52432e+13
  COM:      2.06928       2.08168       1.45956
  P:       -1.38905      -2.21927      -0.94522
  V:       -0.00005      -0.00008      -0.00003
  J:      -75.85626     760.13837    -327.23871
  w:       -0.00123       0.01236      -0.00409
Inertia tensor (3x3):
   Inertia tensor[    0]={ 4.11614e+04, -1.24836e+02, -2.10047e+02}
   Inertia tensor[    1]={-1.24836e+02,  4.14769e+04, -8.80875e+02}
   Inertia tensor[    2]={-2.10047e+02, -8.80875e+02,  2.06633e+04}
   Energies (kJ/mol)
          Angle    Proper Dih.  Improper Dih.          LJ-14     Coulomb-14
    5.73840e+02    4.84020e+02    3.80131e+01    1.91828e+02   -3.76381e+03
        LJ (SR)   Coulomb (SR)      Potential    Kinetic En.   Total Energy
    7.86682e+03   -8.96537e+04   -8.42630e+04    1.41914e+04   -7.00715e+04
  Conserved En.    Temperature Pressure (bar)   Constr. rmsd
   -2.41867e+04    3.56557e+02   -2.38314e+03    1.93915e-04

           Step           Time
           4150       16.60000

   Energies (kJ/mol)
          Angle    Proper Dih.  Improper Dih.          LJ-14     Coulomb-14
    5.62074e+02    4.99625e+02    3.24274e+01    1.89166e+02   -3.81445e+03
        LJ (SR)   Coulomb (SR)      Potential    Kinetic En.   Total Energy
    7.72561e+03   -8.99376e+04   -8.47432e+04    1.45838e+04   -7.01594e+04
  Conserved En.    Temperature Pressure (bar)   Constr. rmsd
   -2.32465e+04    3.66414e+02   -2.53923e+03    2.38305e-04

           Step           Time
           4200       16.80000

Group rest with mass  2.93300e+04, Ekrot  5.11612e+00 Det(I) =  3.51825e+13
  COM:      2.08886       2.08131       1.45966
  P:       -0.84791      -0.60825      -0.97849
  V:       -0.00003      -0.00002      -0.00003
  J:     -183.46901     730.23682     297.70007
  w:       -0.00299       0.01180       0.00358
Inertia tensor (3x3):
   Inertia tensor[    0]={ 4.11864e+04,  7.24219e+00, -6.12422e+02}
   Inertia tensor[    1]={ 7.24219e+00,  4.14647e+04, -2.78477e+02}
   Inertia tensor[    2]={-6.12422e+02, -2.78477e+02,  2.06123e+04}
   Energies (kJ/mol)
          Angle    Proper Dih.  Improper Dih.          LJ-14     Coulomb-14
    5.69769e+02    5.20539e+02    2.70007e+01    1.77475e+02   -3.86381e+03
        LJ (SR)   Coulomb (SR)      Potential    Kinetic En.   Total Energy
    7.34417e+03   -8.93910e+04   -8.46158e+04    1.43343e+04   -7.02816e+04
  Conserved En.    Temperature Pressure (bar)   Constr. rmsd
   -2.23858e+04    3.60145e+02   -4.16935e+03    2.25540e-04

           Step           Time
           4250       17.00000

   Energies (kJ/mol)
          Angle    Proper Dih.  Improper Dih.          LJ-14     Coulomb-14
    5.25121e+02    5.25077e+02    4.90194e+01    1.86829e+02   -3.82728e+03
        LJ (SR)   Coulomb (SR)      Potential    Kinetic En.   Total Energy
    7.38098e+03   -8.94569e+04   -8.46172e+04    1.41319e+04   -7.04853e+04
  Conserved En.    Temperature Pressure (bar)   Constr. rmsd
   -2.16348e+04    3.55060e+02   -4.14439e+03    1.67198e-04

           Step           Time
           4300       17.20000

   Energies (kJ/mol)
          Angle    Proper Dih.  Improper Dih.          LJ-14     Coulomb-14
    5.05181e+02    4.82902e+02    3.41204e+01    1.92990e+02   -3.73942e+03
        LJ (SR)   Coulomb (SR)      Potential    Kinetic En.   Total Energy
    7.70188e+03   -9.00280e+04   -8.48503e+04    1.42744e+04   -7.05759e+04
  Conserved En.    Temperature Pressure (bar)   Constr. rmsd
   -2.09411e+04    3.58642e+02   -3.06224e+03    1.76321e-04

           Step           Time
           4350       17.40000

   Energies (kJ/mol)
          Angle    Proper Dih.  Improper Dih.          LJ-14     Coulomb-14
    4.63169e+02    4.82434e+02    3.84031e+01    1.84378e+02   -3.75161e+03
        LJ (SR)   Coulomb (SR)      Potential    Kinetic En.   Total Energy
    7.40757e+03   -8.95814e+04   -8.47571e+04    1.42849e+04   -7.04722e+04
  Conserved En.    Temperature Pressure (bar)   Constr. rmsd
   -2.00505e+04    3.58905e+02   -2.86517e+03    2.13428e-04

           Step           Time
           4400       17.60000

Group rest with mass  2.93300e+04, Ekrot  2.08348e+00 Det(I) =  3.54111e+13
  COM:      2.08744       2.10213       1.47808
  P:       -0.50725       1.38885       1.35687
  V:       -0.00002       0.00005       0.00005
  J:     -401.69281    -282.57147     142.58031
  w:       -0.00653      -0.00457       0.00177
Inertia tensor (3x3):
   Inertia tensor[    0]={ 4.16064e+04,  2.60086e+02, -3.86836e+02}
   Inertia tensor[    1]={ 2.60086e+02,  4.11037e+04, -3.42156e+02}
   Inertia tensor[    2]={-3.86836e+02, -3.42156e+02,  2.07133e+04}
   Energies (kJ/mol)
          Angle    Proper Dih.  Improper Dih.          LJ-14     Coulomb-14
    5.08135e+02    4.65817e+02    4.19679e+01    1.89668e+02   -3.78388e+03
        LJ (SR)   Coulomb (SR)      Potential    Kinetic En.   Total Energy
    7.53488e+03   -8.97783e+04   -8.48217e+04    1.42976e+04   -7.05241e+04
  Conserved En.    Temperature Pressure (bar)   Constr. rmsd
   -1.91663e+04    3.59224e+02   -2.42162e+03    1.66033e-04

           Step           Time
           4450       17.80000

   Energies (kJ/mol)
          Angle    Proper Dih.  Improper Dih.          LJ-14     Coulomb-14
    5.08583e+02    4.82551e+02    3.85481e+01    1.97231e+02   -3.72160e+03
        LJ (SR)   Coulomb (SR)      Potential    Kinetic En.   Total Energy
    7.37677e+03   -8.98724e+04   -8.49904e+04    1.45740e+04   -7.04163e+04
  Conserved En.    Temperature Pressure (bar)   Constr. rmsd
   -1.82442e+04    3.66170e+02   -1.83638e+03    1.54759e-04

           Step           Time
           4500       18.00000

Group rest with mass  2.93300e+04, Ekrot  1.06011e+00 Det(I) =  3.53564e+13
  COM:      2.09118       2.10561       1.47399
  P:       -1.44228       2.14328      -1.25475
  V:       -0.00005       0.00007      -0.00004
  J:      313.05405    -136.32440     147.80200
  w:        0.00501      -0.00214       0.00176
Inertia tensor (3x3):
   Inertia tensor[    0]={ 4.13630e+04,  6.67938e+02, -5.27023e+02}
   Inertia tensor[    1]={ 6.67938e+02,  4.13254e+04, -5.30078e+01}
   Inertia tensor[    2]={-5.27023e+02, -5.30078e+01,  2.06964e+04}
   Energies (kJ/mol)
          Angle    Proper Dih.  Improper Dih.          LJ-14     Coulomb-14
    4.92305e+02    4.73876e+02    3.73589e+01    1.88213e+02   -3.75890e+03
        LJ (SR)   Coulomb (SR)      Potential    Kinetic En.   Total Energy
    7.37320e+03   -9.00370e+04   -8.52309e+04    1.44699e+04   -7.07610e+04
  Conserved En.    Temperature Pressure (bar)   Constr. rmsd
   -1.75649e+04    3.63554e+02   -1.59561e+03    1.54439e-04

           Step           Time
           4550       18.20000

   Energies (kJ/mol)
          Angle    Proper Dih.  Improper Dih.          LJ-14     Coulomb-14
    5.05598e+02    4.75235e+02    3.43133e+01    1.85117e+02   -3.76711e+03
        LJ (SR)   Coulomb (SR)      Potential    Kinetic En.   Total Energy
    7.13908e+03   -8.97378e+04   -8.51656e+04    1.41832e+04   -7.09824e+04
  Conserved En.    Temperature Pressure (bar)   Constr. rmsd
   -1.66206e+04    3.56350e+02   -3.17059e+03    1.69138e-04

           Step           Time
           4600       18.40000

Group rest with mass  2.93300e+04, Ekrot  2.97885e+00 Det(I) =  3.53957e+13
  COM:      2.07497       2.10031       1.47407
  P:       -2.52118       1.24125      -1.18354
  V:       -0.00009       0.00004      -0.00004
  J:     -391.77051    -398.52420    -275.12585
  w:       -0.00632      -0.00647      -0.00329
Inertia tensor (3x3):
   Inertia tensor[    0]={ 4.12667e+04,  4.09195e+02, -5.56406e+02}
   Inertia tensor[    1]={ 4.09195e+02,  4.13795e+04, -1.36172e+01}
   Inertia tensor[    2]={-5.56406e+02, -1.36172e+01,  2.07379e+04}
   Energies (kJ/mol)
          Angle    Proper Dih.  Improper Dih.          LJ-14     Coulomb-14
    4.80662e+02    4.49735e+02    3.04743e+01    1.99985e+02   -3.74141e+03
        LJ (SR)   Coulomb (SR)      Potential    Kinetic En.   Total Energy
    7.49440e+03   -8.98561e+04   -8.49423e+04    1.41112e+04   -7.08311e+04
  Conserved En.    Temperature Pressure (bar)   Constr. rmsd
   -1.58225e+04    3.54540e+02   -3.31463e+03    2.01964e-04

           Step           Time
           4650       18.60000

   Energies (kJ/mol)
          Angle    Proper Dih.  Improper Dih.          LJ-14     Coulomb-14
    4.78729e+02    4.58917e+02    3.06912e+01    1.90655e+02   -3.70581e+03
        LJ (SR)   Coulomb (SR)      Potential    Kinetic En.   Total Energy
    7.42160e+03   -8.99155e+04   -8.50407e+04    1.41250e+04   -7.09157e+04
  Conserved En.    Temperature Pressure (bar)   Constr. rmsd
   -1.50685e+04    3.54887e+02   -4.02765e+03    1.73524e-04

           Step           Time
           4700       18.80000

Group rest with mass  2.93300e+04, Ekrot  5.29627e+00 Det(I) =  3.54307e+13
  COM:      2.06565       2.08829       1.47810
  P:        0.53552       1.43322       5.74538
  V:        0.00002       0.00005       0.00020
  J:       94.90035    -120.40089    -920.50092
  w:        0.00152      -0.00188      -0.01110
Inertia tensor (3x3):
   Inertia tensor[    0]={ 4.13560e+04,  7.79359e+02, -1.17281e+02}
   Inertia tensor[    1]={ 7.79359e+02,  4.15195e+04, -2.26547e+02}
   Inertia tensor[    2]={-1.17281e+02, -2.26547e+02,  2.06431e+04}
   Energies (kJ/mol)
          Angle    Proper Dih.  Improper Dih.          LJ-14     Coulomb-14
    5.34563e+02    4.90681e+02    4.44410e+01    1.74505e+02   -3.80999e+03
        LJ (SR)   Coulomb (SR)      Potential    Kinetic En.   Total Energy
    7.09017e+03   -8.97642e+04   -8.52398e+04    1.43832e+04   -7.08566e+04
  Conserved En.    Temperature Pressure (bar)   Constr. rmsd
   -1.41564e+04    3.61375e+02   -4.74783e+03    1.76941e-04

           Step           Time
           4750       19.00000

   Energies (kJ/mol)
          Angle    Proper Dih.  Improper Dih.          LJ-14     Coulomb-14
    5.06806e+02    4.91224e+02    3.61387e+01    1.88552e+02   -3.84806e+03
        LJ (SR)   Coulomb (SR)      Potential    Kinetic En.   Total Energy
    7.44165e+03   -9.00236e+04   -8.52073e+04    1.42217e+04   -7.09856e+04
  Conserved En.    Temperature Pressure (bar)   Constr. rmsd
   -1.33395e+04    3.57317e+02   -3.27438e+03    2.17032e-04

           Step           Time
           4800       19.20000

Group rest with mass  2.93300e+04, Ekrot  1.50071e+00 Det(I) =  3.49581e+13
  COM:      2.06712       2.10903       1.47701
  P:       -0.83003       2.64834      -0.61665
  V:       -0.00003       0.00009      -0.00002
  J:      109.63359    -391.27356     166.53886
  w:        0.00171      -0.00633       0.00202
Inertia tensor (3x3):
   Inertia tensor[    0]={ 4.10713e+04,  4.62672e+02, -5.26633e+02}
   Inertia tensor[    1]={ 4.62672e+02,  4.13289e+04, -9.32969e+01}
   Inertia tensor[    2]={-5.26633e+02, -9.32969e+01,  2.06042e+04}
   Energies (kJ/mol)
          Angle    Proper Dih.  Improper Dih.          LJ-14     Coulomb-14
    4.71581e+02    5.06953e+02    4.17278e+01    1.81890e+02   -3.77051e+03
        LJ (SR)   Coulomb (SR)      Potential    Kinetic En.   Total Energy
    7.31382e+03   -9.02416e+04   -8.54961e+04    1.43754e+04   -7.11207e+04
  Conserved En.    Temperature Pressure (bar)   Constr. rmsd
   -1.24354e+04    3.61179e+02   -2.41409e+03    2.31824e-04

           Step           Time
           4850       19.40000

   Energies (kJ/mol)
          Angle    Proper Dih.  Improper Dih.          LJ-14     Coulomb-14
    4.96228e+02    5.06159e+02    4.31135e+01    1.83421e+02   -3.78236e+03
        LJ (SR)   Coulomb (SR)      Potential    Kinetic En.   Total Energy
    7.55542e+03   -9.04335e+04   -8.54316e+04    1.43224e+04   -7.11092e+04
  Conserved En.    Temperature Pressure (bar)   Constr. rmsd
   -1.15333e+04    3.59847e+02   -3.63931e+03    1.69248e-04

           Step           Time
           4900       19.60000

Group rest with mass  2.93300e+04, Ekrot  6.70713e+00 Det(I) =  3.51228e+13
  COM:      2.07759       2.09021       1.47242
  P:       -0.29482       0.54620       2.66067
  V:       -0.00001       0.00002       0.00009
  J:      608.00629    -400.75067     636.22748
  w:        0.00973      -0.00652       0.00768
Inertia tensor (3x3):
   Inertia tensor[    0]={ 4.10530e+04,  5.70469e+01, -4.28375e+02}
   Inertia tensor[    1]={ 5.70469e+01,  4.14593e+04, -2.41727e+02}
   Inertia tensor[    2]={-4.28375e+02, -2.41727e+02,  2.06417e+04}
   Energies (kJ/mol)
          Angle    Proper Dih.  Improper Dih.          LJ-14     Coulomb-14
    5.01390e+02    4.65666e+02    3.38523e+01    1.89730e+02   -3.77394e+03
        LJ (SR)   Coulomb (SR)      Potential    Kinetic En.   Total Energy
    7.36973e+03   -9.01643e+04   -8.53778e+04    1.42617e+04   -7.11161e+04
  Conserved En.    Temperature Pressure (bar)   Constr. rmsd
   -1.06473e+04    3.58323e+02   -1.93765e+03    2.01429e-04

           Step           Time
           4950       19.80000

   Energies (kJ/mol)
          Angle    Proper Dih.  Improper Dih.          LJ-14     Coulomb-14
    4.56032e+02    4.53245e+02    3.13784e+01    2.00607e+02   -3.70129e+03
        LJ (SR)   Coulomb (SR)      Potential    Kinetic En.   Total Energy
    7.73728e+03   -9.03838e+04   -8.52065e+04    1.42824e+04   -7.09242e+04
  Conserved En.    Temperature Pressure (bar)   Constr. rmsd
   -9.73543e+03    3.58841e+02   -1.32498e+03    1.59960e-04

           Step           Time
           5000       20.00000

Writing checkpoint, step 5000 at Mon May  8 15:49:01 2023


   Energies (kJ/mol)
          Angle    Proper Dih.  Improper Dih.          LJ-14     Coulomb-14
    5.33186e+02    4.61101e+02    3.23337e+01    2.05334e+02   -3.74520e+03
        LJ (SR)   Coulomb (SR)      Potential    Kinetic En.   Total Energy
    7.95114e+03   -9.07373e+04   -8.52994e+04    1.44734e+04   -7.08261e+04
  Conserved En.    Temperature Pressure (bar)   Constr. rmsd
   -8.99691e+03    3.63640e+02   -2.90176e+03    1.85163e-04


	<======  ###############  ==>
	<====  A V E R A G E S  ====>
	<==  ###############  ======>

	Statistics over 5001 steps using 1001 frames

   Energies (kJ/mol)
          Angle    Proper Dih.  Improper Dih.          LJ-14     Coulomb-14
    4.74673e+02    4.79257e+02    3.41865e+01    1.90395e+02   -3.76417e+03
        LJ (SR)   Coulomb (SR)      Potential    Kinetic En.   Total Energy
    7.84065e+03   -9.07753e+04   -8.55203e+04    1.35686e+04   -7.19517e+04
  Conserved En.    Temperature Pressure (bar)   Constr. rmsd
   -5.15256e+04    3.40909e+02   -2.63077e+03    0.00000e+00

   Total Virial (kJ/mol)
    8.36946e+03   -4.00970e+01    3.54638e+02
   -4.01059e+01    9.00963e+03    1.39541e+02
    3.54624e+02    1.39561e+02    8.17083e+03

   Pressure (bar)
   -2.52446e+03    2.89223e+01   -2.33476e+02
    2.89281e+01   -2.97469e+03   -9.29904e+01
   -2.33466e+02   -9.30035e+01   -2.39316e+03

        T-Water    T-non-Water
    3.42678e+02    3.10471e+02


	M E G A - F L O P S   A C C O U N T I N G

 NB=Group-cutoff nonbonded kernels    NxN=N-by-N cluster Verlet kernels
 RF=Reaction-Field  VdW=Van der Waals  QSTab=quadratic-spline table
 W3=SPC/TIP3p  W4=TIP4p (single or pairs)
 V&F=Potential and force  V=Potential only  F=Force only

 Computing:                               M-Number         M-Flops  % Flops
-----------------------------------------------------------------------------
 Pair Search distance check             846.360718        7617.246     1.4
 NxN RF Elec. + LJ [F]                 6241.838336      237189.857    42.9
 NxN RF Elec. + LJ [V&F]               1562.011528       84348.623    15.2
 NxN RF Electrostatics [F]             5484.962432      170033.835    30.7
 NxN RF Electrostatics [V&F]           1372.610952       49413.994     8.9
 1,4 nonbonded interactions               3.005601         270.504     0.0
 Shift-X                                  2.395281          14.372     0.0
 Angles                                   2.090418         351.190     0.1
 Propers                                  2.950590         675.685     0.1
 Impropers                                0.265053          55.131     0.0
 Virial                                   4.830826          86.955     0.0
 Stop-CM                                  0.248612           2.486     0.0
 Calc-Ekin                                9.571562         258.432     0.0
 Lincs                                    1.180708          70.842     0.0
 Lincs-Mat                               25.095048         100.380     0.0
 Constraint-V                            25.004998         200.040     0.0
 Constraint-Vir                           4.767763         114.426     0.0
 Settle                                   7.549527        2438.497     0.4
-----------------------------------------------------------------------------
 Total                                                  553242.497   100.0
-----------------------------------------------------------------------------


     R E A L   C Y C L E   A N D   T I M E   A C C O U N T I N G

On 1 MPI rank, each using 12 OpenMP threads

 Computing:          Num   Num      Call    Wall time         Giga-Cycles
                     Ranks Threads  Count      (s)         total sum    %
-----------------------------------------------------------------------------
 Neighbor search        1   12        501       5.628        148.575  10.8
 Force                  1   12       5001      33.355        880.497  64.1
 NB X/F buffer ops.     1   12       9501       2.671         70.516   5.1
 Write traj.            1   12       1001       1.902         50.211   3.7
 Update                 1   12       5001       1.477         38.978   2.8
 Constraints            1   12       5003       6.190        163.393  11.9
 Rest                                           0.801         21.139   1.5
-----------------------------------------------------------------------------
 Total                                         52.024       1373.310 100.0
-----------------------------------------------------------------------------

NOTE: 11 % of the run time was spent in pair search,
      you might want to increase nstlist (this has no effect on accuracy)

               Core t (s)   Wall t (s)        (%)
       Time:      624.287       52.024     1200.0
                 (ns/day)    (hour/ns)
Performance:       33.222        0.722
Finished mdrun on rank 0 Mon May  8 15:49:01 2023

