              :-) GROMACS - gmx mdrun, 2020.1-Ubuntu-2020.1-1 (-:

                            GROMACS is written by:
     Emile Apol      Rossen Apostolov      Paul Bauer     Herman J.C. Berendsen
    Par Bjelkmar      Christian Blau   Viacheslav Bolnykh     Kevin Boyd    
 Aldert van Buuren   Rudi van Drunen     Anton Feenstra       Alan Gray     
  Gerrit Groenhof     Anca Hamuraru    Vincent Hindriksen  M. Eric Irrgang  
  Aleksei Iupinov   Christoph Junghans     Joe Jordan     Dimitrios Karkoulis
    Peter Kasson        Jiri Kraus      Carsten Kutzner      Per Larsson    
  Justin A. Lemkul    Viveca Lindahl    Magnus Lundborg     Erik Marklund   
    Pascal Merz     Pieter Meulenhoff    Teemu Murtola       Szilard Pall   
    Sander Pronk      Roland Schulz      Michael Shirts    Alexey Shvetsov  
   Alfons Sijbers     Peter Tieleman      Jon Vincent      Teemu Virolainen 
 Christian Wennberg    Maarten Wolf      Artem Zhmurov   
                           and the project leaders:
        Mark Abraham, Berk Hess, Erik Lindahl, and David van der Spoel

Copyright (c) 1991-2000, University of Groningen, The Netherlands.
Copyright (c) 2001-2019, The GROMACS development team at
Uppsala University, Stockholm University and
the Royal Institute of Technology, Sweden.
check out http://www.gromacs.org for more information.

GROMACS is free software; you can redistribute it and/or modify it
under the terms of the GNU Lesser General Public License
as published by the Free Software Foundation; either version 2.1
of the License, or (at your option) any later version.

GROMACS:      gmx mdrun, version 2020.1-Ubuntu-2020.1-1
Executable:   /usr/bin/gmx
Data prefix:  /usr
Working dir:  /content
Process ID:   52596
Command line:
  gmx mdrun -s /content/sandrozzona-multiscala/tat_4_acqua/MD/tau01/md01.tpr -deffnm /content/sandrozzona-multiscala/tat_4_acqua/MD/tau01/md01 -v -nt 12

GROMACS version:    2020.1-Ubuntu-2020.1-1
Precision:          single
Memory model:       64 bit
MPI library:        thread_mpi
OpenMP support:     enabled (GMX_OPENMP_MAX_THREADS = 64)
GPU support:        disabled
SIMD instructions:  SSE2
FFT library:        fftw-3.3.8-sse2-avx
RDTSCP usage:       disabled
TNG support:        enabled
Hwloc support:      hwloc-2.1.0
Tracing support:    disabled
C compiler:         /usr/bin/cc GNU 9.3.0
C compiler flags:   -msse2 -fexcess-precision=fast -funroll-all-loops
C++ compiler:       /usr/bin/c++ GNU 9.3.0
C++ compiler flags: -msse2 -fexcess-precision=fast -funroll-all-loops -fopenmp


Running on 1 node with total 1 cores, 2 logical cores
Hardware detected:
  CPU info:
    Vendor: Intel
    Brand:  Intel(R) Xeon(R) CPU @ 2.20GHz
    Family: 6   Model: 79   Stepping: 0
    Features: aes apic avx avx2 clfsh cmov cx8 cx16 f16c fma hle htt intel lahf mmx msr nonstop_tsc pcid pclmuldq pdpe1gb popcnt pse rdrnd rdtscp rtm sse2 sse3 sse4.1 sse4.2 ssse3 x2apic
  Hardware topology: Full, with devices
    Sockets, cores, and logical processors:
      Socket  0: [   0   1]
    Numa nodes:
      Node  0 (13616324608 bytes mem):   0   1
      Latency:
               0
         0  1.00
    Caches:
      L1: 32768 bytes, linesize 64 bytes, assoc. 8, shared 2 ways
      L2: 262144 bytes, linesize 64 bytes, assoc. 8, shared 2 ways
      L3: 57671680 bytes, linesize 64 bytes, assoc. 20, shared 2 ways
    PCI devices:
      0000:00:04.0  Id: 1af4:1000  Class: 0x0200  Numa: 0

Highest SIMD level requested by all nodes in run: AVX2_256
SIMD instructions selected at compile time:       SSE2
This program was compiled for different hardware than you are running on,
which could influence performance.
The current CPU can measure timings more accurately than the code in
gmx mdrun was configured to use. This might affect your simulation
speed as accurate timings are needed for load-balancing.
Please consider rebuilding gmx mdrun with the GMX_USE_RDTSCP=ON CMake option.

++++ PLEASE READ AND CITE THE FOLLOWING REFERENCE ++++
M. J. Abraham, T. Murtola, R. Schulz, S. Páll, J. C. Smith, B. Hess, E.
Lindahl
GROMACS: High performance molecular simulations through multi-level
parallelism from laptops to supercomputers
SoftwareX 1 (2015) pp. 19-25
-------- -------- --- Thank You --- -------- --------


++++ PLEASE READ AND CITE THE FOLLOWING REFERENCE ++++
S. Páll, M. J. Abraham, C. Kutzner, B. Hess, E. Lindahl
Tackling Exascale Software Challenges in Molecular Dynamics Simulations with
GROMACS
In S. Markidis & E. Laure (Eds.), Solving Software Challenges for Exascale 8759 (2015) pp. 3-27
-------- -------- --- Thank You --- -------- --------


++++ PLEASE READ AND CITE THE FOLLOWING REFERENCE ++++
S. Pronk, S. Páll, R. Schulz, P. Larsson, P. Bjelkmar, R. Apostolov, M. R.
Shirts, J. C. Smith, P. M. Kasson, D. van der Spoel, B. Hess, and E. Lindahl
GROMACS 4.5: a high-throughput and highly parallel open source molecular
simulation toolkit
Bioinformatics 29 (2013) pp. 845-54
-------- -------- --- Thank You --- -------- --------


++++ PLEASE READ AND CITE THE FOLLOWING REFERENCE ++++
B. Hess and C. Kutzner and D. van der Spoel and E. Lindahl
GROMACS 4: Algorithms for highly efficient, load-balanced, and scalable
molecular simulation
J. Chem. Theory Comput. 4 (2008) pp. 435-447
-------- -------- --- Thank You --- -------- --------


++++ PLEASE READ AND CITE THE FOLLOWING REFERENCE ++++
D. van der Spoel, E. Lindahl, B. Hess, G. Groenhof, A. E. Mark and H. J. C.
Berendsen
GROMACS: Fast, Flexible and Free
J. Comp. Chem. 26 (2005) pp. 1701-1719
-------- -------- --- Thank You --- -------- --------


++++ PLEASE READ AND CITE THE FOLLOWING REFERENCE ++++
E. Lindahl and B. Hess and D. van der Spoel
GROMACS 3.0: A package for molecular simulation and trajectory analysis
J. Mol. Mod. 7 (2001) pp. 306-317
-------- -------- --- Thank You --- -------- --------


++++ PLEASE READ AND CITE THE FOLLOWING REFERENCE ++++
H. J. C. Berendsen, D. van der Spoel and R. van Drunen
GROMACS: A message-passing parallel molecular dynamics implementation
Comp. Phys. Comm. 91 (1995) pp. 43-56
-------- -------- --- Thank You --- -------- --------

Input Parameters:
   integrator                     = md
   tinit                          = 0
   dt                             = 0.004
   nsteps                         = 5000
   init-step                      = 0
   simulation-part                = 1
   comm-mode                      = Angular
   nstcomm                        = 100
   bd-fric                        = 0
   ld-seed                        = -808953824
   emtol                          = 10
   emstep                         = 0.01
   niter                          = 20
   fcstep                         = 0
   nstcgsteep                     = 1000
   nbfgscorr                      = 10
   rtpi                           = 0.05
   nstxout                        = 5
   nstvout                        = 5
   nstfout                        = 0
   nstlog                         = 50
   nstcalcenergy                  = 5
   nstenergy                      = 5
   nstxout-compressed             = 0
   compressed-x-precision         = 1000
   cutoff-scheme                  = Verlet
   nstlist                        = 10
   pbc                            = xyz
   periodic-molecules             = false
   verlet-buffer-tolerance        = 0.005
   rlist                          = 1.214
   coulombtype                    = Cut-off
   coulomb-modifier               = Potential-shift
   rcoulomb-switch                = 0
   rcoulomb                       = 1
   epsilon-r                      = 1
   epsilon-rf                     = inf
   vdw-type                       = Cut-off
   vdw-modifier                   = Potential-shift
   rvdw-switch                    = 0
   rvdw                           = 1
   DispCorr                       = No
   table-extension                = 1
   fourierspacing                 = 0.12
   fourier-nx                     = 0
   fourier-ny                     = 0
   fourier-nz                     = 0
   pme-order                      = 4
   ewald-rtol                     = 1e-05
   ewald-rtol-lj                  = 0.001
   lj-pme-comb-rule               = Geometric
   ewald-geometry                 = 0
   epsilon-surface                = 0
   tcoupl                         = V-rescale
   nsttcouple                     = 10
   nh-chain-length                = 0
   print-nose-hoover-chain-variables = false
   pcoupl                         = No
   pcoupltype                     = Isotropic
   nstpcouple                     = -1
   tau-p                          = 1
   compressibility (3x3):
      compressibility[    0]={ 0.00000e+00,  0.00000e+00,  0.00000e+00}
      compressibility[    1]={ 0.00000e+00,  0.00000e+00,  0.00000e+00}
      compressibility[    2]={ 0.00000e+00,  0.00000e+00,  0.00000e+00}
   ref-p (3x3):
      ref-p[    0]={ 0.00000e+00,  0.00000e+00,  0.00000e+00}
      ref-p[    1]={ 0.00000e+00,  0.00000e+00,  0.00000e+00}
      ref-p[    2]={ 0.00000e+00,  0.00000e+00,  0.00000e+00}
   refcoord-scaling               = No
   posres-com (3):
      posres-com[0]= 0.00000e+00
      posres-com[1]= 0.00000e+00
      posres-com[2]= 0.00000e+00
   posres-comB (3):
      posres-comB[0]= 0.00000e+00
      posres-comB[1]= 0.00000e+00
      posres-comB[2]= 0.00000e+00
   QMMM                           = false
   QMconstraints                  = 0
   QMMMscheme                     = 0
   MMChargeScaleFactor            = 1
qm-opts:
   ngQM                           = 0
   constraint-algorithm           = Lincs
   continuation                   = false
   Shake-SOR                      = false
   shake-tol                      = 0.0001
   lincs-order                    = 4
   lincs-iter                     = 1
   lincs-warnangle                = 30
   nwall                          = 0
   wall-type                      = 9-3
   wall-r-linpot                  = -1
   wall-atomtype[0]               = -1
   wall-atomtype[1]               = -1
   wall-density[0]                = 0
   wall-density[1]                = 0
   wall-ewald-zfac                = 3
   pull                           = false
   awh                            = false
   rotation                       = false
   interactiveMD                  = false
   disre                          = No
   disre-weighting                = Conservative
   disre-mixed                    = false
   dr-fc                          = 1000
   dr-tau                         = 0
   nstdisreout                    = 100
   orire-fc                       = 0
   orire-tau                      = 0
   nstorireout                    = 100
   free-energy                    = no
   cos-acceleration               = 0
   deform (3x3):
      deform[    0]={ 0.00000e+00,  0.00000e+00,  0.00000e+00}
      deform[    1]={ 0.00000e+00,  0.00000e+00,  0.00000e+00}
      deform[    2]={ 0.00000e+00,  0.00000e+00,  0.00000e+00}
   simulated-tempering            = false
   swapcoords                     = no
   userint1                       = 0
   userint2                       = 0
   userint3                       = 0
   userint4                       = 0
   userreal1                      = 0
   userreal2                      = 0
   userreal3                      = 0
   userreal4                      = 0
   applied-forces:
     electric-field:
       x:
         E0                       = 0
         omega                    = 0
         t0                       = 0
         sigma                    = 0
       y:
         E0                       = 0
         omega                    = 0
         t0                       = 0
         sigma                    = 0
       z:
         E0                       = 0
         omega                    = 0
         t0                       = 0
         sigma                    = 0
     density-guided-simulation:
       active                     = false
       group                      = protein
       similarity-measure         = inner-product
       atom-spreading-weight      = unity
       force-constant             = 1e+09
       gaussian-transform-spreading-width = 0.2
       gaussian-transform-spreading-range-in-multiples-of-width = 4
       reference-density-filename = reference.mrc
       nst                        = 1
       normalize-densities        = true
       adaptive-force-scaling     = false
       adaptive-force-scaling-time-constant = 4
grpopts:
   nrdf:     9048.33     525.671
   ref-t:         300         300
   tau-t:         0.1         0.1
annealing:          No          No
annealing-npoints:           0           0
   acc:	           0           0           0
   nfreeze:           N           N           N
   energygrp-flags[  0]: 0


Using 1 MPI thread

Non-default thread affinity set, disabling internal thread affinity

Using 12 OpenMP threads 


WARNING: Oversubscribing the available 2 logical CPU cores with 12 threads.
         This will cause considerable performance loss.
System total charge: 0.000
Potential shift: LJ r^-12: -1.000e+00 r^-6: -1.000e+00, Coulomb -1e+00
Generated table with 1107 data points for 1-4 COUL.
Tabscale = 500 points/nm
Generated table with 1107 data points for 1-4 LJ6.
Tabscale = 500 points/nm
Generated table with 1107 data points for 1-4 LJ12.
Tabscale = 500 points/nm

Using SIMD 4x4 nonbonded short-range kernels

Using a dual 4x4 pair-list setup updated with dynamic pruning:
  outer list: updated every 10 steps, buffer 0.214 nm, rlist 1.214 nm
  inner list: updated every  4 steps, buffer 0.065 nm, rlist 1.065 nm
At tolerance 0.005 kJ/mol/ps per atom, equivalent classical 1x1 list would be:
  outer list: updated every 10 steps, buffer 0.258 nm, rlist 1.258 nm
  inner list: updated every  4 steps, buffer 0.081 nm, rlist 1.081 nm

Using Lorentz-Berthelot Lennard-Jones combination rule

Removing pbc first time

Initializing LINear Constraint Solver

++++ PLEASE READ AND CITE THE FOLLOWING REFERENCE ++++
B. Hess and H. Bekker and H. J. C. Berendsen and J. G. E. M. Fraaije
LINCS: A Linear Constraint Solver for molecular simulations
J. Comp. Chem. 18 (1997) pp. 1463-1472
-------- -------- --- Thank You --- -------- --------

The number of constraints is 236

++++ PLEASE READ AND CITE THE FOLLOWING REFERENCE ++++
S. Miyamoto and P. A. Kollman
SETTLE: An Analytical Version of the SHAKE and RATTLE Algorithms for Rigid
Water Models
J. Comp. Chem. 13 (1992) pp. 952-962
-------- -------- --- Thank You --- -------- --------


++++ PLEASE READ AND CITE THE FOLLOWING REFERENCE ++++
G. Bussi, D. Donadio and M. Parrinello
Canonical sampling through velocity rescaling
J. Chem. Phys. 126 (2007) pp. 014101
-------- -------- --- Thank You --- -------- --------

There are: 4781 Atoms

Constraining the starting coordinates (step 0)

Constraining the coordinates at t0-dt (step 0)
Center of mass motion removal mode is Angular
We have the following groups for center of mass motion removal:
  0:  rest
RMS relative constraint deviation after constraining: 1.36e-06
Initial temperature: 1.09319e-05 K

Started mdrun on rank 0 Mon May  8 15:46:20 2023

           Step           Time
              0        0.00000

   Energies (kJ/mol)
          Angle    Proper Dih.  Improper Dih.          LJ-14     Coulomb-14
    1.46034e+02    4.51145e+02    2.08405e+01    1.79874e+02   -3.76060e+03
        LJ (SR)   Coulomb (SR)      Potential    Kinetic En.   Total Energy
    1.00950e+04   -9.91159e+04   -9.19836e+04    1.40945e+01   -9.19695e+04
  Conserved En.    Temperature Pressure (bar)   Constr. rmsd
   -9.19695e+04    3.54120e-01   -3.84569e+03    8.15578e-05

           Step           Time
             50        0.20000

   Energies (kJ/mol)
          Angle    Proper Dih.  Improper Dih.          LJ-14     Coulomb-14
    3.31517e+02    5.06568e+02    4.31565e+01    1.87588e+02   -3.79044e+03
        LJ (SR)   Coulomb (SR)      Potential    Kinetic En.   Total Energy
    1.01832e+04   -9.46129e+04   -8.71513e+04    8.39722e+03   -7.87541e+04
  Conserved En.    Temperature Pressure (bar)   Constr. rmsd
   -9.10560e+04    2.10978e+02   -1.60634e+03    1.47670e-04

           Step           Time
            100        0.40000

Group rest with mass  2.93300e+04, Ekrot  1.00549e+00 Det(I) =  3.52399e+13
  COM:      2.03058       2.07507       1.46306
  P:        9.09672     -14.60722      -5.43222
  V:        0.00031      -0.00050      -0.00019
  J:     -189.46077     -35.07988    -342.28186
  w:       -0.00305      -0.00059      -0.00413
Inertia tensor (3x3):
   Inertia tensor[    0]={ 4.12808e+04,  5.65188e+02, -1.70930e+02}
   Inertia tensor[    1]={ 5.65188e+02,  4.14990e+04, -3.39531e+01}
   Inertia tensor[    2]={-1.70930e+02, -3.39531e+01,  2.05753e+04}
   Energies (kJ/mol)
          Angle    Proper Dih.  Improper Dih.          LJ-14     Coulomb-14
    4.25447e+02    5.18667e+02    4.19450e+01    1.87300e+02   -3.79652e+03
        LJ (SR)   Coulomb (SR)      Potential    Kinetic En.   Total Energy
    9.47875e+03   -9.21666e+04   -8.53110e+04    1.12154e+04   -7.40956e+04
  Conserved En.    Temperature Pressure (bar)   Constr. rmsd
   -9.03207e+04    2.81785e+02   -1.02261e+03    1.65636e-04

           Step           Time
            150        0.60000

   Energies (kJ/mol)
          Angle    Proper Dih.  Improper Dih.          LJ-14     Coulomb-14
    4.14695e+02    5.13581e+02    4.97387e+01    1.90068e+02   -3.70909e+03
        LJ (SR)   Coulomb (SR)      Potential    Kinetic En.   Total Energy
    8.65226e+03   -9.16182e+04   -8.55069e+04    1.21738e+04   -7.33332e+04
  Conserved En.    Temperature Pressure (bar)   Constr. rmsd
   -8.95524e+04    3.05863e+02   -8.80171e+02    1.27175e-04

           Step           Time
            200        0.80000

Group rest with mass  2.93300e+04, Ekrot  3.29446e+00 Det(I) =  3.48131e+13
  COM:      2.03515       2.05460       1.47177
  P:       -1.27787      -2.36913       3.09290
  V:       -0.00004      -0.00008       0.00011
  J:     -262.38477      20.84405     671.49469
  w:       -0.00424       0.00036       0.00814
Inertia tensor (3x3):
   Inertia tensor[    0]={ 4.09604e+04, -1.38703e+02, -9.00625e+01}
   Inertia tensor[    1]={-1.38703e+02,  4.15528e+04,  5.22500e+01}
   Inertia tensor[    2]={-9.00625e+01,  5.22500e+01,  2.04545e+04}
   Energies (kJ/mol)
          Angle    Proper Dih.  Improper Dih.          LJ-14     Coulomb-14
    4.45102e+02    4.96471e+02    2.69807e+01    1.98295e+02   -3.76260e+03
        LJ (SR)   Coulomb (SR)      Potential    Kinetic En.   Total Energy
    8.90883e+03   -9.17594e+04   -8.54463e+04    1.24096e+04   -7.30367e+04
  Conserved En.    Temperature Pressure (bar)   Constr. rmsd
   -8.87303e+04    3.11788e+02   -2.15735e+03    1.81282e-04

           Step           Time
            250        1.00000

   Energies (kJ/mol)
          Angle    Proper Dih.  Improper Dih.          LJ-14     Coulomb-14
    4.43032e+02    4.73493e+02    3.22459e+01    1.73615e+02   -3.77530e+03
        LJ (SR)   Coulomb (SR)      Potential    Kinetic En.   Total Energy
    8.64477e+03   -9.16975e+04   -8.57056e+04    1.26168e+04   -7.30889e+04
  Conserved En.    Temperature Pressure (bar)   Constr. rmsd
   -8.79081e+04    3.16993e+02   -5.25212e+02    1.95274e-04

           Step           Time
            300        1.20000

Group rest with mass  2.93300e+04, Ekrot  5.23827e+00 Det(I) =  3.47380e+13
  COM:      2.03510       2.05017       1.46463
  P:       -5.59937       0.08372     -10.01807
  V:       -0.00019       0.00000      -0.00034
  J:       58.22373    -371.82413    -817.54651
  w:        0.00095      -0.00612      -0.00996
Inertia tensor (3x3):
   Inertia tensor[    0]={ 4.07150e+04,  1.77914e+02, -1.57695e+02}
   Inertia tensor[    1]={ 1.77914e+02,  4.15800e+04,  3.43195e+02}
   Inertia tensor[    2]={-1.57695e+02,  3.43195e+02,  2.05233e+04}
   Energies (kJ/mol)
          Angle    Proper Dih.  Improper Dih.          LJ-14     Coulomb-14
    4.86672e+02    4.90181e+02    3.82365e+01    1.82234e+02   -3.77203e+03
        LJ (SR)   Coulomb (SR)      Potential    Kinetic En.   Total Energy
    8.61097e+03   -9.17096e+04   -8.56734e+04    1.25565e+04   -7.31169e+04
  Conserved En.    Temperature Pressure (bar)   Constr. rmsd
   -8.70554e+04    3.15480e+02   -2.55394e+03    1.51968e-04

           Step           Time
            350        1.40000

   Energies (kJ/mol)
          Angle    Proper Dih.  Improper Dih.          LJ-14     Coulomb-14
    4.86035e+02    5.02118e+02    2.61830e+01    1.80743e+02   -3.79180e+03
        LJ (SR)   Coulomb (SR)      Potential    Kinetic En.   Total Energy
    8.47276e+03   -9.18604e+04   -8.59843e+04    1.29293e+04   -7.30550e+04
  Conserved En.    Temperature Pressure (bar)   Constr. rmsd
   -8.62962e+04    3.24846e+02   -2.85667e+03    2.32892e-04

           Step           Time
            400        1.60000

   Energies (kJ/mol)
          Angle    Proper Dih.  Improper Dih.          LJ-14     Coulomb-14
    4.96275e+02    5.06442e+02    3.56287e+01    1.67235e+02   -3.83371e+03
        LJ (SR)   Coulomb (SR)      Potential    Kinetic En.   Total Energy
    8.32791e+03   -9.20304e+04   -8.63307e+04    1.22776e+04   -7.40530e+04
  Conserved En.    Temperature Pressure (bar)   Constr. rmsd
   -8.55945e+04    3.08473e+02   -1.62813e+03    2.38998e-04

           Step           Time
            450        1.80000

   Energies (kJ/mol)
          Angle    Proper Dih.  Improper Dih.          LJ-14     Coulomb-14
    5.01111e+02    4.85554e+02    3.50051e+01    1.85321e+02   -3.72469e+03
        LJ (SR)   Coulomb (SR)      Potential    Kinetic En.   Total Energy
    8.02345e+03   -9.19406e+04   -8.64349e+04    1.22424e+04   -7.41925e+04
  Conserved En.    Temperature Pressure (bar)   Constr. rmsd
   -8.47788e+04    3.07587e+02   -3.09142e+03    2.02804e-04

           Step           Time
            500        2.00000

Group rest with mass  2.93300e+04, Ekrot  1.09734e+00 Det(I) =  3.51290e+13
  COM:      2.04136       2.05146       1.47298
  P:        2.36002      -2.18310       3.15258
  V:        0.00008      -0.00007       0.00011
  J:      -55.89559    -267.90601    -284.70358
  w:       -0.00091      -0.00434      -0.00344
Inertia tensor (3x3):
   Inertia tensor[    0]={ 4.11862e+04,  3.79609e+01,  9.93984e+01}
   Inertia tensor[    1]={ 3.79609e+01,  4.15639e+04,  2.62109e+01}
   Inertia tensor[    2]={ 9.93984e+01,  2.62109e+01,  2.05212e+04}
   Energies (kJ/mol)
          Angle    Proper Dih.  Improper Dih.          LJ-14     Coulomb-14
    4.85596e+02    4.62677e+02    2.98551e+01    1.69737e+02   -3.78917e+03
        LJ (SR)   Coulomb (SR)      Potential    Kinetic En.   Total Energy
    8.08992e+03   -9.26789e+04   -8.72303e+04    1.25013e+04   -7.47290e+04
  Conserved En.    Temperature Pressure (bar)   Constr. rmsd
   -8.39152e+04    3.14093e+02   -7.89890e+02    2.20606e-04

           Step           Time
            550        2.20000

   Energies (kJ/mol)
          Angle    Proper Dih.  Improper Dih.          LJ-14     Coulomb-14
    5.73403e+02    4.93998e+02    3.44527e+01    1.83090e+02   -3.86941e+03
        LJ (SR)   Coulomb (SR)      Potential    Kinetic En.   Total Energy
    7.79410e+03   -9.24513e+04   -8.72416e+04    1.21553e+04   -7.50863e+04
  Conserved En.    Temperature Pressure (bar)   Constr. rmsd
   -8.31029e+04    3.05400e+02   -2.71354e+03    2.03428e-04

           Step           Time
            600        2.40000

Group rest with mass  2.93300e+04, Ekrot  9.87436e+00 Det(I) =  3.46650e+13
  COM:      2.04838       2.04684       1.46888
  P:        3.13108      -2.78864      -1.74828
  V:        0.00011      -0.00010      -0.00006
  J:     1044.55908    -207.63522    -346.98395
  w:        0.01687      -0.00322      -0.00419
Inertia tensor (3x3):
   Inertia tensor[    0]={ 4.10004e+04,  5.52031e+02,  1.11914e+02}
   Inertia tensor[    1]={ 5.52031e+02,  4.12898e+04, -7.13359e+01}
   Inertia tensor[    2]={ 1.11914e+02, -7.13359e+01,  2.04808e+04}
   Energies (kJ/mol)
          Angle    Proper Dih.  Improper Dih.          LJ-14     Coulomb-14
    4.61576e+02    4.84222e+02    3.37825e+01    1.78148e+02   -3.76975e+03
        LJ (SR)   Coulomb (SR)      Potential    Kinetic En.   Total Energy
    8.53150e+03   -9.33211e+04   -8.74016e+04    1.23562e+04   -7.50454e+04
  Conserved En.    Temperature Pressure (bar)   Constr. rmsd
   -8.23520e+04    3.10446e+02   -2.02181e+03    1.58844e-04

           Step           Time
            650        2.60000

   Energies (kJ/mol)
          Angle    Proper Dih.  Improper Dih.          LJ-14     Coulomb-14
    5.25649e+02    4.79157e+02    4.14863e+01    1.73171e+02   -3.83234e+03
        LJ (SR)   Coulomb (SR)      Potential    Kinetic En.   Total Energy
    8.33528e+03   -9.31192e+04   -8.73968e+04    1.24034e+04   -7.49935e+04
  Conserved En.    Temperature Pressure (bar)   Constr. rmsd
   -8.15647e+04    3.11632e+02   -1.51873e+03    2.03387e-04

           Step           Time
            700        2.80000

Group rest with mass  2.93300e+04, Ekrot  3.63827e+00 Det(I) =  3.48786e+13
  COM:      2.05427       2.06883       1.47004
  P:        4.85046      -3.97271       4.50127
  V:        0.00017      -0.00014       0.00015
  J:      393.19867     481.73141     273.86871
  w:        0.00647       0.00793       0.00333
Inertia tensor (3x3):
   Inertia tensor[    0]={ 4.11431e+04,  9.76742e+02, -8.24453e+01}
   Inertia tensor[    1]={ 9.76742e+02,  4.14269e+04,  1.79117e+02}
   Inertia tensor[    2]={-8.24453e+01,  1.79117e+02,  2.04759e+04}
   Energies (kJ/mol)
          Angle    Proper Dih.  Improper Dih.          LJ-14     Coulomb-14
    4.92859e+02    4.54140e+02    2.67118e+01    1.76373e+02   -3.80027e+03
        LJ (SR)   Coulomb (SR)      Potential    Kinetic En.   Total Energy
    8.26173e+03   -9.30434e+04   -8.74318e+04    1.24586e+04   -7.49733e+04
  Conserved En.    Temperature Pressure (bar)   Constr. rmsd
   -8.07535e+04    3.13019e+02   -2.22590e+03    2.48346e-04

           Step           Time
            750        3.00000

   Energies (kJ/mol)
          Angle    Proper Dih.  Improper Dih.          LJ-14     Coulomb-14
    5.03409e+02    4.97706e+02    2.11114e+01    1.85241e+02   -3.78340e+03
        LJ (SR)   Coulomb (SR)      Potential    Kinetic En.   Total Energy
    8.19058e+03   -9.33846e+04   -8.77700e+04    1.24941e+04   -7.52759e+04
  Conserved En.    Temperature Pressure (bar)   Constr. rmsd
   -7.99227e+04    3.13912e+02   -3.50925e+03    2.03262e-04

           Step           Time
            800        3.20000

Group rest with mass  2.93300e+04, Ekrot  1.62883e+00 Det(I) =  3.50440e+13
  COM:      2.05521       2.06253       1.47063
  P:       -5.19484       5.27619       0.97320
  V:       -0.00018       0.00018       0.00003
  J:     -435.07846     115.41979      17.05427
  w:       -0.00701       0.00177       0.00019
Inertia tensor (3x3):
   Inertia tensor[    0]={ 4.13720e+04,  8.28414e+02,  1.93117e+02}
   Inertia tensor[    1]={ 8.28414e+02,  4.13639e+04,  5.88281e+00}
   Inertia tensor[    2]={ 1.93117e+02,  5.88281e+00,  2.04870e+04}
   Energies (kJ/mol)
          Angle    Proper Dih.  Improper Dih.          LJ-14     Coulomb-14
    4.67040e+02    5.22497e+02    4.46881e+01    1.90280e+02   -3.75511e+03
        LJ (SR)   Coulomb (SR)      Potential    Kinetic En.   Total Energy
    8.22061e+03   -9.34403e+04   -8.77503e+04    1.25668e+04   -7.51835e+04
  Conserved En.    Temperature Pressure (bar)   Constr. rmsd
   -7.91966e+04    3.15738e+02   -4.08487e+03    2.20193e-04

           Step           Time
            850        3.40000

   Energies (kJ/mol)
          Angle    Proper Dih.  Improper Dih.          LJ-14     Coulomb-14
    5.19312e+02    4.78064e+02    2.93847e+01    1.69042e+02   -3.80767e+03
        LJ (SR)   Coulomb (SR)      Potential    Kinetic En.   Total Energy
    8.26952e+03   -9.35503e+04   -8.78927e+04    1.27253e+04   -7.51674e+04
  Conserved En.    Temperature Pressure (bar)   Constr. rmsd
   -7.83745e+04    3.19721e+02   -1.02405e+03    2.37433e-04

           Step           Time
            900        3.60000

Group rest with mass  2.93300e+04, Ekrot  1.12493e+00 Det(I) =  3.51590e+13
  COM:      2.04729       2.05257       1.46045
  P:       -0.13573      -5.67601       0.92961
  V:       -0.00000      -0.00019       0.00003
  J:      251.91260     251.19104     123.65308
  w:        0.00410       0.00411       0.00150
Inertia tensor (3x3):
   Inertia tensor[    0]={ 4.12868e+04,  5.77734e+02,  5.66016e+01}
   Inertia tensor[    1]={ 5.77734e+02,  4.15621e+04,  1.16023e+02}
   Inertia tensor[    2]={ 5.66016e+01,  1.16023e+02,  2.04937e+04}
   Energies (kJ/mol)
          Angle    Proper Dih.  Improper Dih.          LJ-14     Coulomb-14
    5.16007e+02    5.12395e+02    3.21698e+01    1.98207e+02   -3.79924e+03
        LJ (SR)   Coulomb (SR)      Potential    Kinetic En.   Total Energy
    8.42690e+03   -9.36305e+04   -8.77440e+04    1.22668e+04   -7.54773e+04
  Conserved En.    Temperature Pressure (bar)   Constr. rmsd
   -7.74919e+04    3.08200e+02   -1.69166e+03    2.18946e-04

           Step           Time
            950        3.80000

   Energies (kJ/mol)
          Angle    Proper Dih.  Improper Dih.          LJ-14     Coulomb-14
    4.67899e+02    4.96514e+02    3.82666e+01    1.92005e+02   -3.76462e+03
        LJ (SR)   Coulomb (SR)      Potential    Kinetic En.   Total Energy
    8.08960e+03   -9.30775e+04   -8.75578e+04    1.27624e+04   -7.47954e+04
  Conserved En.    Temperature Pressure (bar)   Constr. rmsd
   -7.67414e+04    3.20654e+02   -4.21502e+03    1.99266e-04

           Step           Time
           1000        4.00000

Group rest with mass  2.93300e+04, Ekrot  1.23348e+01 Det(I) =  3.52255e+13
  COM:      2.04643       2.04483       1.46285
  P:       -1.68690       7.63873      -0.06707
  V:       -0.00006       0.00026      -0.00000
  J:      261.02261   -1182.56201     306.50916
  w:        0.00397      -0.01903       0.00369
Inertia tensor (3x3):
   Inertia tensor[    0]={ 4.14432e+04,  7.61352e+02, -1.83875e+02}
   Inertia tensor[    1]={ 7.61352e+02,  4.13957e+04,  1.33125e+01}
   Inertia tensor[    2]={-1.83875e+02,  1.33125e+01,  2.05406e+04}
   Energies (kJ/mol)
          Angle    Proper Dih.  Improper Dih.          LJ-14     Coulomb-14
    5.36147e+02    4.66631e+02    5.04438e+01    1.77799e+02   -3.79902e+03
        LJ (SR)   Coulomb (SR)      Potential    Kinetic En.   Total Energy
    7.87109e+03   -9.28812e+04   -8.75781e+04    1.22513e+04   -7.53269e+04
  Conserved En.    Temperature Pressure (bar)   Constr. rmsd
   -7.59654e+04    3.07810e+02   -2.49943e+03    2.31389e-04

           Step           Time
           1050        4.20000

   Energies (kJ/mol)
          Angle    Proper Dih.  Improper Dih.          LJ-14     Coulomb-14
    5.07594e+02    5.04046e+02    3.73924e+01    1.95147e+02   -3.70491e+03
        LJ (SR)   Coulomb (SR)      Potential    Kinetic En.   Total Energy
    7.95121e+03   -9.33729e+04   -8.78824e+04    1.25044e+04   -7.53781e+04
  Conserved En.    Temperature Pressure (bar)   Constr. rmsd
   -7.52817e+04    3.14170e+02   -1.78875e+03    1.65473e-04

           Step           Time
           1100        4.40000

Group rest with mass  2.93300e+04, Ekrot  6.65655e+00 Det(I) =  3.49359e+13
  COM:      2.04519       2.04410       1.45735
  P:       -2.92340       9.28809       0.12555
  V:       -0.00010       0.00032       0.00000
  J:     -422.84210    -386.48999     814.03979
  w:       -0.00681      -0.00628       0.00983
Inertia tensor (3x3):
   Inertia tensor[    0]={ 4.11254e+04,  1.73094e+02,  1.96023e+02}
   Inertia tensor[    1]={ 1.73094e+02,  4.14865e+04,  5.69062e+01}
   Inertia tensor[    2]={ 1.96023e+02,  5.69062e+01,  2.04778e+04}
   Energies (kJ/mol)
          Angle    Proper Dih.  Improper Dih.          LJ-14     Coulomb-14
    4.85979e+02    4.58878e+02    3.66028e+01    1.97725e+02   -3.74212e+03
        LJ (SR)   Coulomb (SR)      Potential    Kinetic En.   Total Energy
    8.60389e+03   -9.41522e+04   -8.81112e+04    1.25138e+04   -7.55974e+04
  Conserved En.    Temperature Pressure (bar)   Constr. rmsd
   -7.45668e+04    3.14407e+02   -2.33232e+03    1.67182e-04

           Step           Time
           1150        4.60000

   Energies (kJ/mol)
          Angle    Proper Dih.  Improper Dih.          LJ-14     Coulomb-14
    4.93051e+02    4.84840e+02    3.31181e+01    1.97033e+02   -3.77914e+03
        LJ (SR)   Coulomb (SR)      Potential    Kinetic En.   Total Energy
    8.53403e+03   -9.41608e+04   -8.81979e+04    1.26487e+04   -7.55492e+04
  Conserved En.    Temperature Pressure (bar)   Constr. rmsd
   -7.37250e+04    3.17797e+02   -2.94962e+03    1.87860e-04

           Step           Time
           1200        4.80000

Group rest with mass  2.93300e+04, Ekrot  2.56629e+00 Det(I) =  3.51207e+13
  COM:      2.06359       2.05400       1.46355
  P:        4.17458       0.54898      -0.88908
  V:        0.00014       0.00002      -0.00003
  J:     -123.74957     296.84604    -536.52008
  w:       -0.00191       0.00477      -0.00648
Inertia tensor (3x3):
   Inertia tensor[    0]={ 4.14571e+04,  8.79281e+02, -1.85586e+02}
   Inertia tensor[    1]={ 8.79281e+02,  4.13143e+04, -1.04961e+02}
   Inertia tensor[    2]={-1.85586e+02, -1.04961e+02,  2.05155e+04}
   Energies (kJ/mol)
          Angle    Proper Dih.  Improper Dih.          LJ-14     Coulomb-14
    5.30691e+02    4.41874e+02    2.77299e+01    1.73021e+02   -3.81147e+03
        LJ (SR)   Coulomb (SR)      Potential    Kinetic En.   Total Energy
    8.37355e+03   -9.38760e+04   -8.81406e+04    1.25009e+04   -7.56397e+04
  Conserved En.    Temperature Pressure (bar)   Constr. rmsd
   -7.29719e+04    3.14083e+02   -4.92982e+03    2.17652e-04

           Step           Time
           1250        5.00000

   Energies (kJ/mol)
          Angle    Proper Dih.  Improper Dih.          LJ-14     Coulomb-14
    5.05259e+02    4.76144e+02    2.77593e+01    1.94116e+02   -3.76994e+03
        LJ (SR)   Coulomb (SR)      Potential    Kinetic En.   Total Energy
    7.90531e+03   -9.32733e+04   -8.79346e+04    1.22418e+04   -7.56928e+04
  Conserved En.    Temperature Pressure (bar)   Constr. rmsd
   -7.21172e+04    3.07574e+02   -3.12218e+03    1.66212e-04

           Step           Time
           1300        5.20000

Group rest with mass  2.93300e+04, Ekrot  8.06148e+00 Det(I) =  3.53641e+13
  COM:      2.05924       2.05582       1.46339
  P:       -6.64870       7.02392      -3.65684
  V:       -0.00023       0.00024      -0.00012
  J:      363.74991     924.58392     103.55830
  w:        0.00597       0.01495       0.00126
Inertia tensor (3x3):
   Inertia tensor[    0]={ 4.14022e+04,  4.35875e+02, -5.34609e+01}
   Inertia tensor[    1]={ 4.35875e+02,  4.14270e+04,  5.32500e+01}
   Inertia tensor[    2]={-5.34609e+01,  5.32500e+01,  2.06208e+04}
   Energies (kJ/mol)
          Angle    Proper Dih.  Improper Dih.          LJ-14     Coulomb-14
    4.82211e+02    4.55523e+02    4.33491e+01    1.78252e+02   -3.80279e+03
        LJ (SR)   Coulomb (SR)      Potential    Kinetic En.   Total Energy
    8.12959e+03   -9.35067e+04   -8.80206e+04    1.23040e+04   -7.57165e+04
  Conserved En.    Temperature Pressure (bar)   Constr. rmsd
   -7.12687e+04    3.09136e+02   -3.25502e+03    2.05598e-04

           Step           Time
           1350        5.40000

   Energies (kJ/mol)
          Angle    Proper Dih.  Improper Dih.          LJ-14     Coulomb-14
    4.84828e+02    4.98789e+02    3.61359e+01    1.77923e+02   -3.79955e+03
        LJ (SR)   Coulomb (SR)      Potential    Kinetic En.   Total Energy
    7.77293e+03   -9.36694e+04   -8.84984e+04    1.24463e+04   -7.60521e+04
  Conserved En.    Temperature Pressure (bar)   Constr. rmsd
   -7.05509e+04    3.12710e+02   -3.86169e+03    1.98909e-04

           Step           Time
           1400        5.60000

   Energies (kJ/mol)
          Angle    Proper Dih.  Improper Dih.          LJ-14     Coulomb-14
    4.89424e+02    4.45386e+02    3.85074e+01    1.79395e+02   -3.84376e+03
        LJ (SR)   Coulomb (SR)      Potential    Kinetic En.   Total Energy
    8.19489e+03   -9.42338e+04   -8.87300e+04    1.27362e+04   -7.59938e+04
  Conserved En.    Temperature Pressure (bar)   Constr. rmsd
   -6.97500e+04    3.19994e+02   -4.02975e+03    1.97608e-04

           Step           Time
           1450        5.80000

   Energies (kJ/mol)
          Angle    Proper Dih.  Improper Dih.          LJ-14     Coulomb-14
    4.92474e+02    4.73400e+02    3.51432e+01    1.66230e+02   -3.84244e+03
        LJ (SR)   Coulomb (SR)      Potential    Kinetic En.   Total Energy
    8.23403e+03   -9.42280e+04   -8.86692e+04    1.25644e+04   -7.61048e+04
  Conserved En.    Temperature Pressure (bar)   Constr. rmsd
   -6.88263e+04    3.15678e+02   -2.14068e+03    2.19823e-04

           Step           Time
           1500        6.00000

Group rest with mass  2.93300e+04, Ekrot  3.64547e+00 Det(I) =  3.54643e+13
  COM:      2.06719       2.05240       1.46011
  P:       -5.27389      -2.64388       0.70619
  V:       -0.00018      -0.00009       0.00002
  J:     -551.90991      11.88170    -448.10031
  w:       -0.00885       0.00019      -0.00537
Inertia tensor (3x3):
   Inertia tensor[    0]={ 4.14048e+04,  9.80781e+01, -2.98797e+02}
   Inertia tensor[    1]={ 9.80781e+01,  4.15958e+04, -1.89359e+02}
   Inertia tensor[    2]={-2.98797e+02, -1.89359e+02,  2.05948e+04}
   Energies (kJ/mol)
          Angle    Proper Dih.  Improper Dih.          LJ-14     Coulomb-14
    5.21481e+02    4.45547e+02    3.08252e+01    1.74007e+02   -3.80267e+03
        LJ (SR)   Coulomb (SR)      Potential    Kinetic En.   Total Energy
    8.12748e+03   -9.40955e+04   -8.85988e+04    1.24034e+04   -7.61954e+04
  Conserved En.    Temperature Pressure (bar)   Constr. rmsd
   -6.79651e+04    3.11633e+02   -3.81006e+03    1.95582e-04

           Step           Time
           1550        6.20000

   Energies (kJ/mol)
          Angle    Proper Dih.  Improper Dih.          LJ-14     Coulomb-14
    4.54367e+02    4.65421e+02    2.78742e+01    1.94877e+02   -3.78926e+03
        LJ (SR)   Coulomb (SR)      Potential    Kinetic En.   Total Energy
    8.03872e+03   -9.43208e+04   -8.89288e+04    1.23596e+04   -7.65692e+04
  Conserved En.    Temperature Pressure (bar)   Constr. rmsd
   -6.72419e+04    3.10532e+02   -4.60196e+03    1.74536e-04

           Step           Time
           1600        6.40000

Group rest with mass  2.93300e+04, Ekrot  6.23256e+00 Det(I) =  3.54967e+13
  COM:      2.07873       2.04120       1.45060
  P:        2.10032       4.20945      -1.65981
  V:        0.00007       0.00014      -0.00006
  J:      -15.39073     780.85663    -466.96600
  w:       -0.00022       0.01258      -0.00564
Inertia tensor (3x3):
   Inertia tensor[    0]={ 4.15335e+04,  7.44531e+00, -2.97477e+02}
   Inertia tensor[    1]={ 7.44531e+00,  4.15387e+04, -1.43500e+02}
   Inertia tensor[    2]={-2.97477e+02, -1.43500e+02,  2.05774e+04}
   Energies (kJ/mol)
          Angle    Proper Dih.  Improper Dih.          LJ-14     Coulomb-14
    3.99529e+02    4.52417e+02    3.37316e+01    1.97877e+02   -3.69152e+03
        LJ (SR)   Coulomb (SR)      Potential    Kinetic En.   Total Energy
    7.58787e+03   -9.36732e+04   -8.86933e+04    1.22178e+04   -7.64755e+04
  Conserved En.    Temperature Pressure (bar)   Constr. rmsd
   -6.64220e+04    3.06970e+02   -4.14351e+03    1.77776e-04

           Step           Time
           1650        6.60000

   Energies (kJ/mol)
          Angle    Proper Dih.  Improper Dih.          LJ-14     Coulomb-14
    4.85386e+02    4.60530e+02    2.76159e+01    1.81570e+02   -3.82796e+03
        LJ (SR)   Coulomb (SR)      Potential    Kinetic En.   Total Energy
    7.89971e+03   -9.40346e+04   -8.88078e+04    1.21730e+04   -7.66348e+04
  Conserved En.    Temperature Pressure (bar)   Constr. rmsd
   -6.57057e+04    3.05844e+02   -4.61994e+03    2.27466e-04

           Step           Time
           1700        6.80000

Group rest with mass  2.93300e+04, Ekrot  3.40914e+00 Det(I) =  3.55130e+13
  COM:      2.06347       2.05747       1.46225
  P:        0.63833      -2.11178      -1.88945
  V:        0.00002      -0.00007      -0.00006
  J:      169.33511     598.69934    -216.53081
  w:        0.00274       0.00966      -0.00265
Inertia tensor (3x3):
   Inertia tensor[    0]={ 4.15258e+04,  8.75000e+00, -3.09703e+02}
   Inertia tensor[    1]={ 8.75000e+00,  4.15850e+04, -3.05453e+02}
   Inertia tensor[    2]={-3.09703e+02, -3.05453e+02,  2.05697e+04}
   Energies (kJ/mol)
          Angle    Proper Dih.  Improper Dih.          LJ-14     Coulomb-14
    4.61048e+02    4.55301e+02    4.11592e+01    1.87525e+02   -3.83806e+03
        LJ (SR)   Coulomb (SR)      Potential    Kinetic En.   Total Energy
    8.00120e+03   -9.41475e+04   -8.88394e+04    1.24010e+04   -7.64383e+04
  Conserved En.    Temperature Pressure (bar)   Constr. rmsd
   -6.49660e+04    3.11574e+02   -4.14365e+03    1.84960e-04

           Step           Time
           1750        7.00000

   Energies (kJ/mol)
          Angle    Proper Dih.  Improper Dih.          LJ-14     Coulomb-14
    4.84666e+02    4.55132e+02    2.55373e+01    1.94222e+02   -3.81398e+03
        LJ (SR)   Coulomb (SR)      Potential    Kinetic En.   Total Energy
    8.37827e+03   -9.43543e+04   -8.86304e+04    1.24557e+04   -7.61747e+04
  Conserved En.    Temperature Pressure (bar)   Constr. rmsd
   -6.41169e+04    3.12948e+02   -5.06423e+03    1.71891e-04

           Step           Time
           1800        7.20000

Group rest with mass  2.93300e+04, Ekrot  2.16439e+00 Det(I) =  3.53813e+13
  COM:      2.07280       2.06144       1.45862
  P:        2.23402       1.80507       1.44505
  V:        0.00008       0.00006       0.00005
  J:       48.23786    -309.18332     478.53061
  w:        0.00069      -0.00497       0.00576
Inertia tensor (3x3):
   Inertia tensor[    0]={ 4.15639e+04,  7.99219e+02, -2.29320e+02}
   Inertia tensor[    1]={ 7.99219e+02,  4.14430e+04, -2.26562e+01}
   Inertia tensor[    2]={-2.29320e+02, -2.26562e+01,  2.05492e+04}
   Energies (kJ/mol)
          Angle    Proper Dih.  Improper Dih.          LJ-14     Coulomb-14
    4.37767e+02    4.79653e+02    4.26013e+01    1.88387e+02   -3.80197e+03
        LJ (SR)   Coulomb (SR)      Potential    Kinetic En.   Total Energy
    8.10461e+03   -9.39923e+04   -8.85413e+04    1.27288e+04   -7.58124e+04
  Conserved En.    Temperature Pressure (bar)   Constr. rmsd
   -6.33927e+04    3.19809e+02   -1.66913e+03    1.73599e-04

           Step           Time
           1850        7.40000

   Energies (kJ/mol)
          Angle    Proper Dih.  Improper Dih.          LJ-14     Coulomb-14
    5.22043e+02    4.60604e+02    2.83716e+01    1.80073e+02   -3.84528e+03
        LJ (SR)   Coulomb (SR)      Potential    Kinetic En.   Total Energy
    8.21384e+03   -9.38383e+04   -8.82787e+04    1.24054e+04   -7.58732e+04
  Conserved En.    Temperature Pressure (bar)   Constr. rmsd
   -6.25783e+04    3.11684e+02   -5.34782e+03    2.02098e-04

           Step           Time
           1900        7.60000

Group rest with mass  2.93300e+04, Ekrot  5.36913e+00 Det(I) =  3.54618e+13
  COM:      2.07888       2.06001       1.46683
  P:        5.42123      -9.13206      -9.44075
  V:        0.00018      -0.00031      -0.00032
  J:      394.35226      88.31347     822.62915
  w:        0.00632       0.00141       0.00987
Inertia tensor (3x3):
   Inertia tensor[    0]={ 4.16739e+04,  2.60141e+02, -3.19789e+02}
   Inertia tensor[    1]={ 2.60141e+02,  4.14131e+04, -2.15836e+02}
   Inertia tensor[    2]={-3.19789e+02, -2.15836e+02,  2.05519e+04}
   Energies (kJ/mol)
          Angle    Proper Dih.  Improper Dih.          LJ-14     Coulomb-14
    4.81768e+02    4.64266e+02    3.84715e+01    1.76657e+02   -3.82517e+03
        LJ (SR)   Coulomb (SR)      Potential    Kinetic En.   Total Energy
    7.60132e+03   -9.33909e+04   -8.84536e+04    1.24034e+04   -7.60502e+04
  Conserved En.    Temperature Pressure (bar)   Constr. rmsd
   -6.17523e+04    3.11632e+02   -2.81140e+03    1.74744e-04

           Step           Time
           1950        7.80000

   Energies (kJ/mol)
          Angle    Proper Dih.  Improper Dih.          LJ-14     Coulomb-14
    5.55508e+02    4.84031e+02    2.92144e+01    1.87283e+02   -3.83585e+03
        LJ (SR)   Coulomb (SR)      Potential    Kinetic En.   Total Energy
    8.27121e+03   -9.38581e+04   -8.81667e+04    1.26101e+04   -7.55566e+04
  Conserved En.    Temperature Pressure (bar)   Constr. rmsd
   -6.09850e+04    3.16826e+02   -1.89776e+03    1.94326e-04

           Step           Time
           2000        8.00000

   Energies (kJ/mol)
          Angle    Proper Dih.  Improper Dih.          LJ-14     Coulomb-14
    5.47000e+02    4.91365e+02    5.25624e+01    2.01816e+02   -3.81555e+03
        LJ (SR)   Coulomb (SR)      Potential    Kinetic En.   Total Energy
    8.09464e+03   -9.35319e+04   -8.79601e+04    1.26924e+04   -7.52677e+04
  Conserved En.    Temperature Pressure (bar)   Constr. rmsd
   -6.01485e+04    3.18894e+02   -2.58736e+03    1.33921e-04

           Step           Time
           2050        8.20000

   Energies (kJ/mol)
          Angle    Proper Dih.  Improper Dih.          LJ-14     Coulomb-14
    5.45206e+02    4.56635e+02    3.18904e+01    1.82691e+02   -3.85540e+03
        LJ (SR)   Coulomb (SR)      Potential    Kinetic En.   Total Energy
    8.37117e+03   -9.45225e+04   -8.87903e+04    1.26069e+04   -7.61834e+04
  Conserved En.    Temperature Pressure (bar)   Constr. rmsd
   -5.94129e+04    3.16745e+02   -3.78236e+03    2.47237e-04

           Step           Time
           2100        8.40000

Group rest with mass  2.93300e+04, Ekrot  8.61909e+00 Det(I) =  3.54079e+13
  COM:      2.06652       2.06418       1.46640
  P:        3.30964       2.47927       2.93967
  V:        0.00011       0.00008       0.00010
  J:     1002.65472     211.42531    -139.48738
  w:        0.01622       0.00347      -0.00171
Inertia tensor (3x3):
   Inertia tensor[    0]={ 4.17849e+04,  2.49984e+02, -1.41930e+02}
   Inertia tensor[    1]={ 2.49984e+02,  4.14037e+04, -2.05875e+02}
   Inertia tensor[    2]={-1.41930e+02, -2.05875e+02,  2.04686e+04}
   Energies (kJ/mol)
          Angle    Proper Dih.  Improper Dih.          LJ-14     Coulomb-14
    4.31359e+02    4.73512e+02    3.39846e+01    1.97299e+02   -3.74833e+03
        LJ (SR)   Coulomb (SR)      Potential    Kinetic En.   Total Energy
    8.68050e+03   -9.48900e+04   -8.88217e+04    1.24651e+04   -7.63566e+04
  Conserved En.    Temperature Pressure (bar)   Constr. rmsd
   -5.86125e+04    3.13183e+02   -2.09141e+03    1.73376e-04

           Step           Time
           2150        8.60000

   Energies (kJ/mol)
          Angle    Proper Dih.  Improper Dih.          LJ-14     Coulomb-14
    5.10484e+02    4.71937e+02    2.69297e+01    1.81946e+02   -3.83116e+03
        LJ (SR)   Coulomb (SR)      Potential    Kinetic En.   Total Energy
    8.10672e+03   -9.43517e+04   -8.88849e+04    1.22039e+04   -7.66810e+04
  Conserved En.    Temperature Pressure (bar)   Constr. rmsd
   -5.78093e+04    3.06620e+02   -3.63527e+03    1.88665e-04

           Step           Time
           2200        8.80000

Group rest with mass  2.93300e+04, Ekrot  1.98005e+00 Det(I) =  3.57349e+13
  COM:      2.07223       2.05747       1.45788
  P:       -2.53130      -1.52405      -1.22678
  V:       -0.00009      -0.00005      -0.00004
  J:     -174.82954    -244.49243     455.47406
  w:       -0.00285      -0.00396       0.00548
Inertia tensor (3x3):
   Inertia tensor[    0]={ 4.17374e+04,  4.34383e+02, -1.60984e+02}
   Inertia tensor[    1]={ 4.34383e+02,  4.16412e+04, -1.50016e+02}
   Inertia tensor[    2]={-1.60984e+02, -1.50016e+02,  2.05644e+04}
   Energies (kJ/mol)
          Angle    Proper Dih.  Improper Dih.          LJ-14     Coulomb-14
    4.81430e+02    4.59481e+02    3.11852e+01    1.92114e+02   -3.80799e+03
        LJ (SR)   Coulomb (SR)      Potential    Kinetic En.   Total Energy
    8.16198e+03   -9.45377e+04   -8.90195e+04    1.25218e+04   -7.64977e+04
  Conserved En.    Temperature Pressure (bar)   Constr. rmsd
   -5.71156e+04    3.14608e+02   -3.81158e+03    1.83398e-04

           Step           Time
           2250        9.00000

   Energies (kJ/mol)
          Angle    Proper Dih.  Improper Dih.          LJ-14     Coulomb-14
    5.29128e+02    4.66159e+02    2.73904e+01    1.79893e+02   -3.78143e+03
        LJ (SR)   Coulomb (SR)      Potential    Kinetic En.   Total Energy
    8.24767e+03   -9.41206e+04   -8.84518e+04    1.22930e+04   -7.61588e+04
  Conserved En.    Temperature Pressure (bar)   Constr. rmsd
   -5.61858e+04    3.08859e+02   -1.96015e+03    2.21262e-04

           Step           Time
           2300        9.20000

Group rest with mass  2.93300e+04, Ekrot  1.75817e+00 Det(I) =  3.54961e+13
  COM:      2.07654       2.06178       1.46494
  P:       -4.45496       4.59586       7.09319
  V:       -0.00015       0.00016       0.00024
  J:     -183.20844      81.63253    -488.80066
  w:       -0.00294       0.00130      -0.00587
Inertia tensor (3x3):
   Inertia tensor[    0]={ 4.16248e+04,  4.42602e+02,  1.66641e+01}
   Inertia tensor[    1]={ 4.42602e+02,  4.16131e+04, -6.97031e+01}
   Inertia tensor[    2]={ 1.66641e+01, -6.97031e+01,  2.04951e+04}
   Energies (kJ/mol)
          Angle    Proper Dih.  Improper Dih.          LJ-14     Coulomb-14
    5.30312e+02    4.92836e+02    4.45958e+01    1.90049e+02   -3.80687e+03
        LJ (SR)   Coulomb (SR)      Potential    Kinetic En.   Total Energy
    8.28505e+03   -9.39743e+04   -8.82384e+04    1.25638e+04   -7.56746e+04
  Conserved En.    Temperature Pressure (bar)   Constr. rmsd
   -5.53987e+04    3.15662e+02   -4.58891e+03    2.16229e-04

           Step           Time
           2350        9.40000

   Energies (kJ/mol)
          Angle    Proper Dih.  Improper Dih.          LJ-14     Coulomb-14
    5.61999e+02    4.84001e+02    3.75640e+01    1.75455e+02   -3.90644e+03
        LJ (SR)   Coulomb (SR)      Potential    Kinetic En.   Total Energy
    8.39818e+03   -9.42917e+04   -8.85410e+04    1.28905e+04   -7.56504e+04
  Conserved En.    Temperature Pressure (bar)   Constr. rmsd
   -5.45116e+04    3.23872e+02   -3.85849e+03    2.34565e-04

           Step           Time
           2400        9.60000

Group rest with mass  2.93300e+04, Ekrot  3.28207e+00 Det(I) =  3.55507e+13
  COM:      2.06354       2.06288       1.45736
  P:        0.46992      -3.34716       1.37626
  V:        0.00002      -0.00011       0.00005
  J:      206.04189    -229.96529     647.33606
  w:        0.00325      -0.00369       0.00779
Inertia tensor (3x3):
   Inertia tensor[    0]={ 4.14757e+04,  9.99742e+02,  3.36484e+01}
   Inertia tensor[    1]={ 9.99742e+02,  4.17447e+04, -2.97695e+02}
   Inertia tensor[    2]={ 3.36484e+01, -2.97695e+02,  2.05471e+04}
   Energies (kJ/mol)
          Angle    Proper Dih.  Improper Dih.          LJ-14     Coulomb-14
    5.04162e+02    4.92116e+02    3.30856e+01    1.86785e+02   -3.75886e+03
        LJ (SR)   Coulomb (SR)      Potential    Kinetic En.   Total Energy
    8.17847e+03   -9.42800e+04   -8.86442e+04    1.25369e+04   -7.61074e+04
  Conserved En.    Temperature Pressure (bar)   Constr. rmsd
   -5.37697e+04    3.14986e+02   -5.17923e+03    2.14401e-04

           Step           Time
           2450        9.80000

   Energies (kJ/mol)
          Angle    Proper Dih.  Improper Dih.          LJ-14     Coulomb-14
    4.95044e+02    4.90011e+02    4.60918e+01    1.95987e+02   -3.83469e+03
        LJ (SR)   Coulomb (SR)      Potential    Kinetic En.   Total Energy
    8.27210e+03   -9.43852e+04   -8.87207e+04    1.26264e+04   -7.60943e+04
  Conserved En.    Temperature Pressure (bar)   Constr. rmsd
   -5.28858e+04    3.17235e+02   -4.85550e+03    2.14603e-04

           Step           Time
           2500       10.00000

Group rest with mass  2.93300e+04, Ekrot  3.64617e+00 Det(I) =  3.52912e+13
  COM:      2.07057       2.04575       1.45054
  P:       -2.55545      -1.58392      -3.34920
  V:       -0.00009      -0.00005      -0.00011
  J:     -500.43146     234.87302     446.54510
  w:       -0.00803       0.00369       0.00539
Inertia tensor (3x3):
   Inertia tensor[    0]={ 4.15281e+04,  7.83703e+02, -5.81094e+01}
   Inertia tensor[    1]={ 7.83703e+02,  4.14575e+04,  1.83359e+01}
   Inertia tensor[    2]={-5.81094e+01,  1.83359e+01,  2.05059e+04}
   Energies (kJ/mol)
          Angle    Proper Dih.  Improper Dih.          LJ-14     Coulomb-14
    5.13806e+02    4.95218e+02    3.11832e+01    1.86377e+02   -3.81114e+03
        LJ (SR)   Coulomb (SR)      Potential    Kinetic En.   Total Energy
    8.53515e+03   -9.48893e+04   -8.89387e+04    1.26578e+04   -7.62809e+04
  Conserved En.    Temperature Pressure (bar)   Constr. rmsd
   -5.19832e+04    3.18026e+02   -1.52649e+03    1.77566e-04

           Step           Time
           2550       10.20000

   Energies (kJ/mol)
          Angle    Proper Dih.  Improper Dih.          LJ-14     Coulomb-14
    5.03740e+02    4.90249e+02    4.17108e+01    1.91535e+02   -3.81318e+03
        LJ (SR)   Coulomb (SR)      Potential    Kinetic En.   Total Energy
    8.58331e+03   -9.50121e+04   -8.90148e+04    1.23148e+04   -7.66999e+04
  Conserved En.    Temperature Pressure (bar)   Constr. rmsd
   -5.12371e+04    3.09407e+02   -3.87874e+03    1.69667e-04

           Step           Time
           2600       10.40000

   Energies (kJ/mol)
          Angle    Proper Dih.  Improper Dih.          LJ-14     Coulomb-14
    4.15765e+02    4.90912e+02    4.01187e+01    1.74605e+02   -3.83192e+03
        LJ (SR)   Coulomb (SR)      Potential    Kinetic En.   Total Energy
    8.60106e+03   -9.51828e+04   -8.92923e+04    1.21951e+04   -7.70972e+04
  Conserved En.    Temperature Pressure (bar)   Constr. rmsd
   -5.05247e+04    3.06400e+02   -2.48273e+03    2.41867e-04

           Step           Time
           2650       10.60000

   Energies (kJ/mol)
          Angle    Proper Dih.  Improper Dih.          LJ-14     Coulomb-14
    4.69547e+02    4.62850e+02    2.04235e+01    1.95174e+02   -3.81513e+03
        LJ (SR)   Coulomb (SR)      Potential    Kinetic En.   Total Energy
    8.84934e+03   -9.54207e+04   -8.92385e+04    1.22683e+04   -7.69702e+04
  Conserved En.    Temperature Pressure (bar)   Constr. rmsd
   -4.97865e+04    3.08239e+02   -7.99665e+02    2.14443e-04

           Step           Time
           2700       10.80000

Group rest with mass  2.93300e+04, Ekrot  2.15730e+00 Det(I) =  3.52924e+13
  COM:      2.07606       2.05544       1.45399
  P:        4.90417      -1.23097      -0.39479
  V:        0.00017      -0.00004      -0.00001
  J:      230.03406    -382.19083    -308.01483
  w:        0.00361      -0.00613      -0.00370
Inertia tensor (3x3):
   Inertia tensor[    0]={ 4.14600e+04,  7.97164e+02,  2.16391e+02}
   Inertia tensor[    1]={ 7.97164e+02,  4.16190e+04,  6.76875e+01}
   Inertia tensor[    2]={ 2.16391e+02,  6.76875e+01,  2.04619e+04}
   Energies (kJ/mol)
          Angle    Proper Dih.  Improper Dih.          LJ-14     Coulomb-14
    5.35548e+02    4.70732e+02    3.17590e+01    1.71884e+02   -3.79598e+03
        LJ (SR)   Coulomb (SR)      Potential    Kinetic En.   Total Energy
    9.07601e+03   -9.55145e+04   -8.90245e+04    1.20899e+04   -7.69347e+04
  Conserved En.    Temperature Pressure (bar)   Constr. rmsd
   -4.88987e+04    3.03755e+02   -3.52097e+03    2.47847e-04

           Step           Time
           2750       11.00000

   Energies (kJ/mol)
          Angle    Proper Dih.  Improper Dih.          LJ-14     Coulomb-14
    5.21239e+02    4.66194e+02    3.20001e+01    1.83989e+02   -3.82068e+03
        LJ (SR)   Coulomb (SR)      Potential    Kinetic En.   Total Energy
    8.40255e+03   -9.50973e+04   -8.93120e+04    1.24678e+04   -7.68442e+04
  Conserved En.    Temperature Pressure (bar)   Constr. rmsd
   -4.80279e+04    3.13252e+02   -4.62102e+03    1.59728e-04

           Step           Time
           2800       11.20000

   Energies (kJ/mol)
          Angle    Proper Dih.  Improper Dih.          LJ-14     Coulomb-14
    4.76689e+02    4.61979e+02    3.25860e+01    2.01803e+02   -3.73660e+03
        LJ (SR)   Coulomb (SR)      Potential    Kinetic En.   Total Energy
    8.78006e+03   -9.55531e+04   -8.93366e+04    1.21177e+04   -7.72189e+04
  Conserved En.    Temperature Pressure (bar)   Constr. rmsd
   -4.71870e+04    3.04455e+02   -3.35208e+03    1.50823e-04

           Step           Time
           2850       11.40000

   Energies (kJ/mol)
          Angle    Proper Dih.  Improper Dih.          LJ-14     Coulomb-14
    4.61534e+02    4.71981e+02    3.76268e+01    1.95885e+02   -3.79461e+03
        LJ (SR)   Coulomb (SR)      Potential    Kinetic En.   Total Energy
    8.63593e+03   -9.54644e+04   -8.94560e+04    1.20419e+04   -7.74141e+04
  Conserved En.    Temperature Pressure (bar)   Constr. rmsd
   -4.63582e+04    3.02551e+02   -3.27599e+03    1.70402e-04

           Step           Time
           2900       11.60000

Group rest with mass  2.93300e+04, Ekrot  4.45602e+00 Det(I) =  3.56423e+13
  COM:      2.07884       2.06226       1.46142
  P:       -5.24729       5.03731       6.63283
  V:       -0.00018       0.00017       0.00023
  J:      225.08168    -633.73822     373.62827
  w:        0.00346      -0.01017       0.00451
Inertia tensor (3x3):
   Inertia tensor[    0]={ 4.15614e+04,  9.64875e+02,  1.28523e+02}
   Inertia tensor[    1]={ 9.64875e+02,  4.18522e+04, -2.22664e+02}
   Inertia tensor[    2]={ 1.28523e+02, -2.22664e+02,  2.05033e+04}
   Energies (kJ/mol)
          Angle    Proper Dih.  Improper Dih.          LJ-14     Coulomb-14
    4.60051e+02    4.96783e+02    3.01127e+01    1.82304e+02   -3.80777e+03
        LJ (SR)   Coulomb (SR)      Potential    Kinetic En.   Total Energy
    8.52796e+03   -9.54933e+04   -8.96039e+04    1.24928e+04   -7.71111e+04
  Conserved En.    Temperature Pressure (bar)   Constr. rmsd
   -4.55010e+04    3.13880e+02   -3.01659e+03    2.32709e-04

           Step           Time
           2950       11.80000

   Energies (kJ/mol)
          Angle    Proper Dih.  Improper Dih.          LJ-14     Coulomb-14
    4.94546e+02    4.73134e+02    3.85258e+01    1.77475e+02   -3.79688e+03
        LJ (SR)   Coulomb (SR)      Potential    Kinetic En.   Total Energy
    8.58184e+03   -9.52858e+04   -8.93172e+04    1.23876e+04   -7.69296e+04
  Conserved En.    Temperature Pressure (bar)   Constr. rmsd
   -4.47181e+04    3.11235e+02   -4.42932e+03    1.76585e-04

           Step           Time
           3000       12.00000

Group rest with mass  2.93300e+04, Ekrot  1.40110e+00 Det(I) =  3.55561e+13
  COM:      2.08274       2.05309       1.45216
  P:       -0.20049      -4.35862       2.92950
  V:       -0.00001      -0.00015       0.00010
  J:     -178.66995      46.60112     434.60428
  w:       -0.00284       0.00068       0.00521
Inertia tensor (3x3):
   Inertia tensor[    0]={ 4.16263e+04,  1.10579e+03,  2.44188e+02}
   Inertia tensor[    1]={ 1.10579e+03,  4.16633e+04, -2.82406e+02}
   Inertia tensor[    2]={ 2.44188e+02, -2.82406e+02,  2.05198e+04}
   Energies (kJ/mol)
          Angle    Proper Dih.  Improper Dih.          LJ-14     Coulomb-14
    5.33643e+02    4.51432e+02    2.83603e+01    1.89123e+02   -3.79942e+03
        LJ (SR)   Coulomb (SR)      Potential    Kinetic En.   Total Energy
    8.56353e+03   -9.48139e+04   -8.88472e+04    1.25982e+04   -7.62491e+04
  Conserved En.    Temperature Pressure (bar)   Constr. rmsd
   -4.36819e+04    3.16527e+02   -3.01475e+03    1.89724e-04

           Step           Time
           3050       12.20000

   Energies (kJ/mol)
          Angle    Proper Dih.  Improper Dih.          LJ-14     Coulomb-14
    5.09007e+02    4.55424e+02    3.08183e+01    1.87236e+02   -3.81045e+03
        LJ (SR)   Coulomb (SR)      Potential    Kinetic En.   Total Energy
    8.34604e+03   -9.49632e+04   -8.92452e+04    1.25007e+04   -7.67445e+04
  Conserved En.    Temperature Pressure (bar)   Constr. rmsd
   -4.27253e+04    3.14077e+02   -4.82430e+03    1.88799e-04

           Step           Time
           3100       12.40000

Group rest with mass  2.93300e+04, Ekrot  5.09809e+00 Det(I) =  3.57701e+13
  COM:      2.07955       2.05272       1.46048
  P:        2.13435      -0.35124       3.62904
  V:        0.00007      -0.00001       0.00012
  J:     -270.15598    -745.27100      20.60683
  w:       -0.00448      -0.01205       0.00026
Inertia tensor (3x3):
   Inertia tensor[    0]={ 4.16007e+04,  7.78641e+02,  4.23211e+02}
   Inertia tensor[    1]={ 7.78641e+02,  4.18996e+04, -2.73641e+02}
   Inertia tensor[    2]={ 4.23211e+02, -2.73641e+02,  2.05349e+04}
   Energies (kJ/mol)
          Angle    Proper Dih.  Improper Dih.          LJ-14     Coulomb-14
    4.91759e+02    4.54782e+02    2.82070e+01    2.02056e+02   -3.80369e+03
        LJ (SR)   Coulomb (SR)      Potential    Kinetic En.   Total Energy
    8.58853e+03   -9.48713e+04   -8.89097e+04    1.21864e+04   -7.67233e+04
  Conserved En.    Temperature Pressure (bar)   Constr. rmsd
   -4.19237e+04    3.06180e+02   -2.29579e+03    2.05874e-04

           Step           Time
           3150       12.60000

   Energies (kJ/mol)
          Angle    Proper Dih.  Improper Dih.          LJ-14     Coulomb-14
    4.75825e+02    4.81257e+02    4.00552e+01    1.91115e+02   -3.80982e+03
        LJ (SR)   Coulomb (SR)      Potential    Kinetic En.   Total Energy
    8.52509e+03   -9.50932e+04   -8.91897e+04    1.26855e+04   -7.65041e+04
  Conserved En.    Temperature Pressure (bar)   Constr. rmsd
   -4.10804e+04    3.18721e+02   -1.80228e+03    1.97367e-04

           Step           Time
           3200       12.80000

Group rest with mass  2.93300e+04, Ekrot  2.82791e+00 Det(I) =  3.55744e+13
  COM:      2.05719       2.04994       1.46478
  P:        3.72026      -2.82613      -1.94917
  V:        0.00013      -0.00010      -0.00007
  J:     -149.32082    -571.01617      48.00286
  w:       -0.00246      -0.00921       0.00059
Inertia tensor (3x3):
   Inertia tensor[    0]={ 4.15729e+04,  3.87656e+02,  1.47430e+02}
   Inertia tensor[    1]={ 3.87656e+02,  4.17017e+04, -1.87820e+02}
   Inertia tensor[    2]={ 1.47430e+02, -1.87820e+02,  2.05230e+04}
   Energies (kJ/mol)
          Angle    Proper Dih.  Improper Dih.          LJ-14     Coulomb-14
    4.96076e+02    4.65951e+02    2.76817e+01    1.90893e+02   -3.78374e+03
        LJ (SR)   Coulomb (SR)      Potential    Kinetic En.   Total Energy
    8.39795e+03   -9.49630e+04   -8.91682e+04    1.21478e+04   -7.70204e+04
  Conserved En.    Temperature Pressure (bar)   Constr. rmsd
   -4.02078e+04    3.05211e+02   -2.98643e+03    2.00780e-04

           Step           Time
           3250       13.00000

   Energies (kJ/mol)
          Angle    Proper Dih.  Improper Dih.          LJ-14     Coulomb-14
    5.52432e+02    4.38321e+02    3.70713e+01    1.82841e+02   -3.80519e+03
        LJ (SR)   Coulomb (SR)      Potential    Kinetic En.   Total Energy
    8.01219e+03   -9.45370e+04   -8.91194e+04    1.23925e+04   -7.67269e+04
  Conserved En.    Temperature Pressure (bar)   Constr. rmsd
   -3.94606e+04    3.11359e+02   -7.28943e+02    1.77265e-04

           Step           Time
           3300       13.20000

Group rest with mass  2.93300e+04, Ekrot  5.07177e+00 Det(I) =  3.59403e+13
  COM:      2.06261       2.06316       1.46588
  P:        0.27090       1.55186      -0.42125
  V:        0.00001       0.00005      -0.00001
  J:     -791.67120      90.83922     -17.92467
  w:       -0.01266       0.00128      -0.00028
Inertia tensor (3x3):
   Inertia tensor[    0]={ 4.17356e+04,  8.81852e+02,  4.46531e+02}
   Inertia tensor[    1]={ 8.81852e+02,  4.18791e+04, -3.81094e+01}
   Inertia tensor[    2]={ 4.46531e+02, -3.81094e+01,  2.05765e+04}
   Energies (kJ/mol)
          Angle    Proper Dih.  Improper Dih.          LJ-14     Coulomb-14
    5.68669e+02    4.66095e+02    3.26376e+01    1.95898e+02   -3.88198e+03
        LJ (SR)   Coulomb (SR)      Potential    Kinetic En.   Total Energy
    8.03141e+03   -9.44363e+04   -8.90235e+04    1.22882e+04   -7.67354e+04
  Conserved En.    Temperature Pressure (bar)   Constr. rmsd
   -3.86560e+04    3.08738e+02   -1.16432e+03    1.49443e-04

           Step           Time
           3350       13.40000

   Energies (kJ/mol)
          Angle    Proper Dih.  Improper Dih.          LJ-14     Coulomb-14
    5.32403e+02    4.56552e+02    5.28309e+01    1.83298e+02   -3.88008e+03
        LJ (SR)   Coulomb (SR)      Potential    Kinetic En.   Total Energy
    8.39173e+03   -9.48612e+04   -8.91245e+04    1.21482e+04   -7.69763e+04
  Conserved En.    Temperature Pressure (bar)   Constr. rmsd
   -3.78599e+04    3.05220e+02   -7.65650e+02    1.58948e-04

           Step           Time
           3400       13.60000

Group rest with mass  2.93300e+04, Ekrot  1.78616e+00 Det(I) =  3.56890e+13
  COM:      2.06966       2.05876       1.45371
  P:       -0.87752      -0.04884       0.49054
  V:       -0.00003      -0.00000       0.00002
  J:     -347.69211    -239.89200    -236.32642
  w:       -0.00563      -0.00392      -0.00284
Inertia tensor (3x3):
   Inertia tensor[    0]={ 4.15571e+04,  7.77828e+02,  2.06773e+02}
   Inertia tensor[    1]={ 7.77828e+02,  4.17883e+04, -1.67797e+02}
   Inertia tensor[    2]={ 2.06773e+02, -1.67797e+02,  2.05600e+04}
   Energies (kJ/mol)
          Angle    Proper Dih.  Improper Dih.          LJ-14     Coulomb-14
    5.34047e+02    4.54167e+02    2.36342e+01    1.85949e+02   -3.78701e+03
        LJ (SR)   Coulomb (SR)      Potential    Kinetic En.   Total Energy
    8.37220e+03   -9.46995e+04   -8.89165e+04    1.22269e+04   -7.66896e+04
  Conserved En.    Temperature Pressure (bar)   Constr. rmsd
   -3.70270e+04    3.07198e+02   -2.35578e+03    2.01684e-04

           Step           Time
           3450       13.80000

   Energies (kJ/mol)
          Angle    Proper Dih.  Improper Dih.          LJ-14     Coulomb-14
    5.11126e+02    4.69141e+02    2.14054e+01    1.91671e+02   -3.78156e+03
        LJ (SR)   Coulomb (SR)      Potential    Kinetic En.   Total Energy
    8.64966e+03   -9.51027e+04   -8.90412e+04    1.21879e+04   -7.68533e+04
  Conserved En.    Temperature Pressure (bar)   Constr. rmsd
   -3.62047e+04    3.06219e+02   -2.18084e+02    2.11338e-04

           Step           Time
           3500       14.00000

Group rest with mass  2.93300e+04, Ekrot  2.53507e+00 Det(I) =  3.59293e+13
  COM:      2.07158       2.05793       1.46013
  P:       -4.99976       1.99930       2.09436
  V:       -0.00017       0.00007       0.00007
  J:     -440.04492     349.14584      90.72413
  w:       -0.00694       0.00551       0.00105
Inertia tensor (3x3):
   Inertia tensor[    0]={ 4.15995e+04,  9.86953e+02,  2.99531e+02}
   Inertia tensor[    1]={ 9.86953e+02,  4.20590e+04, -1.23164e+02}
   Inertia tensor[    2]={ 2.99531e+02, -1.23164e+02,  2.05493e+04}
   Energies (kJ/mol)
          Angle    Proper Dih.  Improper Dih.          LJ-14     Coulomb-14
    4.81850e+02    4.59895e+02    3.88475e+01    1.83908e+02   -3.79497e+03
        LJ (SR)   Coulomb (SR)      Potential    Kinetic En.   Total Energy
    8.33500e+03   -9.48367e+04   -8.91322e+04    1.24133e+04   -7.67189e+04
  Conserved En.    Temperature Pressure (bar)   Constr. rmsd
   -3.53044e+04    3.11881e+02   -2.35644e+03    1.91312e-04

           Step           Time
           3550       14.20000

   Energies (kJ/mol)
          Angle    Proper Dih.  Improper Dih.          LJ-14     Coulomb-14
    4.89410e+02    4.40224e+02    2.30508e+01    1.77550e+02   -3.84425e+03
        LJ (SR)   Coulomb (SR)      Potential    Kinetic En.   Total Energy
    8.55092e+03   -9.51653e+04   -8.93284e+04    1.22768e+04   -7.70516e+04
  Conserved En.    Temperature Pressure (bar)   Constr. rmsd
   -3.45126e+04    3.08451e+02   -3.40057e+03    2.05598e-04

           Step           Time
           3600       14.40000

Group rest with mass  2.93300e+04, Ekrot  1.00167e+00 Det(I) =  3.55734e+13
  COM:      2.06266       2.06262       1.45675
  P:       -2.87654       1.67721       3.30434
  V:       -0.00010       0.00006       0.00011
  J:      164.03909    -284.88681     154.08215
  w:        0.00256      -0.00455       0.00186
Inertia tensor (3x3):
   Inertia tensor[    0]={ 4.15360e+04,  1.10526e+03,  2.82719e+02}
   Inertia tensor[    1]={ 1.10526e+03,  4.17831e+04, -1.16867e+02}
   Inertia tensor[    2]={ 2.82719e+02, -1.16867e+02,  2.05142e+04}
   Energies (kJ/mol)
          Angle    Proper Dih.  Improper Dih.          LJ-14     Coulomb-14
    4.69305e+02    4.97201e+02    4.34906e+01    1.98011e+02   -3.79293e+03
        LJ (SR)   Coulomb (SR)      Potential    Kinetic En.   Total Energy
    8.42096e+03   -9.50215e+04   -8.91855e+04    1.25271e+04   -7.66584e+04
  Conserved En.    Temperature Pressure (bar)   Constr. rmsd
   -3.38211e+04    3.14740e+02   -2.38331e+03    1.86791e-04

           Step           Time
           3650       14.60000

   Energies (kJ/mol)
          Angle    Proper Dih.  Improper Dih.          LJ-14     Coulomb-14
    5.37384e+02    4.67483e+02    3.48227e+01    1.74510e+02   -3.80034e+03
        LJ (SR)   Coulomb (SR)      Potential    Kinetic En.   Total Energy
    8.43841e+03   -9.51633e+04   -8.93110e+04    1.23749e+04   -7.69362e+04
  Conserved En.    Temperature Pressure (bar)   Constr. rmsd
   -3.29591e+04    3.10916e+02   -3.05823e+03    2.25945e-04

           Step           Time
           3700       14.80000

Group rest with mass  2.93300e+04, Ekrot  5.31103e+00 Det(I) =  3.58286e+13
  COM:      2.06648       2.05174       1.46272
  P:       -0.62532      -5.69493      -0.76080
  V:       -0.00002      -0.00019      -0.00003
  J:      691.36047      76.74326     484.45914
  w:        0.01113       0.00137       0.00583
Inertia tensor (3x3):
   Inertia tensor[    0]={ 4.17136e+04,  8.35633e+02,  2.63195e+02}
   Inertia tensor[    1]={ 8.35633e+02,  4.18347e+04, -1.71828e+02}
   Inertia tensor[    2]={ 2.63195e+02, -1.71828e+02,  2.05419e+04}
   Energies (kJ/mol)
          Angle    Proper Dih.  Improper Dih.          LJ-14     Coulomb-14
    5.35054e+02    4.50412e+02    3.41994e+01    1.78802e+02   -3.83488e+03
        LJ (SR)   Coulomb (SR)      Potential    Kinetic En.   Total Energy
    8.66356e+03   -9.52333e+04   -8.92062e+04    1.26777e+04   -7.65285e+04
  Conserved En.    Temperature Pressure (bar)   Constr. rmsd
   -3.21234e+04    3.18524e+02   -2.56081e+03    1.94999e-04

           Step           Time
           3750       15.00000

   Energies (kJ/mol)
          Angle    Proper Dih.  Improper Dih.          LJ-14     Coulomb-14
    5.57151e+02    4.48834e+02    2.98894e+01    1.73634e+02   -3.81614e+03
        LJ (SR)   Coulomb (SR)      Potential    Kinetic En.   Total Energy
    8.44552e+03   -9.50870e+04   -8.92481e+04    1.25600e+04   -7.66880e+04
  Conserved En.    Temperature Pressure (bar)   Constr. rmsd
   -3.12166e+04    3.15568e+02   -2.86184e+03    1.94957e-04

           Step           Time
           3800       15.20000

Group rest with mass  2.93300e+04, Ekrot  6.80632e+00 Det(I) =  3.59265e+13
  COM:      2.06810       2.05974       1.46578
  P:       -0.26994       8.29175      -4.63078
  V:       -0.00001       0.00028      -0.00016
  J:      175.34544    -864.99860    -322.98682
  w:        0.00250      -0.01382      -0.00379
Inertia tensor (3x3):
   Inertia tensor[    0]={ 4.17559e+04,  1.31624e+03,  2.44758e+02}
   Inertia tensor[    1]={ 1.31624e+03,  4.20139e+04, -3.82727e+02}
   Inertia tensor[    2]={ 2.44758e+02, -3.82727e+02,  2.05041e+04}
   Energies (kJ/mol)
          Angle    Proper Dih.  Improper Dih.          LJ-14     Coulomb-14
    4.75842e+02    4.48072e+02    3.27390e+01    1.77265e+02   -3.78506e+03
        LJ (SR)   Coulomb (SR)      Potential    Kinetic En.   Total Energy
    8.33875e+03   -9.47756e+04   -8.90879e+04    1.23410e+04   -7.67470e+04
  Conserved En.    Temperature Pressure (bar)   Constr. rmsd
   -3.04145e+04    3.10064e+02   -3.95478e+03    1.85623e-04

           Step           Time
           3850       15.40000

   Energies (kJ/mol)
          Angle    Proper Dih.  Improper Dih.          LJ-14     Coulomb-14
    4.26198e+02    4.50774e+02    2.15743e+01    1.89874e+02   -3.80062e+03
        LJ (SR)   Coulomb (SR)      Potential    Kinetic En.   Total Energy
    8.37770e+03   -9.51391e+04   -8.94736e+04    1.21410e+04   -7.73326e+04
  Conserved En.    Temperature Pressure (bar)   Constr. rmsd
   -2.95985e+04    3.05039e+02   -3.72877e+03    1.86479e-04

           Step           Time
           3900       15.60000

Group rest with mass  2.93300e+04, Ekrot  3.98753e+00 Det(I) =  3.58638e+13
  COM:      2.07579       2.05352       1.46610
  P:       -2.46830      14.25035      -4.63358
  V:       -0.00008       0.00049      -0.00016
  J:      537.30896     418.84604     185.49310
  w:        0.00873       0.00686       0.00221
Inertia tensor (3x3):
   Inertia tensor[    0]={ 4.18186e+04,  1.02405e+03,  1.66305e+02}
   Inertia tensor[    1]={ 1.02405e+03,  4.19046e+04, -2.22203e+02}
   Inertia tensor[    2]={ 1.66305e+02, -2.22203e+02,  2.04798e+04}
   Energies (kJ/mol)
          Angle    Proper Dih.  Improper Dih.          LJ-14     Coulomb-14
    5.16907e+02    4.61403e+02    2.45734e+01    1.87933e+02   -3.81404e+03
        LJ (SR)   Coulomb (SR)      Potential    Kinetic En.   Total Energy
    8.04947e+03   -9.48205e+04   -8.93942e+04    1.24752e+04   -7.69190e+04
  Conserved En.    Temperature Pressure (bar)   Constr. rmsd
   -2.88414e+04    3.13436e+02   -4.54628e+03    1.99936e-04

           Step           Time
           3950       15.80000

   Energies (kJ/mol)
          Angle    Proper Dih.  Improper Dih.          LJ-14     Coulomb-14
    5.00713e+02    4.59068e+02    4.08061e+01    1.89771e+02   -3.86542e+03
        LJ (SR)   Coulomb (SR)      Potential    Kinetic En.   Total Energy
    8.44580e+03   -9.50795e+04   -8.93088e+04    1.21948e+04   -7.71139e+04
  Conserved En.    Temperature Pressure (bar)   Constr. rmsd
   -2.80107e+04    3.06392e+02   -3.14500e+03    1.48258e-04

           Step           Time
           4000       16.00000

Group rest with mass  2.93300e+04, Ekrot  1.33886e+00 Det(I) =  3.55875e+13
  COM:      2.07076       2.05001       1.45785
  P:        0.32723      -4.31677       8.15297
  V:        0.00001      -0.00015       0.00028
  J:      406.22388     -45.67286     -16.99437
  w:        0.00652      -0.00059      -0.00021
Inertia tensor (3x3):
   Inertia tensor[    0]={ 4.16842e+04,  1.39309e+03, -8.28594e+01}
   Inertia tensor[    1]={ 1.39309e+03,  4.17254e+04, -2.37164e+02}
   Inertia tensor[    2]={-8.28594e+01, -2.37164e+02,  2.04853e+04}
   Energies (kJ/mol)
          Angle    Proper Dih.  Improper Dih.          LJ-14     Coulomb-14
    4.60601e+02    4.62852e+02    2.81503e+01    1.97556e+02   -3.77611e+03
        LJ (SR)   Coulomb (SR)      Potential    Kinetic En.   Total Energy
    8.27141e+03   -9.50983e+04   -8.94539e+04    1.24807e+04   -7.69732e+04
  Conserved En.    Temperature Pressure (bar)   Constr. rmsd
   -2.72702e+04    3.13575e+02   -4.71701e+03    1.88801e-04

           Step           Time
           4050       16.20000

   Energies (kJ/mol)
          Angle    Proper Dih.  Improper Dih.          LJ-14     Coulomb-14
    5.66881e+02    4.78942e+02    3.54349e+01    1.90225e+02   -3.83133e+03
        LJ (SR)   Coulomb (SR)      Potential    Kinetic En.   Total Energy
    8.47295e+03   -9.50155e+04   -8.91024e+04    1.24642e+04   -7.66382e+04
  Conserved En.    Temperature Pressure (bar)   Constr. rmsd
   -2.63727e+04    3.13160e+02   -3.95467e+03    2.01469e-04

           Step           Time
           4100       16.40000

Group rest with mass  2.93300e+04, Ekrot  3.16785e+00 Det(I) =  3.58435e+13
  COM:      2.07549       2.05787       1.46090
  P:        1.86201       2.08954      -6.18892
  V:        0.00006       0.00007      -0.00021
  J:      190.95003     594.94672      42.39768
  w:        0.00315       0.00960       0.00051
Inertia tensor (3x3):
   Inertia tensor[    0]={ 4.16179e+04,  5.92172e+02,  1.23258e+02}
   Inertia tensor[    1]={ 5.92172e+02,  4.19631e+04, -4.99141e+01}
   Inertia tensor[    2]={ 1.23258e+02, -4.99141e+01,  2.05286e+04}
   Energies (kJ/mol)
          Angle    Proper Dih.  Improper Dih.          LJ-14     Coulomb-14
    4.99556e+02    4.49115e+02    2.74799e+01    2.02166e+02   -3.84814e+03
        LJ (SR)   Coulomb (SR)      Potential    Kinetic En.   Total Energy
    8.24655e+03   -9.50844e+04   -8.95077e+04    1.25554e+04   -7.69522e+04
  Conserved En.    Temperature Pressure (bar)   Constr. rmsd
   -2.56535e+04    3.15453e+02   -4.20268e+03    1.53742e-04

           Step           Time
           4150       16.60000

   Energies (kJ/mol)
          Angle    Proper Dih.  Improper Dih.          LJ-14     Coulomb-14
    4.40947e+02    4.81914e+02    2.69520e+01    1.86909e+02   -3.80914e+03
        LJ (SR)   Coulomb (SR)      Potential    Kinetic En.   Total Energy
    8.44835e+03   -9.52514e+04   -8.94755e+04    1.21454e+04   -7.73301e+04
  Conserved En.    Temperature Pressure (bar)   Constr. rmsd
   -2.48962e+04    3.05151e+02   -4.38995e+03    1.90622e-04

           Step           Time
           4200       16.80000

Group rest with mass  2.93300e+04, Ekrot  6.58244e+00 Det(I) =  3.56374e+13
  COM:      2.07265       2.06115       1.46315
  P:       -2.57565       1.54854       5.55483
  V:       -0.00009       0.00005       0.00019
  J:     -752.56171     470.61108    -216.71266
  w:       -0.01205       0.00749      -0.00265
Inertia tensor (3x3):
   Inertia tensor[    0]={ 4.17228e+04,  4.85859e+02,  9.04531e+01}
   Inertia tensor[    1]={ 4.85859e+02,  4.16812e+04, -4.27445e+02}
   Inertia tensor[    2]={ 9.04531e+01, -4.27445e+02,  2.04997e+04}
   Energies (kJ/mol)
          Angle    Proper Dih.  Improper Dih.          LJ-14     Coulomb-14
    4.82909e+02    4.87743e+02    4.12205e+01    1.80199e+02   -3.81275e+03
        LJ (SR)   Coulomb (SR)      Potential    Kinetic En.   Total Energy
    8.51859e+03   -9.51853e+04   -8.92874e+04    1.22895e+04   -7.69979e+04
  Conserved En.    Temperature Pressure (bar)   Constr. rmsd
   -2.39825e+04    3.08771e+02   -3.69050e+03    1.79170e-04

           Step           Time
           4250       17.00000

   Energies (kJ/mol)
          Angle    Proper Dih.  Improper Dih.          LJ-14     Coulomb-14
    4.85333e+02    4.42726e+02    3.96328e+01    1.87591e+02   -3.82417e+03
        LJ (SR)   Coulomb (SR)      Potential    Kinetic En.   Total Energy
    8.65795e+03   -9.56371e+04   -8.96481e+04    1.24488e+04   -7.71992e+04
  Conserved En.    Temperature Pressure (bar)   Constr. rmsd
   -2.32220e+04    3.12775e+02   -2.50851e+03    1.78126e-04

           Step           Time
           4300       17.20000

Group rest with mass  2.93300e+04, Ekrot  4.42948e+00 Det(I) =  3.55087e+13
  COM:      2.07462       2.06228       1.47175
  P:       -0.27297       2.57416      -0.60326
  V:       -0.00001       0.00009      -0.00002
  J:     -575.67688     446.06311    -182.87994
  w:       -0.00920       0.00707      -0.00225
Inertia tensor (3x3):
   Inertia tensor[    0]={ 4.17158e+04,  7.84539e+02,  2.94430e+02}
   Inertia tensor[    1]={ 7.84539e+02,  4.15836e+04, -3.11148e+02}
   Inertia tensor[    2]={ 2.94430e+02, -3.11148e+02,  2.04815e+04}
   Energies (kJ/mol)
          Angle    Proper Dih.  Improper Dih.          LJ-14     Coulomb-14
    4.92561e+02    4.57596e+02    3.57345e+01    1.79814e+02   -3.81119e+03
        LJ (SR)   Coulomb (SR)      Potential    Kinetic En.   Total Energy
    8.65059e+03   -9.56410e+04   -8.96359e+04    1.25662e+04   -7.70696e+04
  Conserved En.    Temperature Pressure (bar)   Constr. rmsd
   -2.24063e+04    3.15724e+02   -4.17692e+03    2.18973e-04

           Step           Time
           4350       17.40000

   Energies (kJ/mol)
          Angle    Proper Dih.  Improper Dih.          LJ-14     Coulomb-14
    5.34983e+02    4.55646e+02    2.01709e+01    1.88777e+02   -3.82226e+03
        LJ (SR)   Coulomb (SR)      Potential    Kinetic En.   Total Energy
    8.57770e+03   -9.54513e+04   -8.94962e+04    1.25154e+04   -7.69808e+04
  Conserved En.    Temperature Pressure (bar)   Constr. rmsd
   -2.15993e+04    3.14447e+02   -4.10170e+03    1.80745e-04

           Step           Time
           4400       17.60000

Group rest with mass  2.93300e+04, Ekrot  1.50351e+00 Det(I) =  3.55740e+13
  COM:      2.07043       2.07240       1.45997
  P:       -7.97815       6.71552      -0.34077
  V:       -0.00027       0.00023      -0.00001
  J:     -105.38869    -156.32941    -450.39917
  w:       -0.00175      -0.00250      -0.00540
Inertia tensor (3x3):
   Inertia tensor[    0]={ 4.17530e+04,  5.10555e+02,  3.67758e+02}
   Inertia tensor[    1]={ 5.10555e+02,  4.16189e+04, -3.31617e+02}
   Inertia tensor[    2]={ 3.67758e+02, -3.31617e+02,  2.04807e+04}
   Energies (kJ/mol)
          Angle    Proper Dih.  Improper Dih.          LJ-14     Coulomb-14
    4.73882e+02    4.43675e+02    2.81132e+01    1.78995e+02   -3.84862e+03
        LJ (SR)   Coulomb (SR)      Potential    Kinetic En.   Total Energy
    8.29470e+03   -9.54485e+04   -8.98778e+04    1.24515e+04   -7.74263e+04
  Conserved En.    Temperature Pressure (bar)   Constr. rmsd
   -2.09270e+04    3.12841e+02   -4.63599e+03    1.93854e-04

           Step           Time
           4450       17.80000

   Energies (kJ/mol)
          Angle    Proper Dih.  Improper Dih.          LJ-14     Coulomb-14
    5.22867e+02    4.70487e+02    2.42216e+01    1.72195e+02   -3.81316e+03
        LJ (SR)   Coulomb (SR)      Potential    Kinetic En.   Total Energy
    8.48322e+03   -9.54946e+04   -8.96347e+04    1.23473e+04   -7.72875e+04
  Conserved En.    Temperature Pressure (bar)   Constr. rmsd
   -2.00528e+04    3.10222e+02   -1.12506e+03    2.22836e-04

           Step           Time
           4500       18.00000

Group rest with mass  2.93300e+04, Ekrot  2.73119e+00 Det(I) =  3.58833e+13
  COM:      2.07377       2.06936       1.46624
  P:        4.30945      -3.14230      -4.35348
  V:        0.00015      -0.00011      -0.00015
  J:     -281.92639    -280.88620    -493.94104
  w:       -0.00457      -0.00452      -0.00588
Inertia tensor (3x3):
   Inertia tensor[    0]={ 4.18609e+04,  6.48227e+02,  7.40859e+01}
   Inertia tensor[    1]={ 6.48227e+02,  4.19028e+04, -3.97781e+02}
   Inertia tensor[    2]={ 7.40859e+01, -3.97781e+02,  2.04659e+04}
   Energies (kJ/mol)
          Angle    Proper Dih.  Improper Dih.          LJ-14     Coulomb-14
    5.02882e+02    4.61297e+02    3.26616e+01    1.88420e+02   -3.87326e+03
        LJ (SR)   Coulomb (SR)      Potential    Kinetic En.   Total Energy
    8.40824e+03   -9.54020e+04   -8.96817e+04    1.24409e+04   -7.72408e+04
  Conserved En.    Temperature Pressure (bar)   Constr. rmsd
   -1.92255e+04    3.12576e+02   -4.89156e+03    1.86770e-04

           Step           Time
           4550       18.20000

   Energies (kJ/mol)
          Angle    Proper Dih.  Improper Dih.          LJ-14     Coulomb-14
    5.26381e+02    4.73999e+02    3.96043e+01    1.89771e+02   -3.78685e+03
        LJ (SR)   Coulomb (SR)      Potential    Kinetic En.   Total Energy
    8.48742e+03   -9.55650e+04   -8.96346e+04    1.22915e+04   -7.73431e+04
  Conserved En.    Temperature Pressure (bar)   Constr. rmsd
   -1.83326e+04    3.08821e+02   -3.55674e+03    2.06812e-04

           Step           Time
           4600       18.40000

Group rest with mass  2.93300e+04, Ekrot  5.49202e+00 Det(I) =  3.59964e+13
  COM:      2.07690       2.07414       1.46699
  P:       -5.06470       3.54160      -1.45233
  V:       -0.00017       0.00012      -0.00005
  J:      596.00037     422.32333    -446.21579
  w:        0.00959       0.00690      -0.00527
Inertia tensor (3x3):
   Inertia tensor[    0]={ 4.18464e+04,  8.11141e+02,  4.51992e+02}
   Inertia tensor[    1]={ 8.11141e+02,  4.20016e+04, -5.63828e+01}
   Inertia tensor[    2]={ 4.51992e+02, -5.63828e+01,  2.04929e+04}
   Energies (kJ/mol)
          Angle    Proper Dih.  Improper Dih.          LJ-14     Coulomb-14
    5.22349e+02    4.65144e+02    3.82085e+01    1.95888e+02   -3.79602e+03
        LJ (SR)   Coulomb (SR)      Potential    Kinetic En.   Total Energy
    8.46817e+03   -9.55672e+04   -8.96735e+04    1.22719e+04   -7.74016e+04
  Conserved En.    Temperature Pressure (bar)   Constr. rmsd
   -1.75425e+04    3.08329e+02   -4.55616e+03    2.01644e-04

           Step           Time
           4650       18.60000

   Energies (kJ/mol)
          Angle    Proper Dih.  Improper Dih.          LJ-14     Coulomb-14
    5.25094e+02    4.61854e+02    3.01656e+01    1.83956e+02   -3.80861e+03
        LJ (SR)   Coulomb (SR)      Potential    Kinetic En.   Total Energy
    8.69395e+03   -9.59443e+04   -8.98579e+04    1.25220e+04   -7.73359e+04
  Conserved En.    Temperature Pressure (bar)   Constr. rmsd
   -1.67358e+04    3.14611e+02   -4.66058e+03    1.77030e-04

           Step           Time
           4700       18.80000

Group rest with mass  2.93300e+04, Ekrot  1.76138e+00 Det(I) =  3.58543e+13
  COM:      2.07333       2.06842       1.46151
  P:       -2.91621       6.34800      -2.62149
  V:       -0.00010       0.00022      -0.00009
  J:     -168.38385     -59.68795     501.67609
  w:       -0.00271      -0.00098       0.00600
Inertia tensor (3x3):
   Inertia tensor[    0]={ 4.18195e+04,  2.90664e+02,  8.48438e+00}
   Inertia tensor[    1]={ 2.90664e+02,  4.18399e+04, -9.38672e+01}
   Inertia tensor[    2]={ 8.48438e+00, -9.38672e+01,  2.04926e+04}
   Energies (kJ/mol)
          Angle    Proper Dih.  Improper Dih.          LJ-14     Coulomb-14
    4.99301e+02    4.52368e+02    2.74144e+01    1.88104e+02   -3.76367e+03
        LJ (SR)   Coulomb (SR)      Potential    Kinetic En.   Total Energy
    8.48845e+03   -9.57460e+04   -8.98541e+04    1.26570e+04   -7.71971e+04
  Conserved En.    Temperature Pressure (bar)   Constr. rmsd
   -1.57898e+04    3.18004e+02   -3.58715e+03    2.33765e-04

           Step           Time
           4750       19.00000

   Energies (kJ/mol)
          Angle    Proper Dih.  Improper Dih.          LJ-14     Coulomb-14
    5.49207e+02    4.65259e+02    3.67085e+01    1.81497e+02   -3.79409e+03
        LJ (SR)   Coulomb (SR)      Potential    Kinetic En.   Total Energy
    8.23299e+03   -9.51254e+04   -8.94538e+04    1.25951e+04   -7.68588e+04
  Conserved En.    Temperature Pressure (bar)   Constr. rmsd
   -1.49473e+04    3.16449e+02   -5.39414e+03    2.58797e-04

           Step           Time
           4800       19.20000

Group rest with mass  2.93300e+04, Ekrot  6.41650e+00 Det(I) =  3.57245e+13
  COM:      2.06783       2.07142       1.47303
  P:        4.84054      -4.59483       0.14693
  V:        0.00017      -0.00016       0.00001
  J:     -824.44208     175.99162    -354.95358
  w:       -0.01317       0.00268      -0.00424
Inertia tensor (3x3):
   Inertia tensor[    0]={ 4.15835e+04,  7.57188e+02, -5.81562e+01}
   Inertia tensor[    1]={ 7.57188e+02,  4.19549e+04, -5.95234e+01}
   Inertia tensor[    2]={-5.81562e+01, -5.95234e+01,  2.04837e+04}
   Energies (kJ/mol)
          Angle    Proper Dih.  Improper Dih.          LJ-14     Coulomb-14
    5.02009e+02    4.88414e+02    2.63773e+01    1.77842e+02   -3.76570e+03
        LJ (SR)   Coulomb (SR)      Potential    Kinetic En.   Total Energy
    8.51255e+03   -9.53654e+04   -8.94239e+04    1.24971e+04   -7.69268e+04
  Conserved En.    Temperature Pressure (bar)   Constr. rmsd
   -1.41146e+04    3.13988e+02   -4.80662e+03    2.18486e-04

           Step           Time
           4850       19.40000

   Energies (kJ/mol)
          Angle    Proper Dih.  Improper Dih.          LJ-14     Coulomb-14
    5.07969e+02    4.53306e+02    4.05930e+01    1.74615e+02   -3.84524e+03
        LJ (SR)   Coulomb (SR)      Potential    Kinetic En.   Total Energy
    8.41235e+03   -9.55184e+04   -8.97748e+04    1.26188e+04   -7.71560e+04
  Conserved En.    Temperature Pressure (bar)   Constr. rmsd
   -1.33034e+04    3.17044e+02   -3.84759e+03    1.79077e-04

           Step           Time
           4900       19.60000

Group rest with mass  2.93300e+04, Ekrot  5.53827e+00 Det(I) =  3.56900e+13
  COM:      2.06944       2.07287       1.46124
  P:        6.91162       8.41446      -3.48969
  V:        0.00024       0.00029      -0.00012
  J:     -618.12708     558.47577     -13.23560
  w:       -0.00987       0.00890      -0.00019
Inertia tensor (3x3):
   Inertia tensor[    0]={ 4.17303e+04,  4.44344e+02,  1.76008e+02}
   Inertia tensor[    1]={ 4.44344e+02,  4.17244e+04, -1.16367e+02}
   Inertia tensor[    2]={ 1.76008e+02, -1.16367e+02,  2.05011e+04}
   Energies (kJ/mol)
          Angle    Proper Dih.  Improper Dih.          LJ-14     Coulomb-14
    4.74149e+02    4.74599e+02    3.22185e+01    1.77681e+02   -3.84886e+03
        LJ (SR)   Coulomb (SR)      Potential    Kinetic En.   Total Energy
    8.35317e+03   -9.55729e+04   -8.99099e+04    1.21567e+04   -7.77532e+04
  Conserved En.    Temperature Pressure (bar)   Constr. rmsd
   -1.25354e+04    3.05435e+02   -4.56207e+03    1.96452e-04

           Step           Time
           4950       19.80000

   Energies (kJ/mol)
          Angle    Proper Dih.  Improper Dih.          LJ-14     Coulomb-14
    5.27102e+02    4.99272e+02    4.48273e+01    1.92551e+02   -3.86438e+03
        LJ (SR)   Coulomb (SR)      Potential    Kinetic En.   Total Energy
    8.19649e+03   -9.53019e+04   -8.97061e+04    1.24054e+04   -7.73007e+04
  Conserved En.    Temperature Pressure (bar)   Constr. rmsd
   -1.17441e+04    3.11683e+02   -5.80861e+03    2.14607e-04

           Step           Time
           5000       20.00000

Writing checkpoint, step 5000 at Mon May  8 15:47:13 2023


Group rest with mass  2.93300e+04, Ekrot  1.89274e+01 Det(I) =  3.60872e+13
  COM:      2.06918       2.07414       1.46982
  P:        4.23817      -0.18211      -0.69292
  V:        0.00014      -0.00001      -0.00002
  J:     -468.41672   -1430.94006     322.02454
  w:       -0.00778      -0.02304       0.00384
Inertia tensor (3x3):
   Inertia tensor[    0]={ 4.18031e+04,  8.12578e+02,  1.86328e+02}
   Inertia tensor[    1]={ 8.12578e+02,  4.19783e+04, -4.94844e+01}
   Inertia tensor[    2]={ 1.86328e+02, -4.94844e+01,  2.05732e+04}
   Energies (kJ/mol)
          Angle    Proper Dih.  Improper Dih.          LJ-14     Coulomb-14
    5.02564e+02    4.75970e+02    4.44140e+01    1.97096e+02   -3.81172e+03
        LJ (SR)   Coulomb (SR)      Potential    Kinetic En.   Total Energy
    8.16774e+03   -9.51581e+04   -8.95820e+04    1.23385e+04   -7.72436e+04
  Conserved En.    Temperature Pressure (bar)   Constr. rmsd
   -1.08323e+04    3.10001e+02   -3.84298e+03    1.55637e-04


	<======  ###############  ==>
	<====  A V E R A G E S  ====>
	<==  ###############  ======>

	Statistics over 5001 steps using 1001 frames

   Energies (kJ/mol)
          Angle    Proper Dih.  Improper Dih.          LJ-14     Coulomb-14
    4.92680e+02    4.72731e+02    3.40038e+01    1.86239e+02   -3.80512e+03
        LJ (SR)   Coulomb (SR)      Potential    Kinetic En.   Total Energy
    8.38988e+03   -9.44072e+04   -8.86368e+04    1.23086e+04   -7.63281e+04
  Conserved En.    Temperature Pressure (bar)   Constr. rmsd
   -5.17275e+04    3.09252e+02   -3.17109e+03    0.00000e+00

   Total Virial (kJ/mol)
    9.18041e+03   -2.99041e+02    6.02534e+01
   -2.99046e+02    9.05493e+03    4.33424e+02
    6.02536e+01    4.33440e+02    8.51535e+03

   Pressure (bar)
   -3.34302e+03    2.00457e+02   -4.56879e+01
    2.00460e+02   -3.27609e+03   -2.78326e+02
   -4.56881e+01   -2.78336e+02   -2.89417e+03

        T-Water    T-non-Water
    3.09935e+02    2.97502e+02


	M E G A - F L O P S   A C C O U N T I N G

 NB=Group-cutoff nonbonded kernels    NxN=N-by-N cluster Verlet kernels
 RF=Reaction-Field  VdW=Van der Waals  QSTab=quadratic-spline table
 W3=SPC/TIP3p  W4=TIP4p (single or pairs)
 V&F=Potential and force  V=Potential only  F=Force only

 Computing:                               M-Number         M-Flops  % Flops
-----------------------------------------------------------------------------
 Pair Search distance check             844.398404        7599.586     1.4
 NxN RF Elec. + LJ [F]                 6223.690496      236500.239    42.8
 NxN RF Elec. + LJ [V&F]               1557.466520       84103.192    15.2
 NxN RF Electrostatics [F]             5479.921408      169877.564    30.8
 NxN RF Electrostatics [V&F]           1371.344312       49368.395     8.9
 1,4 nonbonded interactions               3.005601         270.504     0.0
 Shift-X                                  2.395281          14.372     0.0
 Angles                                   2.090418         351.190     0.1
 Propers                                  2.950590         675.685     0.1
 Impropers                                0.265053          55.131     0.0
 Virial                                   4.830826          86.955     0.0
 Stop-CM                                  0.248612           2.486     0.0
 Calc-Ekin                                9.571562         258.432     0.0
 Lincs                                    1.180708          70.842     0.0
 Lincs-Mat                               25.095048         100.380     0.0
 Constraint-V                            25.004998         200.040     0.0
 Constraint-Vir                           4.767763         114.426     0.0
 Settle                                   7.549527        2438.497     0.4
-----------------------------------------------------------------------------
 Total                                                  552087.917   100.0
-----------------------------------------------------------------------------


     R E A L   C Y C L E   A N D   T I M E   A C C O U N T I N G

On 1 MPI rank, each using 12 OpenMP threads

 Computing:          Num   Num      Call    Wall time         Giga-Cycles
                     Ranks Threads  Count      (s)         total sum    %
-----------------------------------------------------------------------------
 Neighbor search        1   12        501       5.818        153.576  10.9
 Force                  1   12       5001      34.294        905.273  64.4
 NB X/F buffer ops.     1   12       9501       2.744         72.445   5.2
 Write traj.            1   12       1001       1.676         44.239   3.1
 Update                 1   12       5001       1.568         41.384   2.9
 Constraints            1   12       5003       6.348        167.562  11.9
 Rest                                           0.834         22.019   1.6
-----------------------------------------------------------------------------
 Total                                         53.281       1406.498 100.0
-----------------------------------------------------------------------------

NOTE: 11 % of the run time was spent in pair search,
      you might want to increase nstlist (this has no effect on accuracy)

               Core t (s)   Wall t (s)        (%)
       Time:      639.373       53.281     1200.0
                 (ns/day)    (hour/ns)
Performance:       32.438        0.740
Finished mdrun on rank 0 Mon May  8 15:47:13 2023

